#
# A fatal error has been detected by the Java Runtime Environment:
#
#  EXCEPTION_ACCESS_VIOLATION (0xc0000005) at pc=0x00007ffbb32a7685, pid=9320, tid=0x0000000000004240
#
# JRE version: Java(TM) SE Runtime Environment (8.0_92-b14) (build 1.8.0_92-b14)
# Java VM: Java HotSpot(TM) 64-Bit Server VM (25.92-b14 mixed mode windows-amd64 compressed oops)
# Problematic frame:
# C  [cplex1260remotejni.dll+0x267685]
#
# Failed to write core dump. Minidumps are not enabled by default on client versions of Windows
#
# If you would like to submit a bug report, please visit:
#   http://bugreport.java.com/bugreport/crash.jsp
# The crash happened outside the Java Virtual Machine in native code.
# See problematic frame for where to report the bug.
#

---------------  T H R E A D  ---------------

Current thread (0x0000000026a7c000):  JavaThread "AWT-EventQueue-0" [_thread_in_native, id=16960, stack(0x0000000028470000,0x0000000028570000)]

siginfo: ExceptionCode=0xc0000005, reading address 0x000000033e2a6050

Registers:
RAX=0x0000000000000001, RBX=0x0000000000000002, RCX=0xffffffffffffffff, RDX=0x00000000000007b0
RSP=0x000000002856a290, RBP=0x000000005e7f8050, RSI=0x0000000060861130, RDI=0x0000000000000b6f
R8 =0xffffffffffffffff, R9 =0x00000000336b7050, R10=0x0000000039f8e050, R11=0x00000000000bc944
R12=0x000000000000ef5c, R13=0x0000000060863000, R14=0x00000000000a8869, R15=0x000000005abe7cd0
RIP=0x00007ffbb32a7685, EFLAGS=0x0000000000010206

Top of Stack: (sp=0x000000002856a290)
0x000000002856a290:   0000000000016cc1 000000002f1a000a
0x000000002856a2a0:   0000000000000001 00007ffbb333959f
0x000000002856a2b0:   0000000029550000 00007ffc18c29d93
0x000000002856a2c0:   0000000000007000 0000000000000000
0x000000002856a2d0:   0000000000000000 000000007d2b7500
0x000000002856a2e0:   0000000000001000 00007ffb00000004
0x000000002856a2f0:   0000000000000001 00000000336b7000
0x000000002856a300:   000000002f1a0b10 0000000000000001
0x000000002856a310:   00000000336b7040 000000002f1a0b10
0x000000002856a320:   6761206465697254 726f746167657267
0x000000002856a330:   00000000000007d0 0000000000000000
0x000000002856a340:   0000000000000000 0000000000000000
0x000000002856a350:   0000000000000000 000000002f092d80
0x000000002856a360:   3ff0000000000000 0000000000000000
0x000000002856a370:   0000000000000000 0000000000000000
0x000000002856a380:   000000071a0f1ab8 0000000000000000 

Instructions: (pc=0x00007ffbb32a7685)
0x00007ffbb32a7665:   88 00 00 00 8b 84 24 38 01 00 00 4c 8b 8c 24 b0
0x00007ffbb32a7675:   01 00 00 4c 63 2c 96 4d 85 ed 0f 8c 42 10 00 00
0x00007ffbb32a7685:   f2 43 0f 10 14 ea f2 0f 59 54 d5 00 f2 0f 58 c2
0x00007ffbb32a7695:   48 ff ca 48 85 d2 7f db 4c 8b ac 24 88 00 00 00 


Register to memory mapping:

RAX=0x0000000000000001 is an unknown value
RBX=0x0000000000000002 is an unknown value
RCX=0xffffffffffffffff is an unknown value
RDX=0x00000000000007b0 is an unknown value
RSP=0x000000002856a290 is pointing into the stack for thread: 0x0000000026a7c000
RBP=0x000000005e7f8050 is an unknown value
RSI=0x0000000060861130 is an unknown value
RDI=0x0000000000000b6f is an unknown value
R8 =0xffffffffffffffff is an unknown value
R9 =0x00000000336b7050 is an unknown value
R10=0x0000000039f8e050 is an unknown value
R11=0x00000000000bc944 is an unknown value
R12=0x000000000000ef5c is an unknown value
R13=0x0000000060863000 is an unknown value
R14=0x00000000000a8869 is an unknown value
R15=0x000000005abe7cd0 is an unknown value


Stack: [0x0000000028470000,0x0000000028570000],  sp=0x000000002856a290,  free space=1000k
Native frames: (J=compiled Java code, j=interpreted, Vv=VM code, C=native code)
C  [cplex1260remotejni.dll+0x267685]
C  [cplex1260remotejni.dll+0x263976]
C  [cplex1260remotejni.dll+0x26309c]
C  [cplex1260remotejni.dll+0x4026b]
C  [cplex1260remotejni.dll+0x2b2fc4]
C  [cplex1260remotejni.dll+0x11a3d1]
C  [cplex1260remotejni.dll+0x11901b]
C  [cplex1260remotejni.dll+0x2df602]
C  [cplex1260remotejni.dll+0x2e161f]
C  [cplex1260remotejni.dll+0x2e271e]
C  [cplex1260remotejni.dll+0x2df732]
C  [cplex1260remotejni.dll+0x11ae96]
C  [cplex1260remotejni.dll+0x2b254a]
C  [cplex1260remotejni.dll+0x322dd0]
C  [cplex1260remotejni.dll+0x3070e8]
C  [cplex1260remotejni.dll+0x6901f8]
C  0x0000000002327f54

Java frames: (J=compiled Java code, j=interpreted, Vv=VM code)
j  ilog.cplex.Cplex.CPXlpopt(JJ)I+0
j  ilog.cplex.CplexI$SolveHandle.start()V+808
j  ilog.cplex.CplexI.solve()V+12
j  ilog.cplex.IloCplex.solve()Z+4
J 1885% C1 spectrumYieldProject.Panel_SolveRun.SolveProblem(ILjava/io/File;)V (5474 bytes) @ 0x0000000002a0025c [0x00000000029c9900+0x3695c]
j  spectrumYieldProject.Panel_SolveRun.<init>()V+393
j  spectrumYieldProject.Panel_YieldProject.solve_Runs()V+429
j  spectrumYieldProject.Panel_YieldProject$7.actionPerformed(Ljava/awt/event/ActionEvent;)V+4
j  javax.swing.AbstractButton.fireActionPerformed(Ljava/awt/event/ActionEvent;)V+83
j  javax.swing.AbstractButton$Handler.actionPerformed(Ljava/awt/event/ActionEvent;)V+5
j  javax.swing.DefaultButtonModel.fireActionPerformed(Ljava/awt/event/ActionEvent;)V+34
j  javax.swing.DefaultButtonModel.setPressed(Z)V+117
j  javax.swing.plaf.basic.BasicButtonListener.mouseReleased(Ljava/awt/event/MouseEvent;)V+35
j  java.awt.Component.processMouseEvent(Ljava/awt/event/MouseEvent;)V+64
j  javax.swing.JComponent.processMouseEvent(Ljava/awt/event/MouseEvent;)V+23
j  java.awt.Component.processEvent(Ljava/awt/AWTEvent;)V+81
j  java.awt.Container.processEvent(Ljava/awt/AWTEvent;)V+18
J 1717 C1 java.awt.Component.dispatchEventImpl(Ljava/awt/AWTEvent;)V (883 bytes) @ 0x000000000286616c [0x0000000002860c40+0x552c]
J 1615 C1 java.awt.Container.dispatchEventImpl(Ljava/awt/AWTEvent;)V (129 bytes) @ 0x00000000027ee38c [0x00000000027ee240+0x14c]
J 1711 C1 java.awt.LightweightDispatcher.retargetMouseEvent(Ljava/awt/Component;ILjava/awt/event/MouseEvent;)V (350 bytes) @ 0x000000000285c1ec [0x0000000002859c80+0x256c]
J 1714 C1 java.awt.LightweightDispatcher.processMouseEvent(Ljava/awt/event/MouseEvent;)Z (286 bytes) @ 0x000000000285efa4 [0x000000000285d840+0x1764]
J 1728 C1 java.awt.LightweightDispatcher.dispatchEvent(Ljava/awt/AWTEvent;)Z (73 bytes) @ 0x000000000286e9fc [0x000000000286e5c0+0x43c]
J 1615 C1 java.awt.Container.dispatchEventImpl(Ljava/awt/AWTEvent;)V (129 bytes) @ 0x00000000027ee32c [0x00000000027ee240+0xec]
j  java.awt.Window.dispatchEventImpl(Ljava/awt/AWTEvent;)V+19
J 1651 C1 java.awt.EventQueue.dispatchEventImpl(Ljava/awt/AWTEvent;Ljava/lang/Object;)V (149 bytes) @ 0x00000000028083bc [0x0000000002806b40+0x187c]
J 1649 C1 java.awt.EventQueue$3.run()Ljava/lang/Void; (60 bytes) @ 0x000000000280979c [0x0000000002809580+0x21c]
J 1648 C1 java.awt.EventQueue$3.run()Ljava/lang/Object; (5 bytes) @ 0x00000000028018cc [0x0000000002801840+0x8c]
v  ~StubRoutines::call_stub
J 1255  java.security.AccessController.doPrivileged(Ljava/security/PrivilegedAction;Ljava/security/AccessControlContext;)Ljava/lang/Object; (0 bytes) @ 0x00000000027343a6 [0x0000000002734340+0x66]
J 1693 C1 java.awt.EventQueue$4.run()Ljava/lang/Object; (5 bytes) @ 0x0000000002846f34 [0x0000000002846b00+0x434]
v  ~StubRoutines::call_stub
J 1255  java.security.AccessController.doPrivileged(Ljava/security/PrivilegedAction;Ljava/security/AccessControlContext;)Ljava/lang/Object; (0 bytes) @ 0x00000000027343a6 [0x0000000002734340+0x66]
J 1585 C1 java.awt.EventQueue.dispatchEvent(Ljava/awt/AWTEvent;)V (80 bytes) @ 0x00000000027d98fc [0x00000000027d8a40+0xebc]
J 1589 C1 java.awt.EventDispatchThread.pumpOneEventForFilters(I)V (295 bytes) @ 0x00000000027de454 [0x00000000027dc780+0x1cd4]
j  java.awt.EventDispatchThread.pumpEventsForFilter(ILjava/awt/Conditional;Ljava/awt/EventFilter;)V+35
j  java.awt.EventDispatchThread.pumpEventsForHierarchy(ILjava/awt/Conditional;Ljava/awt/Component;)V+11
j  java.awt.EventDispatchThread.pumpEvents(ILjava/awt/Conditional;)V+4
j  java.awt.EventDispatchThread.pumpEvents(Ljava/awt/Conditional;)V+3
j  java.awt.EventDispatchThread.run()V+9
v  ~StubRoutines::call_stub

---------------  P R O C E S S  ---------------

Java Threads: ( => current thread )
  0x000000002a3e5000 JavaThread "Keep-Alive-SocketCleaner" daemon [_thread_blocked, id=18608, stack(0x000000002b460000,0x000000002b560000)]
  0x0000000028d87800 JavaThread "TimerQueue" daemon [_thread_blocked, id=16260, stack(0x000000002a290000,0x000000002a390000)]
  0x0000000028b2f000 JavaThread "Keep-Alive-Timer" daemon [_thread_blocked, id=18752, stack(0x0000000029e90000,0x0000000029f90000)]
  0x0000000002210800 JavaThread "DestroyJavaVM" [_thread_blocked, id=19392, stack(0x00000000020f0000,0x00000000021f0000)]
=>0x0000000026a7c000 JavaThread "AWT-EventQueue-0" [_thread_in_native, id=16960, stack(0x0000000028470000,0x0000000028570000)]
  0x0000000026a60000 JavaThread "AWT-Windows" daemon [_thread_in_native, id=20160, stack(0x0000000027180000,0x0000000027280000)]
  0x0000000026a5b000 JavaThread "AWT-Shutdown" [_thread_blocked, id=1256, stack(0x0000000027080000,0x0000000027180000)]
  0x0000000026a59800 JavaThread "Java2D Disposer" daemon [_thread_blocked, id=12212, stack(0x0000000026ef0000,0x0000000026ff0000)]
  0x0000000026715800 JavaThread "Service Thread" daemon [_thread_blocked, id=4732, stack(0x0000000026c10000,0x0000000026d10000)]
  0x0000000026710800 JavaThread "C1 CompilerThread2" daemon [_thread_blocked, id=6532, stack(0x0000000026b10000,0x0000000026c10000)]
  0x0000000024f39800 JavaThread "C2 CompilerThread1" daemon [_thread_blocked, id=19596, stack(0x0000000026610000,0x0000000026710000)]
  0x0000000024edd800 JavaThread "C2 CompilerThread0" daemon [_thread_blocked, id=13608, stack(0x0000000026510000,0x0000000026610000)]
  0x0000000024edb000 JavaThread "Attach Listener" daemon [_thread_blocked, id=9396, stack(0x0000000026410000,0x0000000026510000)]
  0x0000000024eda000 JavaThread "Signal Dispatcher" daemon [_thread_blocked, id=12412, stack(0x0000000026310000,0x0000000026410000)]
  0x000000000230a000 JavaThread "Finalizer" daemon [_thread_blocked, id=3552, stack(0x0000000026130000,0x0000000026230000)]
  0x00000000022ff000 JavaThread "Reference Handler" daemon [_thread_blocked, id=14044, stack(0x0000000026030000,0x0000000026130000)]

Other Threads:
  0x0000000024ea7800 VMThread [stack: 0x0000000025f30000,0x0000000026030000] [id=10300]
  0x0000000026719800 WatcherThread [stack: 0x0000000026d10000,0x0000000026e10000] [id=14596]

VM state:not at safepoint (normal execution)

VM Mutex/Monitor currently owned by a thread: None

Heap:
 PSYoungGen      total 284672K, used 165819K [0x0000000715f00000, 0x000000074a880000, 0x00000007c0000000)
  eden space 263168K, 63% used [0x0000000715f00000,0x00000007200eefc0,0x0000000726000000)
  from space 21504K, 0% used [0x0000000726000000,0x0000000726000000,0x0000000727500000)
  to   space 209920K, 0% used [0x000000073db80000,0x000000073db80000,0x000000074a880000)
 ParOldGen       total 685568K, used 227014K [0x00000005c1c00000, 0x00000005eb980000, 0x0000000715f00000)
  object space 685568K, 33% used [0x00000005c1c00000,0x00000005cf9b1b70,0x00000005eb980000)
 Metaspace       used 20442K, capacity 20730K, committed 20864K, reserved 1067008K
  class space    used 2582K, capacity 2683K, committed 2688K, reserved 1048576K

Card table byte_map: [0x00000000116d0000,0x00000000126d0000] byte_map_base: 0x000000000e8c2000

Marking Bits: (ParMarkBitMap*) 0x000000005fae64f0
 Begin Bits: [0x0000000013580000, 0x000000001b510000)
 End Bits:   [0x000000001b510000, 0x00000000234a0000)

Polling page: 0x0000000000830000

CodeCache: size=245760Kb used=8504Kb max_used=8505Kb free=237255Kb
 bounds [0x0000000002310000, 0x0000000002b70000, 0x0000000011310000]
 total_blobs=2734 nmethods=2040 adapters=606
 compilation: enabled

Compilation events (10 events):
Event: 10.699 Thread 0x0000000026710800 2046       3       sun.misc.Resource::<init> (5 bytes)
Event: 10.700 Thread 0x0000000026710800 nmethod 2046 0x0000000002b59b50 code [0x0000000002b59ca0, 0x0000000002b59e50]
Event: 10.700 Thread 0x0000000026710800 2047       1       ilog.cplex.IloCplex$Param::getValue (5 bytes)
Event: 10.700 Thread 0x0000000026710800 nmethod 2047 0x0000000002b4b750 code [0x0000000002b4b8a0, 0x0000000002b4b9b0]
Event: 11.617 Thread 0x0000000026710800 2048   !   3       java.lang.ClassLoader::findNative (86 bytes)
Event: 11.618 Thread 0x0000000026710800 nmethod 2048 0x0000000002b630d0 code [0x0000000002b63280, 0x0000000002b63b58]
Event: 11.649 Thread 0x0000000026710800 2049       3       sun.misc.PerfCounter::addElapsedTimeFrom (10 bytes)
Event: 11.649 Thread 0x0000000026710800 nmethod 2049 0x0000000002b62450 code [0x0000000002b62600, 0x0000000002b62d58]
Event: 12.272 Thread 0x0000000026710800 2050       3       java.nio.Buffer::limit (62 bytes)
Event: 12.272 Thread 0x0000000026710800 nmethod 2050 0x0000000002b61f10 code [0x0000000002b62080, 0x0000000002b62388]

GC Heap History (10 events):
Event: 7.218 GC heap before
{Heap before GC invocations=3 (full 0):
 PSYoungGen      total 153088K, used 150510K [0x0000000715f00000, 0x0000000728a00000, 0x00000007c0000000)
  eden space 131584K, 98% used [0x0000000715f00000,0x000000071dcfd6e8,0x000000071df80000)
  from space 21504K, 99% used [0x000000071f480000,0x000000072097e428,0x0000000720980000)
  to   space 21504K, 0% used [0x000000071df80000,0x000000071df80000,0x000000071f480000)
 ParOldGen       total 349696K, used 87153K [0x00000005c1c00000, 0x00000005d7180000, 0x0000000715f00000)
  object space 349696K, 24% used [0x00000005c1c00000,0x00000005c711c400,0x00000005d7180000)
 Metaspace       used 19189K, capacity 19472K, committed 19712K, reserved 1067008K
  class space    used 2436K, capacity 2538K, committed 2560K, reserved 1048576K
Event: 7.310 GC heap after
Heap after GC invocations=3 (full 0):
 PSYoungGen      total 153088K, used 21477K [0x0000000715f00000, 0x0000000728a00000, 0x00000007c0000000)
  eden space 131584K, 0% used [0x0000000715f00000,0x0000000715f00000,0x000000071df80000)
  from space 21504K, 99% used [0x000000071df80000,0x000000071f479448,0x000000071f480000)
  to   space 21504K, 0% used [0x0000000727500000,0x0000000727500000,0x0000000728a00000)
 ParOldGen       total 349696K, used 177223K [0x00000005c1c00000, 0x00000005d7180000, 0x0000000715f00000)
  object space 349696K, 50% used [0x00000005c1c00000,0x00000005cc911e98,0x00000005d7180000)
 Metaspace       used 19189K, capacity 19472K, committed 19712K, reserved 1067008K
  class space    used 2436K, capacity 2538K, committed 2560K, reserved 1048576K
}
Event: 7.522 GC heap before
{Heap before GC invocations=4 (full 0):
 PSYoungGen      total 153088K, used 153061K [0x0000000715f00000, 0x0000000728a00000, 0x00000007c0000000)
  eden space 131584K, 100% used [0x0000000715f00000,0x000000071df80000,0x000000071df80000)
  from space 21504K, 99% used [0x000000071df80000,0x000000071f479448,0x000000071f480000)
  to   space 21504K, 0% used [0x0000000727500000,0x0000000727500000,0x0000000728a00000)
 ParOldGen       total 349696K, used 177223K [0x00000005c1c00000, 0x00000005d7180000, 0x0000000715f00000)
  object space 349696K, 50% used [0x00000005c1c00000,0x00000005cc911e98,0x00000005d7180000)
 Metaspace       used 19219K, capacity 19554K, committed 19712K, reserved 1067008K
  class space    used 2443K, capacity 2551K, committed 2560K, reserved 1048576K
Event: 7.635 GC heap after
Heap after GC invocations=4 (full 0):
 PSYoungGen      total 284672K, used 21477K [0x0000000715f00000, 0x0000000728a00000, 0x00000007c0000000)
  eden space 263168K, 0% used [0x0000000715f00000,0x0000000715f00000,0x0000000726000000)
  from space 21504K, 99% used [0x0000000727500000,0x00000007289f9448,0x0000000728a00000)
  to   space 21504K, 0% used [0x0000000726000000,0x0000000726000000,0x0000000727500000)
 ParOldGen       total 349696K, used 290574K [0x00000005c1c00000, 0x00000005d7180000, 0x0000000715f00000)
  object space 349696K, 83% used [0x00000005c1c00000,0x00000005d37c3a18,0x00000005d7180000)
 Metaspace       used 19219K, capacity 19554K, committed 19712K, reserved 1067008K
  class space    used 2443K, capacity 2551K, committed 2560K, reserved 1048576K
}
Event: 7.635 GC heap before
{Heap before GC invocations=5 (full 1):
 PSYoungGen      total 284672K, used 21477K [0x0000000715f00000, 0x0000000728a00000, 0x00000007c0000000)
  eden space 263168K, 0% used [0x0000000715f00000,0x0000000715f00000,0x0000000726000000)
  from space 21504K, 99% used [0x0000000727500000,0x00000007289f9448,0x0000000728a00000)
  to   space 21504K, 0% used [0x0000000726000000,0x0000000726000000,0x0000000727500000)
 ParOldGen       total 349696K, used 290574K [0x00000005c1c00000, 0x00000005d7180000, 0x0000000715f00000)
  object space 349696K, 83% used [0x00000005c1c00000,0x00000005d37c3a18,0x00000005d7180000)
 Metaspace       used 19219K, capacity 19554K, committed 19712K, reserved 1067008K
  class space    used 2443K, capacity 2551K, committed 2560K, reserved 1048576K
Event: 8.449 GC heap after
Heap after GC invocations=5 (full 1):
 PSYoungGen      total 284672K, used 0K [0x0000000715f00000, 0x0000000728a00000, 0x00000007c0000000)
  eden space 263168K, 0% used [0x0000000715f00000,0x0000000715f00000,0x0000000726000000)
  from space 21504K, 0% used [0x0000000727500000,0x0000000727500000,0x0000000728a00000)
  to   space 21504K, 0% used [0x0000000726000000,0x0000000726000000,0x0000000727500000)
 ParOldGen       total 531968K, used 213009K [0x00000005c1c00000, 0x00000005e2380000, 0x0000000715f00000)
  object space 531968K, 40% used [0x00000005c1c00000,0x00000005cec04768,0x00000005e2380000)
 Metaspace       used 19219K, capacity 19554K, committed 19712K, reserved 1067008K
  class space    used 2443K, capacity 2551K, committed 2560K, reserved 1048576K
}
Event: 8.903 GC heap before
{Heap before GC invocations=6 (full 1):
 PSYoungGen      total 284672K, used 258429K [0x0000000715f00000, 0x0000000728a00000, 0x00000007c0000000)
  eden space 263168K, 98% used [0x0000000715f00000,0x0000000725b5f478,0x0000000726000000)
  from space 21504K, 0% used [0x0000000727500000,0x0000000727500000,0x0000000728a00000)
  to   space 21504K, 0% used [0x0000000726000000,0x0000000726000000,0x0000000727500000)
 ParOldGen       total 531968K, used 213009K [0x00000005c1c00000, 0x00000005e2380000, 0x0000000715f00000)
  object space 531968K, 40% used [0x00000005c1c00000,0x00000005cec04768,0x00000005e2380000)
 Metaspace       used 20240K, capacity 20570K, committed 20864K, reserved 1067008K
  class space    used 2557K, capacity 2651K, committed 2688K, reserved 1048576K
Event: 9.041 GC heap after
Heap after GC invocations=6 (full 1):
 PSYoungGen      total 284672K, used 21490K [0x0000000715f00000, 0x000000074a880000, 0x00000007c0000000)
  eden space 263168K, 0% used [0x0000000715f00000,0x0000000715f00000,0x0000000726000000)
  from space 21504K, 99% used [0x0000000726000000,0x00000007274fc960,0x0000000727500000)
  to   space 209920K, 0% used [0x000000073db80000,0x000000073db80000,0x000000074a880000)
 ParOldGen       total 531968K, used 353278K [0x00000005c1c00000, 0x00000005e2380000, 0x0000000715f00000)
  object space 531968K, 66% used [0x00000005c1c00000,0x00000005d74ffad0,0x00000005e2380000)
 Metaspace       used 20240K, capacity 20570K, committed 20864K, reserved 1067008K
  class space    used 2557K, capacity 2651K, committed 2688K, reserved 1048576K
}
Event: 9.041 GC heap before
{Heap before GC invocations=7 (full 2):
 PSYoungGen      total 284672K, used 21490K [0x0000000715f00000, 0x000000074a880000, 0x00000007c0000000)
  eden space 263168K, 0% used [0x0000000715f00000,0x0000000715f00000,0x0000000726000000)
  from space 21504K, 99% used [0x0000000726000000,0x00000007274fc960,0x0000000727500000)
  to   space 209920K, 0% used [0x000000073db80000,0x000000073db80000,0x000000074a880000)
 ParOldGen       total 531968K, used 353278K [0x00000005c1c00000, 0x00000005e2380000, 0x0000000715f00000)
  object space 531968K, 66% used [0x00000005c1c00000,0x00000005d74ffad0,0x00000005e2380000)
 Metaspace       used 20240K, capacity 20570K, committed 20864K, reserved 1067008K
  class space    used 2557K, capacity 2651K, committed 2688K, reserved 1048576K
Event: 10.026 GC heap after
Heap after GC invocations=7 (full 2):
 PSYoungGen      total 284672K, used 0K [0x0000000715f00000, 0x000000074a880000, 0x00000007c0000000)
  eden space 263168K, 0% used [0x0000000715f00000,0x0000000715f00000,0x0000000726000000)
  from space 21504K, 0% used [0x0000000726000000,0x0000000726000000,0x0000000727500000)
  to   space 209920K, 0% used [0x000000073db80000,0x000000073db80000,0x000000074a880000)
 ParOldGen       total 685568K, used 227014K [0x00000005c1c00000, 0x00000005eb980000, 0x0000000715f00000)
  object space 685568K, 33% used [0x00000005c1c00000,0x00000005cf9b1b70,0x00000005eb980000)
 Metaspace       used 20240K, capacity 20570K, committed 20864K, reserved 1067008K
  class space    used 2557K, capacity 2651K, committed 2688K, reserved 1048576K
}

Deoptimization events (10 events):
Event: 10.578 Thread 0x0000000026a7c000 Uncommon trap: reason=unstable_if action=reinterpret pc=0x0000000002b1f114 method=ilog.cplex.CpxLPMatrix.addRows([D[D[[I[[D)I @ 86
Event: 10.582 Thread 0x0000000026a7c000 Uncommon trap: reason=unstable_if action=reinterpret pc=0x0000000002b1d238 method=ilog.cplex.CplexI.addRows(I[Lilog/cplex/CpxRange;[D[D[I[Lilog/cplex/CplexIndex;[D[Ljava/lang/String;)[Lilog/cplex/CplexIndex; @ 25
Event: 10.598 Thread 0x0000000026a7c000 Uncommon trap: reason=unstable_if action=reinterpret pc=0x0000000002b282f8 method=ilog.cplex.CplexI.addRows(I[Lilog/cplex/CpxRange;[D[D[I[Lilog/cplex/CplexIndex;[D[Ljava/lang/String;)[Lilog/cplex/CplexIndex; @ 75
Event: 10.598 Thread 0x0000000026a7c000 Uncommon trap: reason=unstable_if action=reinterpret pc=0x0000000002b1c804 method=ilog.cplex.CpxLPMatrix.addRows([D[D[[I[[D)I @ 320
Event: 10.611 Thread 0x0000000026a7c000 Uncommon trap: reason=unstable_if action=reinterpret pc=0x0000000002b0b644 method=ilog.cplex.CpxLinearExpr.addTerms([D[Lilog/concert/IloNumVar;II)V @ 39
Event: 10.637 Thread 0x0000000026a7c000 Uncommon trap: reason=unstable_if action=reinterpret pc=0x0000000002b3dcec method=ilog.cplex.CpxLinearExpr.removeDuplicates(Lilog/cplex/CpxLinearExpr;)V @ 9
Event: 10.648 Thread 0x0000000026a7c000 Uncommon trap: reason=unstable_if action=reinterpret pc=0x0000000002b3ff14 method=ilog.cplex.CpxLinearExpr.unmarkVars()V @ 7
Event: 10.648 Thread 0x0000000026a7c000 Uncommon trap: reason=unstable_if action=reinterpret pc=0x0000000002b08758 method=ilog.cplex.CplexI.useVars([Lilog/cplex/CpxNumVar;IIZ)V @ 34
Event: 10.673 Thread 0x0000000026a7c000 Uncommon trap: reason=unstable_if action=reinterpret pc=0x0000000002b4c708 method=ilog.cplex.CpxObjective.installCon(Lilog/cplex/CplexI;)V @ 100
Event: 10.683 Thread 0x0000000026a7c000 Uncommon trap: reason=unstable_if action=reinterpret pc=0x0000000002b4be84 method=ilog.cplex.CplexI.setObjective(Lilog/concert/IloObjectiveSense;I[Lilog/cplex/CplexIndex;[DI[D[Lilog/cplex/CplexIndex;[Lilog/cplex/CplexIndex;)V @ 30

Internal exceptions (10 events):
Event: 0.305 Thread 0x0000000026a7c000 Exception <a 'java/lang/ClassNotFoundException': ToolBarSeparator> (0x0000000716712e18) thrown at [D:\re\workspace\8-2-build-windows-amd64-cygwin\jdk8u92\6642\hotspot\src\share\vm\classfile\systemDictionary.cpp, line 210]
Event: 0.305 Thread 0x0000000026a7c000 Exception <a 'java/lang/ClassNotFoundException': ToolTip> (0x0000000716713558) thrown at [D:\re\workspace\8-2-build-windows-amd64-cygwin\jdk8u92\6642\hotspot\src\share\vm\classfile\systemDictionary.cpp, line 210]
Event: 0.306 Thread 0x0000000026a7c000 Exception <a 'java/lang/ClassNotFoundException': Tree> (0x0000000716714178) thrown at [D:\re\workspace\8-2-build-windows-amd64-cygwin\jdk8u92\6642\hotspot\src\share\vm\classfile\systemDictionary.cpp, line 210]
Event: 0.306 Thread 0x0000000026a7c000 Exception <a 'java/lang/ClassNotFoundException': Tree> (0x00000007167148b8) thrown at [D:\re\workspace\8-2-build-windows-amd64-cygwin\jdk8u92\6642\hotspot\src\share\vm\classfile\systemDictionary.cpp, line 210]
Event: 0.306 Thread 0x0000000026a7c000 Exception <a 'java/lang/ClassNotFoundException': javax/swing/JTreeCell> (0x0000000716714c38) thrown at [D:\re\workspace\8-2-build-windows-amd64-cygwin\jdk8u92\6642\hotspot\src\share\vm\classfile\systemDictionary.cpp, line 210]
Event: 0.306 Thread 0x0000000026a7c000 Exception <a 'java/lang/ClassNotFoundException': TreeCell> (0x00000007167150c0) thrown at [D:\re\workspace\8-2-build-windows-amd64-cygwin\jdk8u92\6642\hotspot\src\share\vm\classfile\systemDictionary.cpp, line 210]
Event: 0.306 Thread 0x0000000026a7c000 Exception <a 'java/lang/ClassNotFoundException': RootPane> (0x0000000716715938) thrown at [D:\re\workspace\8-2-build-windows-amd64-cygwin\jdk8u92\6642\hotspot\src\share\vm\classfile\systemDictionary.cpp, line 210]
Event: 0.629 Thread 0x0000000026a7c000 Implicit null exception at 0x00000000025e7678 to 0x00000000025e77f1
Event: 3.427 Thread 0x0000000026a7c000 Implicit null exception at 0x0000000002785cda to 0x0000000002785fed
Event: 6.714 Thread 0x000000002a3e2000 Exception <a 'java/lang/InterruptedException': sleep interrupted> (0x000000071da03258) thrown at [D:\re\workspace\8-2-build-windows-amd64-cygwin\jdk8u92\6642\hotspot\src\share\vm\prims\jvm.cpp, line 3167]

Events (10 events):
Event: 10.699 loading class ilog/cplex/IloCplex$DoubleParam done
Event: 10.700 loading class ilog/cplex/IloCplex$StringParam
Event: 10.700 loading class ilog/cplex/IloCplex$StringParam done
Event: 11.617 Executing VM operation: RevokeBias
Event: 11.618 Executing VM operation: RevokeBias done
Event: 11.648 loading class ilog/cplex/CplexI$SolveHandle
Event: 11.648 loading class ilog/cplex/CplexI$SolveHandle done
Event: 11.648 loading class ilog/cplex/CplexI$DefaultAsyncHandle
Event: 11.648 loading class ilog/cplex/CplexI$DefaultAsyncHandle done
Event: 11.714 Thread 0x000000002a3e2000 Thread exited: 0x000000002a3e2000


Dynamic libraries:
0x00007ff734350000 - 0x00007ff734387000 	C:\Program Files\Java\jdk1.8.0_92\bin\javaw.exe
0x00007ffc18c00000 - 0x00007ffc18dc1000 	C:\windows\SYSTEM32\ntdll.dll
0x00007ffc17250000 - 0x00007ffc172fd000 	C:\windows\system32\KERNEL32.DLL
0x00007ffc0b1c0000 - 0x00007ffc0b1f3000 	C:\Program Files (x86)\AVG\Av\avghooka.dll
0x00007ffc15c40000 - 0x00007ffc15e28000 	C:\windows\system32\KERNELBASE.dll
0x00007ffc16930000 - 0x00007ffc169d7000 	C:\windows\system32\ADVAPI32.dll
0x00007ffc17010000 - 0x00007ffc170ad000 	C:\windows\system32\msvcrt.dll
0x00007ffc17300000 - 0x00007ffc1735b000 	C:\windows\system32\sechost.dll
0x00007ffc16190000 - 0x00007ffc162ac000 	C:\windows\system32\RPCRT4.dll
0x00007ffc167d0000 - 0x00007ffc16926000 	C:\windows\system32\USER32.dll
0x00007ffc16000000 - 0x00007ffc16186000 	C:\windows\system32\GDI32.dll
0x00007ffc06ca0000 - 0x00007ffc06f14000 	C:\windows\WinSxS\amd64_microsoft.windows.common-controls_6595b64144ccf1df_6.0.10586.494_none_a2d8b04ea53e3145\COMCTL32.dll
0x00007ffc17360000 - 0x00007ffc175dd000 	C:\windows\system32\combase.dll
0x00007ffc15b20000 - 0x00007ffc15b8a000 	C:\windows\system32\bcryptPrimitives.dll
0x00007ffc17210000 - 0x00007ffc1724b000 	C:\windows\system32\IMM32.DLL
0x000000005f120000 - 0x000000005f1f2000 	C:\Program Files\Java\jdk1.8.0_92\jre\bin\msvcr100.dll
0x000000005f2d0000 - 0x000000005fb66000 	C:\Program Files\Java\jdk1.8.0_92\jre\bin\server\jvm.dll
0x00007ffc16b60000 - 0x00007ffc16b68000 	C:\windows\system32\PSAPI.DLL
0x00007ffc02e30000 - 0x00007ffc02e39000 	C:\windows\SYSTEM32\WSOCK32.dll
0x00007ffc16af0000 - 0x00007ffc16b5b000 	C:\windows\system32\WS2_32.dll
0x00007ffc132c0000 - 0x00007ffc132e3000 	C:\windows\SYSTEM32\WINMM.dll
0x00007ffc14400000 - 0x00007ffc1440a000 	C:\windows\SYSTEM32\VERSION.dll
0x00007ffc13290000 - 0x00007ffc132bc000 	C:\windows\SYSTEM32\WINMMBASE.dll
0x00007ffc15370000 - 0x00007ffc153b3000 	C:\windows\system32\cfgmgr32.dll
0x000000005f2c0000 - 0x000000005f2cf000 	C:\Program Files\Java\jdk1.8.0_92\jre\bin\verify.dll
0x000000005f290000 - 0x000000005f2b9000 	C:\Program Files\Java\jdk1.8.0_92\jre\bin\java.dll
0x000000005f270000 - 0x000000005f286000 	C:\Program Files\Java\jdk1.8.0_92\jre\bin\zip.dll
0x00007ffc175e0000 - 0x00007ffc18b3c000 	C:\windows\system32\SHELL32.dll
0x00007ffc154b0000 - 0x00007ffc15af5000 	C:\windows\system32\windows.storage.dll
0x00007ffc18ba0000 - 0x00007ffc18bf2000 	C:\windows\system32\shlwapi.dll
0x00007ffc152a0000 - 0x00007ffc152af000 	C:\windows\system32\kernel.appcore.dll
0x00007ffc152b0000 - 0x00007ffc15365000 	C:\windows\system32\shcore.dll
0x00007ffc15240000 - 0x00007ffc1528b000 	C:\windows\system32\powrprof.dll
0x00007ffc15220000 - 0x00007ffc15234000 	C:\windows\system32\profapi.dll
0x000000005ef80000 - 0x000000005f118000 	C:\Program Files\Java\jdk1.8.0_92\jre\bin\awt.dll
0x00007ffc162b0000 - 0x00007ffc16371000 	C:\windows\system32\OLEAUT32.dll
0x00007ffc13900000 - 0x00007ffc13979000 	C:\windows\system32\apphelp.dll
0x00007ffc12c80000 - 0x00007ffc12ca2000 	C:\windows\system32\DWMAPI.DLL
0x00007ffc13a90000 - 0x00007ffc13b26000 	C:\windows\system32\uxtheme.dll
0x00007ffc16670000 - 0x00007ffc167ca000 	C:\windows\system32\MSCTF.dll
0x00007ffbec040000 - 0x00007ffbec116000 	c:\Program Files\Hewlett-Packard\HP ProtectTools Security Manager\Bin\DpoFeedb.dll
0x00007ffc149e0000 - 0x00007ffc149ff000 	C:\windows\SYSTEM32\USERENV.dll
0x00007ffc170b0000 - 0x00007ffc171f3000 	C:\windows\system32\ole32.dll
0x000000005ef30000 - 0x000000005ef77000 	C:\Program Files\Java\jdk1.8.0_92\jre\bin\fontmanager.dll
0x000000005f200000 - 0x000000005f224000 	C:\Program Files\Java\jdk1.8.0_92\jre\bin\sunec.dll
0x00007ffc14c00000 - 0x00007ffc14c17000 	C:\windows\SYSTEM32\CRYPTSP.dll
0x00007ffc14890000 - 0x00007ffc148c4000 	C:\windows\system32\rsaenh.dll
0x00007ffc14e20000 - 0x00007ffc14e49000 	C:\windows\SYSTEM32\bcrypt.dll
0x00007ffc14d20000 - 0x00007ffc14d2b000 	C:\windows\SYSTEM32\CRYPTBASE.dll
0x000000005f250000 - 0x000000005f26a000 	C:\Program Files\Java\jdk1.8.0_92\jre\bin\net.dll
0x00007ffc14b50000 - 0x00007ffc14bac000 	C:\windows\system32\mswsock.dll
0x00007ffc13220000 - 0x00007ffc13258000 	C:\windows\SYSTEM32\IPHLPAPI.DLL
0x00007ffc16b70000 - 0x00007ffc16b78000 	C:\windows\system32\NSI.dll
0x00007ffc09810000 - 0x00007ffc09826000 	C:\windows\SYSTEM32\dhcpcsvc6.DLL
0x00007ffc097f0000 - 0x00007ffc0980a000 	C:\windows\SYSTEM32\dhcpcsvc.DLL
0x000000005f230000 - 0x000000005f241000 	C:\Program Files\Java\jdk1.8.0_92\jre\bin\nio.dll
0x000000005ef20000 - 0x000000005ef2b000 	C:\Program Files\Java\jdk1.8.0_92\jre\bin\sunmscapi.dll
0x00007ffc15e30000 - 0x00007ffc15ff8000 	C:\windows\system32\CRYPT32.dll
0x00007ffc15290000 - 0x00007ffc152a0000 	C:\windows\system32\MSASN1.dll
0x00007ffbe9e50000 - 0x00007ffbe9e66000 	C:\windows\system32\napinsp.dll
0x00007ffbe9e70000 - 0x00007ffbe9e8a000 	C:\windows\system32\pnrpnsp.dll
0x00007ffc0bd70000 - 0x00007ffc0bd88000 	C:\windows\system32\NLAapi.dll
0x00007ffc13b80000 - 0x00007ffc13c2a000 	C:\windows\SYSTEM32\DNSAPI.dll
0x00007ffbe9e90000 - 0x00007ffbe9e9d000 	C:\windows\System32\winrnr.dll
0x00007ffbe9ea0000 - 0x00007ffbe9eb5000 	C:\windows\System32\wshbth.dll
0x0000000060680000 - 0x00000000606a6000 	C:\Program Files\Bonjour\mdnsNSP.dll
0x00007ffc08580000 - 0x00007ffc0858a000 	C:\Windows\System32\rasadhlp.dll
0x00007ffc09840000 - 0x00007ffc098a7000 	C:\windows\System32\fwpuclnt.dll
0x000000005eee0000 - 0x000000005ef11000 	C:\Program Files\Java\jdk1.8.0_92\jre\bin\jpeg.dll
0x000000005eea0000 - 0x000000005eedc000 	C:\Program Files\Java\jdk1.8.0_92\jre\bin\lcms.dll
0x000000005ee50000 - 0x000000005ee92000 	C:\Program Files\Java\jdk1.8.0_92\jre\bin\t2k.dll
0x000000005ee20000 - 0x000000005ee4a000 	C:\Program Files\Java\jdk1.8.0_92\jre\bin\dcpr.dll
0x00007ffc163a0000 - 0x00007ffc16447000 	C:\windows\system32\clbcatq.dll
0x00007ffc11d40000 - 0x00007ffc11ef1000 	C:\windows\SYSTEM32\WindowsCodecs.dll
0x00007ffbebf80000 - 0x00007ffbebfca000 	C:\windows\system32\dataexchange.dll
0x00007ffc11fb0000 - 0x00007ffc12258000 	C:\windows\system32\d3d11.dll
0x00007ffc13700000 - 0x00007ffc137e3000 	C:\windows\system32\dcomp.dll
0x00007ffc11f00000 - 0x00007ffc11fa2000 	C:\windows\system32\dxgi.dll
0x00007ffc13c30000 - 0x00007ffc13d30000 	C:\windows\system32\twinapi.appcore.dll
0x00007ffbb3040000 - 0x00007ffbb4468000 	C:\Program Files\IBM\ILOG\CPLEX_Studio126\cplex\bin\x64_win64\cplex1260remotejni.dll
0x00007ffc0b910000 - 0x00007ffc0ba9c000 	C:\windows\SYSTEM32\dbghelp.dll

VM Arguments:
jvm_args: -Djava.library.path=C:\Program Files\IBM\ILOG\CPLEX_Studio126\cplex\bin\x64_win64 -Dfile.encoding=Cp1252 
java_command: spectrumGUI.Spectrum_Main
java_class_path (initial): C:\SpectrumLite\bin;C:\SpectrumLite_Documents\Setup\sqlite-jdbc-3.8.11.2.jar;C:\Program Files\IBM\ILOG\CPLEX_Studio126\cplex\lib\cplex.jar
Launcher Type: SUN_STANDARD

Environment Variables:
PATH=C:/Program Files/Java/jdk1.8.0_92/jre/bin/server;C:/Program Files/Java/jdk1.8.0_92/jre/bin;C:/Program Files/Java/jdk1.8.0_92/jre/lib/amd64;C:\ProgramData\Oracle\Java\javapath;C:\Program Files\IBM\ILOG\CPLEX_Studio126\opl\bin\x64_win64;C:\Program Files\IBM\ILOG\CPLEX_Studio126\opl\oplide\;C:\Program Files\IBM\ILOG\CPLEX_Studio126\cplex\bin\x64_win64;C:\Program Files\IBM\ILOG\CPLEX_Studio126\cpoptimizer\bin\x64_win64;C:\Program Files (x86)\Intel\iCLS Client\;C:\Program Files\Intel\iCLS Client\;C:\windows\system32;C:\windows;C:\windows\System32\Wbem;C:\windows\System32\WindowsPowerShell\v1.0\;c:\Program Files (x86)\ATI Technologies\ATI.ACE\Core-Static;C:\Program Files (x86)\Intel\Intel(R) Management Engine Components\DAL;C:\Program Files\Intel\Intel(R) Management Engine Components\DAL;C:\Program Files (x86)\Intel\Intel(R) Management Engine Components\IPT;C:\Program Files\Intel\Intel(R) Management Engine Components\IPT;c:\Program Files (x86)\HP\HP Performance Advisor;C:\Program Files\Intel\WiFi\bin\;C:\Program Files\Common Files\Intel\WirelessCommon\;C:\Program Files\Hewlett-Packard\SimplePass\;C:\Program Files\Java\jdk1.8.0_92\bin;C:\Users\Dung Nguyen\Desktop;
USERNAME=Dung Nguyen
OS=Windows_NT
PROCESSOR_IDENTIFIER=Intel64 Family 6 Model 78 Stepping 3, GenuineIntel



---------------  S Y S T E M  ---------------

OS: Windows 10.0 , 64 bit Build 10586 (10.0.10586.0)

CPU:total 4 (2 cores per cpu, 2 threads per core) family 6 model 78 stepping 3, cmov, cx8, fxsr, mmx, sse, sse2, sse3, ssse3, sse4.1, sse4.2, popcnt, avx, avx2, aes, clmul, erms, 3dnowpref, lzcnt, ht, tsc, tscinvbit, bmi1, bmi2, adx

Memory: 4k page, physical 33432160k(20798324k free), swap 38412896k(21985132k free)

vm_info: Java HotSpot(TM) 64-Bit Server VM (25.92-b14) for windows-amd64 JRE (1.8.0_92-b14), built on Mar 31 2016 21:03:04 by "java_re" with MS VC++ 10.0 (VS2010)

time: Thu Sep 01 05:14:28 2016
elapsed time: 12 seconds (0d 0h 0m 12s)

