#
# A fatal error has been detected by the Java Runtime Environment:
#
#  EXCEPTION_ACCESS_VIOLATION (0xc0000005) at pc=0x6d06943e, pid=8252, tid=0x000009ec
#
# JRE version: Java(TM) SE Runtime Environment (8.0_92-b14) (build 1.8.0_92-b14)
# Java VM: Java HotSpot(TM) Client VM (25.92-b14 mixed mode windows-x86 )
# Problematic frame:
# V  [jvm.dll+0xd943e]
#
# Failed to write core dump. Minidumps are not enabled by default on client versions of Windows
#
# If you would like to submit a bug report, please visit:
#   http://bugreport.java.com/bugreport/crash.jsp
#

---------------  T H R E A D  ---------------

Current thread (0x00fef400):  JavaThread "AWT-EventQueue-0" [_thread_in_vm, id=2540, stack(0x146f0000,0x14740000)]

siginfo: ExceptionCode=0xc0000005, reading address 0x00000000

Registers:
EAX=0x00000000, EBX=0x00000000, ECX=0x00000000, EDX=0x0053c598
ESP=0x1473e2f8, EBP=0x1473e328, ESI=0x1473e3e8, EDI=0x00fef400
EIP=0x6d06943e, EFLAGS=0x00010246

Top of Stack: (sp=0x1473e2f8)
0x1473e2f8:   00000000 1473e3e8 00fef540 1473e3e8
0x1473e308:   00000082 1473e420 01d82474 01d72948
0x1473e318:   00fef400 00000000 1473e420 6d00d7f5
0x1473e328:   1473e3d4 1bc22285 00fef400 00000000
0x1473e338:   00000000 1473e420 01d82474 01d72948
0x1473e348:   00000000 1473e448 1473e420 1473e420
0x1473e358:   01d82474 0053c598 00000000 1473e448
0x1473e368:   1473e420 1473e420 01d82474 01d72948 

Instructions: (pc=0x6d06943e)
0x6d06941e:   e8 5d da f2 ff 33 db 83 c4 08 89 7d f0 89 5d f4
0x6d06942e:   39 5f 04 74 08 8d 4d f0 e8 65 d2 0c 00 8b 45 0c
0x6d06943e:   8b 30 8b 0d 90 63 30 6d 39 1c 31 74 45 56 e8 2f
0x6d06944e:   ae f6 ff 83 c4 04 6a 00 6a 00 8d 4d dc 8d 78 01 


Register to memory mapping:

EAX=0x00000000 is an unknown value
EBX=0x00000000 is an unknown value
ECX=0x00000000 is an unknown value
EDX=0x0053c598 is an unknown value
ESP=0x1473e2f8 is pointing into the stack for thread: 0x00fef400
EBP=0x1473e328 is pointing into the stack for thread: 0x00fef400
ESI=0x1473e3e8 is pointing into the stack for thread: 0x00fef400
EDI=0x00fef400 is a thread


Stack: [0x146f0000,0x14740000],  sp=0x1473e2f8,  free space=312k
Native frames: (J=compiled Java code, j=interpreted, Vv=VM code, C=native code)
V  [jvm.dll+0xd943e]
C  [sqlite-3.8.11.2-fc3a2c6b-aff5-472e-8d86-b3e5d820bf50-sqlitejdbc.dll+0x2285]
j  org.sqlite.core.DB.prepare(Lorg/sqlite/core/CoreStatement;)V+21
j  org.sqlite.core.CorePreparedStatement.<init>(Lorg/sqlite/SQLiteConnection;Ljava/lang/String;)V+15
j  org.sqlite.jdbc3.JDBC3PreparedStatement.<init>(Lorg/sqlite/SQLiteConnection;Ljava/lang/String;)V+3
j  org.sqlite.jdbc4.JDBC4PreparedStatement.<init>(Lorg/sqlite/SQLiteConnection;Ljava/lang/String;)V+3
j  org.sqlite.jdbc4.JDBC4Connection.prepareStatement(Ljava/lang/String;III)Ljava/sql/PreparedStatement;+21
j  org.sqlite.jdbc3.JDBC3Connection.prepareStatement(Ljava/lang/String;II)Ljava/sql/PreparedStatement;+5
j  org.sqlite.jdbc3.JDBC3Connection.prepareStatement(Ljava/lang/String;)Ljava/sql/PreparedStatement;+8
j  spectrumDatabaseUtil.Panel_DatabaseManagement.importTables()V+610
j  spectrumDatabaseUtil.Panel_DatabaseManagement$10.actionPerformed(Ljava/awt/event/ActionEvent;)V+4
j  javax.swing.AbstractButton.fireActionPerformed(Ljava/awt/event/ActionEvent;)V+83
j  javax.swing.AbstractButton$Handler.actionPerformed(Ljava/awt/event/ActionEvent;)V+5
j  javax.swing.DefaultButtonModel.fireActionPerformed(Ljava/awt/event/ActionEvent;)V+34
j  javax.swing.DefaultButtonModel.setPressed(Z)V+117
j  javax.swing.AbstractButton.doClick(I)V+64
j  javax.swing.plaf.basic.BasicMenuItemUI.doClick(Ljavax/swing/MenuSelectionManager;)V+53
j  javax.swing.plaf.basic.BasicMenuItemUI$Handler.mouseReleased(Ljava/awt/event/MouseEvent;)V+76
j  java.awt.Component.processMouseEvent(Ljava/awt/event/MouseEvent;)V+64
j  javax.swing.JComponent.processMouseEvent(Ljava/awt/event/MouseEvent;)V+23
j  java.awt.Component.processEvent(Ljava/awt/AWTEvent;)V+81
j  java.awt.Container.processEvent(Ljava/awt/AWTEvent;)V+18
j  java.awt.Component.dispatchEventImpl(Ljava/awt/AWTEvent;)V+589
J 1031 C1 java.awt.Container.dispatchEventImpl(Ljava/awt/AWTEvent;)V (129 bytes) @ 0x01f6cdfc [0x01f6cda0+0x5c]
J 750 C1 java.awt.LightweightDispatcher.retargetMouseEvent(Ljava/awt/Component;ILjava/awt/event/MouseEvent;)V (350 bytes) @ 0x01f1b47c [0x01f1ae30+0x64c]
j  java.awt.LightweightDispatcher.processMouseEvent(Ljava/awt/event/MouseEvent;)Z+155
j  java.awt.LightweightDispatcher.dispatchEvent(Ljava/awt/AWTEvent;)Z+50
J 1031 C1 java.awt.Container.dispatchEventImpl(Ljava/awt/AWTEvent;)V (129 bytes) @ 0x01f6cde0 [0x01f6cda0+0x40]
j  java.awt.Window.dispatchEventImpl(Ljava/awt/AWTEvent;)V+19
J 1003 C1 java.awt.EventQueue.dispatchEventImpl(Ljava/awt/AWTEvent;Ljava/lang/Object;)V (149 bytes) @ 0x01f653dc [0x01f64f90+0x44c]
J 1000 C1 java.awt.EventQueue$3.run()Ljava/lang/Void; (60 bytes) @ 0x01f6471c [0x01f646c0+0x5c]
J 999 C1 java.awt.EventQueue$3.run()Ljava/lang/Object; (5 bytes) @ 0x01f644a0 [0x01f64480+0x20]
v  ~StubRoutines::call_stub
V  [jvm.dll+0x159775]
V  [jvm.dll+0x21f4ae]
V  [jvm.dll+0x15980e]
V  [jvm.dll+0x109d3f]
C  [java.dll+0x102f]
J 873 C1 java.security.ProtectionDomain$JavaSecurityAccessImpl.doIntersectionPrivilege(Ljava/security/PrivilegedAction;Ljava/security/AccessControlContext;Ljava/security/AccessControlContext;)Ljava/lang/Object; (22 bytes) @ 0x01f43100 [0x01f43000+0x100]
j  java.security.ProtectionDomain$JavaSecurityAccessImpl.doIntersectionPrivilege(Ljava/security/PrivilegedAction;Ljava/security/AccessControlContext;)Ljava/lang/Object;+6
j  java.awt.EventQueue$4.run()Ljava/lang/Void;+11
j  java.awt.EventQueue$4.run()Ljava/lang/Object;+1
v  ~StubRoutines::call_stub
V  [jvm.dll+0x159775]
V  [jvm.dll+0x21f4ae]
V  [jvm.dll+0x15980e]
V  [jvm.dll+0x109d3f]
C  [java.dll+0x102f]
J 995 C1 java.awt.EventQueue.dispatchEvent(Ljava/awt/AWTEvent;)V (80 bytes) @ 0x01f6319c [0x01f62e40+0x35c]
J 785 C1 java.awt.EventDispatchThread.pumpOneEventForFilters(I)V (295 bytes) @ 0x01f23b90 [0x01f23500+0x690]
j  java.awt.EventDispatchThread.pumpEventsForFilter(ILjava/awt/Conditional;Ljava/awt/EventFilter;)V+35
j  java.awt.EventDispatchThread.pumpEventsForHierarchy(ILjava/awt/Conditional;Ljava/awt/Component;)V+11
j  java.awt.EventDispatchThread.pumpEvents(ILjava/awt/Conditional;)V+4
j  java.awt.EventDispatchThread.pumpEvents(Ljava/awt/Conditional;)V+3
j  java.awt.EventDispatchThread.run()V+9
v  ~StubRoutines::call_stub
V  [jvm.dll+0x159775]
V  [jvm.dll+0x21f4ae]
V  [jvm.dll+0x15980e]
V  [jvm.dll+0x159996]
V  [jvm.dll+0x159a07]
V  [jvm.dll+0xfde4f]
V  [jvm.dll+0x17cadc]
V  [jvm.dll+0x17cbca]
V  [jvm.dll+0x1c1376]
C  [msvcr100.dll+0x5c556]
C  [msvcr100.dll+0x5c600]
C  [kernel32.dll+0x4ef1c]
C  [ntdll.dll+0x63648]
C  [ntdll.dll+0x6361b]
C  0x00000000

Java frames: (J=compiled Java code, j=interpreted, Vv=VM code)
j  org.sqlite.core.NativeDB.prepare(Ljava/lang/String;)J+0
j  org.sqlite.core.DB.prepare(Lorg/sqlite/core/CoreStatement;)V+21
j  org.sqlite.core.CorePreparedStatement.<init>(Lorg/sqlite/SQLiteConnection;Ljava/lang/String;)V+15
j  org.sqlite.jdbc3.JDBC3PreparedStatement.<init>(Lorg/sqlite/SQLiteConnection;Ljava/lang/String;)V+3
j  org.sqlite.jdbc4.JDBC4PreparedStatement.<init>(Lorg/sqlite/SQLiteConnection;Ljava/lang/String;)V+3
j  org.sqlite.jdbc4.JDBC4Connection.prepareStatement(Ljava/lang/String;III)Ljava/sql/PreparedStatement;+21
j  org.sqlite.jdbc3.JDBC3Connection.prepareStatement(Ljava/lang/String;II)Ljava/sql/PreparedStatement;+5
j  org.sqlite.jdbc3.JDBC3Connection.prepareStatement(Ljava/lang/String;)Ljava/sql/PreparedStatement;+8
j  spectrumDatabaseUtil.Panel_DatabaseManagement.importTables()V+610
j  spectrumDatabaseUtil.Panel_DatabaseManagement$10.actionPerformed(Ljava/awt/event/ActionEvent;)V+4
j  javax.swing.AbstractButton.fireActionPerformed(Ljava/awt/event/ActionEvent;)V+83
j  javax.swing.AbstractButton$Handler.actionPerformed(Ljava/awt/event/ActionEvent;)V+5
j  javax.swing.DefaultButtonModel.fireActionPerformed(Ljava/awt/event/ActionEvent;)V+34
j  javax.swing.DefaultButtonModel.setPressed(Z)V+117
j  javax.swing.AbstractButton.doClick(I)V+64
j  javax.swing.plaf.basic.BasicMenuItemUI.doClick(Ljavax/swing/MenuSelectionManager;)V+53
j  javax.swing.plaf.basic.BasicMenuItemUI$Handler.mouseReleased(Ljava/awt/event/MouseEvent;)V+76
j  java.awt.Component.processMouseEvent(Ljava/awt/event/MouseEvent;)V+64
j  javax.swing.JComponent.processMouseEvent(Ljava/awt/event/MouseEvent;)V+23
j  java.awt.Component.processEvent(Ljava/awt/AWTEvent;)V+81
j  java.awt.Container.processEvent(Ljava/awt/AWTEvent;)V+18
j  java.awt.Component.dispatchEventImpl(Ljava/awt/AWTEvent;)V+589
J 1031 C1 java.awt.Container.dispatchEventImpl(Ljava/awt/AWTEvent;)V (129 bytes) @ 0x01f6cdfc [0x01f6cda0+0x5c]
J 750 C1 java.awt.LightweightDispatcher.retargetMouseEvent(Ljava/awt/Component;ILjava/awt/event/MouseEvent;)V (350 bytes) @ 0x01f1b47c [0x01f1ae30+0x64c]
j  java.awt.LightweightDispatcher.processMouseEvent(Ljava/awt/event/MouseEvent;)Z+155
j  java.awt.LightweightDispatcher.dispatchEvent(Ljava/awt/AWTEvent;)Z+50
J 1031 C1 java.awt.Container.dispatchEventImpl(Ljava/awt/AWTEvent;)V (129 bytes) @ 0x01f6cde0 [0x01f6cda0+0x40]
j  java.awt.Window.dispatchEventImpl(Ljava/awt/AWTEvent;)V+19
J 1003 C1 java.awt.EventQueue.dispatchEventImpl(Ljava/awt/AWTEvent;Ljava/lang/Object;)V (149 bytes) @ 0x01f653dc [0x01f64f90+0x44c]
J 1000 C1 java.awt.EventQueue$3.run()Ljava/lang/Void; (60 bytes) @ 0x01f6471c [0x01f646c0+0x5c]
J 999 C1 java.awt.EventQueue$3.run()Ljava/lang/Object; (5 bytes) @ 0x01f644a0 [0x01f64480+0x20]
v  ~StubRoutines::call_stub
J 871  java.security.AccessController.doPrivileged(Ljava/security/PrivilegedAction;Ljava/security/AccessControlContext;)Ljava/lang/Object; (0 bytes) @ 0x01f42b07 [0x01f42aa0+0x67]
J 873 C1 java.security.ProtectionDomain$JavaSecurityAccessImpl.doIntersectionPrivilege(Ljava/security/PrivilegedAction;Ljava/security/AccessControlContext;Ljava/security/AccessControlContext;)Ljava/lang/Object; (22 bytes) @ 0x01f43100 [0x01f43000+0x100]
j  java.security.ProtectionDomain$JavaSecurityAccessImpl.doIntersectionPrivilege(Ljava/security/PrivilegedAction;Ljava/security/AccessControlContext;)Ljava/lang/Object;+6
j  java.awt.EventQueue$4.run()Ljava/lang/Void;+11
j  java.awt.EventQueue$4.run()Ljava/lang/Object;+1
v  ~StubRoutines::call_stub
J 871  java.security.AccessController.doPrivileged(Ljava/security/PrivilegedAction;Ljava/security/AccessControlContext;)Ljava/lang/Object; (0 bytes) @ 0x01f42b07 [0x01f42aa0+0x67]
J 995 C1 java.awt.EventQueue.dispatchEvent(Ljava/awt/AWTEvent;)V (80 bytes) @ 0x01f6319c [0x01f62e40+0x35c]
J 785 C1 java.awt.EventDispatchThread.pumpOneEventForFilters(I)V (295 bytes) @ 0x01f23b90 [0x01f23500+0x690]
j  java.awt.EventDispatchThread.pumpEventsForFilter(ILjava/awt/Conditional;Ljava/awt/EventFilter;)V+35
j  java.awt.EventDispatchThread.pumpEventsForHierarchy(ILjava/awt/Conditional;Ljava/awt/Component;)V+11
j  java.awt.EventDispatchThread.pumpEvents(ILjava/awt/Conditional;)V+4
j  java.awt.EventDispatchThread.pumpEvents(Ljava/awt/Conditional;)V+3
j  java.awt.EventDispatchThread.run()V+9
v  ~StubRoutines::call_stub

---------------  P R O C E S S  ---------------

Java Threads: ( => current thread )
  0x01020800 JavaThread "Swing-Shell" daemon [_thread_blocked, id=8804, stack(0x16e50000,0x16ea0000)]
  0x1b46c400 JavaThread "TimerQueue" daemon [_thread_blocked, id=9152, stack(0x1c450000,0x1c4a0000)]
  0x17f33800 JavaThread "D3D Screen Updater" daemon [_thread_blocked, id=7472, stack(0x18820000,0x18870000)]
  0x00aec800 JavaThread "DestroyJavaVM" [_thread_blocked, id=6524, stack(0x00540000,0x00590000)]
=>0x00fef400 JavaThread "AWT-EventQueue-0" [_thread_in_vm, id=2540, stack(0x146f0000,0x14740000)]
  0x00f96400 JavaThread "AWT-Windows" daemon [_thread_in_native, id=8212, stack(0x03d90000,0x03de0000)]
  0x00f95c00 JavaThread "AWT-Shutdown" [_thread_blocked, id=4668, stack(0x148b0000,0x14900000)]
  0x00f91000 JavaThread "Java2D Disposer" daemon [_thread_blocked, id=7764, stack(0x14770000,0x147c0000)]
  0x00ec1800 JavaThread "Service Thread" daemon [_thread_blocked, id=1676, stack(0x14640000,0x14690000)]
  0x00ea2400 JavaThread "C1 CompilerThread0" daemon [_thread_blocked, id=6896, stack(0x144f0000,0x14540000)]
  0x00ea1400 JavaThread "Attach Listener" daemon [_thread_blocked, id=3884, stack(0x14300000,0x14350000)]
  0x00e9e800 JavaThread "Signal Dispatcher" daemon [_thread_blocked, id=9820, stack(0x14350000,0x143a0000)]
  0x00e84800 JavaThread "Finalizer" daemon [_thread_blocked, id=5624, stack(0x142b0000,0x14300000)]
  0x00e63400 JavaThread "Reference Handler" daemon [_thread_blocked, id=508, stack(0x143a0000,0x143f0000)]

Other Threads:
  0x00e5c800 VMThread [stack: 0x010b0000,0x01100000] [id=1908]
  0x00ecc800 WatcherThread [stack: 0x146a0000,0x146f0000] [id=5416]

VM state:not at safepoint (normal execution)

VM Mutex/Monitor currently owned by a thread: None

Heap:
 def new generation   total 8064K, used 6480K [0x03e00000, 0x046c0000, 0x09350000)
  eden space 7168K,  84% used [0x03e00000, 0x043e9af0, 0x04500000)
  from space 896K,  47% used [0x04500000, 0x0456a8c8, 0x045e0000)
  to   space 896K,   0% used [0x045e0000, 0x045e0000, 0x046c0000)
 tenured generation   total 17812K, used 12363K [0x09350000, 0x0a4b5000, 0x13e00000)
   the space 17812K,  69% used [0x09350000, 0x09f62e88, 0x09f63000, 0x0a4b5000)
 Metaspace       used 13079K, capacity 13313K, committed 13440K, reserved 13696K

Card table byte_map: [0x00dc0000,0x00e50000] byte_map_base: 0x00da1000

Polling page: 0x00260000

CodeCache: size=32768Kb used=2634Kb max_used=2634Kb free=30133Kb
 bounds [0x01d70000, 0x02008000, 0x03d70000]
 total_blobs=1687 nmethods=1413 adapters=204
 compilation: enabled

Compilation events (10 events):
Event: 39.341 Thread 0x00ea2400 1412             java.lang.String::valueOf (14 bytes)
Event: 39.341 Thread 0x00ea2400 nmethod 1412 0x02001288 code [0x02001390, 0x0200142c]
Event: 39.349 Thread 0x00ea2400 1413             java.lang.ref.ReferenceQueue::reallyPoll (66 bytes)
Event: 39.350 Thread 0x00ea2400 nmethod 1413 0x02001488 code [0x02001590, 0x020016f0]
Event: 39.352 Thread 0x00ea2400 1414  s          java.util.Hashtable::remove (133 bytes)
Event: 39.352 Thread 0x00ea2400 nmethod 1414 0x02001748 code [0x02001870, 0x02001c18]
Event: 39.352 Thread 0x00ea2400 1415             java.lang.ref.ReferenceQueue::remove (6 bytes)
Event: 39.352 Thread 0x00ea2400 nmethod 1415 0x02001e88 code [0x02001f80, 0x0200201c]
Event: 39.352 Thread 0x00ea2400 1416   !         java.lang.ref.ReferenceQueue::remove (125 bytes)
Event: 39.353 Thread 0x00ea2400 nmethod 1416 0x02002088 code [0x020021d0, 0x02002690]

GC Heap History (10 events):
Event: 2.809 GC heap before
{Heap before GC invocations=14 (full 1):
 def new generation   total 8064K, used 7175K [0x03e00000, 0x046c0000, 0x09350000)
  eden space 7168K,  99% used [0x03e00000, 0x044ff720, 0x04500000)
  from space 896K,   1% used [0x045e0000, 0x045e2600, 0x046c0000)
  to   space 896K,   0% used [0x04500000, 0x04500000, 0x045e0000)
 tenured generation   total 17812K, used 10685K [0x09350000, 0x0a4b5000, 0x13e00000)
   the space 17812K,  59% used [0x09350000, 0x09dbf4f0, 0x09dbf600, 0x0a4b5000)
 Metaspace       used 8810K, capacity 9007K, committed 9088K, reserved 9600K
Event: 2.810 GC heap after
Heap after GC invocations=15 (full 1):
 def new generation   total 8064K, used 9K [0x03e00000, 0x046c0000, 0x09350000)
  eden space 7168K,   0% used [0x03e00000, 0x03e00000, 0x04500000)
  from space 896K,   1% used [0x04500000, 0x04502600, 0x045e0000)
  to   space 896K,   0% used [0x045e0000, 0x045e0000, 0x046c0000)
 tenured generation   total 17812K, used 10685K [0x09350000, 0x0a4b5000, 0x13e00000)
   the space 17812K,  59% used [0x09350000, 0x09dbf4f0, 0x09dbf600, 0x0a4b5000)
 Metaspace       used 8810K, capacity 9007K, committed 9088K, reserved 9600K
}
Event: 7.365 GC heap before
{Heap before GC invocations=15 (full 1):
 def new generation   total 8064K, used 7177K [0x03e00000, 0x046c0000, 0x09350000)
  eden space 7168K, 100% used [0x03e00000, 0x04500000, 0x04500000)
  from space 896K,   1% used [0x04500000, 0x04502600, 0x045e0000)
  to   space 896K,   0% used [0x045e0000, 0x045e0000, 0x046c0000)
 tenured generation   total 17812K, used 10685K [0x09350000, 0x0a4b5000, 0x13e00000)
   the space 17812K,  59% used [0x09350000, 0x09dbf4f0, 0x09dbf600, 0x0a4b5000)
 Metaspace       used 11986K, capacity 12213K, committed 12288K, reserved 12672K
Event: 7.378 GC heap after
Heap after GC invocations=16 (full 1):
 def new generation   total 8064K, used 896K [0x03e00000, 0x046c0000, 0x09350000)
  eden space 7168K,   0% used [0x03e00000, 0x03e00000, 0x04500000)
  from space 896K, 100% used [0x045e0000, 0x046c0000, 0x046c0000)
  to   space 896K,   0% used [0x04500000, 0x04500000, 0x045e0000)
 tenured generation   total 17812K, used 11091K [0x09350000, 0x0a4b5000, 0x13e00000)
   the space 17812K,  62% used [0x09350000, 0x09e24ca8, 0x09e24e00, 0x0a4b5000)
 Metaspace       used 11986K, capacity 12213K, committed 12288K, reserved 12672K
}
Event: 12.875 GC heap before
{Heap before GC invocations=16 (full 1):
 def new generation   total 8064K, used 8064K [0x03e00000, 0x046c0000, 0x09350000)
  eden space 7168K, 100% used [0x03e00000, 0x04500000, 0x04500000)
  from space 896K, 100% used [0x045e0000, 0x046c0000, 0x046c0000)
  to   space 896K,   0% used [0x04500000, 0x04500000, 0x045e0000)
 tenured generation   total 17812K, used 11091K [0x09350000, 0x0a4b5000, 0x13e00000)
   the space 17812K,  62% used [0x09350000, 0x09e24ca8, 0x09e24e00, 0x0a4b5000)
 Metaspace       used 12185K, capacity 12412K, committed 12544K, reserved 12672K
Event: 12.884 GC heap after
Heap after GC invocations=17 (full 1):
 def new generation   total 8064K, used 133K [0x03e00000, 0x046c0000, 0x09350000)
  eden space 7168K,   0% used [0x03e00000, 0x03e00000, 0x04500000)
  from space 896K,  14% used [0x04500000, 0x045216b0, 0x045e0000)
  to   space 896K,   0% used [0x045e0000, 0x045e0000, 0x046c0000)
 tenured generation   total 17812K, used 11977K [0x09350000, 0x0a4b5000, 0x13e00000)
   the space 17812K,  67% used [0x09350000, 0x09f02780, 0x09f02800, 0x0a4b5000)
 Metaspace       used 12185K, capacity 12412K, committed 12544K, reserved 12672K
}
Event: 28.178 GC heap before
{Heap before GC invocations=17 (full 1):
 def new generation   total 8064K, used 7301K [0x03e00000, 0x046c0000, 0x09350000)
  eden space 7168K, 100% used [0x03e00000, 0x04500000, 0x04500000)
  from space 896K,  14% used [0x04500000, 0x045216b0, 0x045e0000)
  to   space 896K,   0% used [0x045e0000, 0x045e0000, 0x046c0000)
 tenured generation   total 17812K, used 11977K [0x09350000, 0x0a4b5000, 0x13e00000)
   the space 17812K,  67% used [0x09350000, 0x09f02780, 0x09f02800, 0x0a4b5000)
 Metaspace       used 13003K, capacity 13217K, committed 13312K, reserved 13696K
Event: 28.190 GC heap after
Heap after GC invocations=18 (full 1):
 def new generation   total 8064K, used 610K [0x03e00000, 0x046c0000, 0x09350000)
  eden space 7168K,   0% used [0x03e00000, 0x03e00000, 0x04500000)
  from space 896K,  68% used [0x045e0000, 0x04678ba0, 0x046c0000)
  to   space 896K,   0% used [0x04500000, 0x04500000, 0x045e0000)
 tenured generation   total 17812K, used 11977K [0x09350000, 0x0a4b5000, 0x13e00000)
   the space 17812K,  67% used [0x09350000, 0x09f02780, 0x09f02800, 0x0a4b5000)
 Metaspace       used 13003K, capacity 13217K, committed 13312K, reserved 13696K
}
Event: 39.328 GC heap before
{Heap before GC invocations=18 (full 1):
 def new generation   total 8064K, used 7778K [0x03e00000, 0x046c0000, 0x09350000)
  eden space 7168K, 100% used [0x03e00000, 0x04500000, 0x04500000)
  from space 896K,  68% used [0x045e0000, 0x04678ba0, 0x046c0000)
  to   space 896K,   0% used [0x04500000, 0x04500000, 0x045e0000)
 tenured generation   total 17812K, used 11977K [0x09350000, 0x0a4b5000, 0x13e00000)
   the space 17812K,  67% used [0x09350000, 0x09f02780, 0x09f02800, 0x0a4b5000)
 Metaspace       used 13052K, capacity 13281K, committed 13440K, reserved 13696K
Event: 39.333 GC heap after
Heap after GC invocations=19 (full 1):
 def new generation   total 8064K, used 426K [0x03e00000, 0x046c0000, 0x09350000)
  eden space 7168K,   0% used [0x03e00000, 0x03e00000, 0x04500000)
  from space 896K,  47% used [0x04500000, 0x0456a8c8, 0x045e0000)
  to   space 896K,   0% used [0x045e0000, 0x045e0000, 0x046c0000)
 tenured generation   total 17812K, used 12363K [0x09350000, 0x0a4b5000, 0x13e00000)
   the space 17812K,  69% used [0x09350000, 0x09f62e88, 0x09f63000, 0x0a4b5000)
 Metaspace       used 13052K, capacity 13281K, committed 13440K, reserved 13696K
}

Deoptimization events (0 events):
No events

Internal exceptions (10 events):
Event: 0.527 Thread 0x00fef400 Exception <a 'java/lang/ClassNotFoundException': ToolBar> (0x040efff0) thrown at [C:\workspace\8-2-build-windows-i586-cygwin\jdk8u92\6642\hotspot\src\share\vm\classfile\systemDictionary.cpp, line 210]
Event: 0.527 Thread 0x00fef400 Exception <a 'java/lang/ClassNotFoundException': ToggleButton> (0x040f0538) thrown at [C:\workspace\8-2-build-windows-i586-cygwin\jdk8u92\6642\hotspot\src\share\vm\classfile\systemDictionary.cpp, line 210]
Event: 0.527 Thread 0x00fef400 Exception <a 'java/lang/ClassNotFoundException': javax/swing/JToolBarSeparator> (0x040f0940) thrown at [C:\workspace\8-2-build-windows-i586-cygwin\jdk8u92\6642\hotspot\src\share\vm\classfile\systemDictionary.cpp, line 210]
Event: 0.527 Thread 0x00fef400 Exception <a 'java/lang/ClassNotFoundException': ToolBarSeparator> (0x040f0d98) thrown at [C:\workspace\8-2-build-windows-i586-cygwin\jdk8u92\6642\hotspot\src\share\vm\classfile\systemDictionary.cpp, line 210]
Event: 0.528 Thread 0x00fef400 Exception <a 'java/lang/ClassNotFoundException': ToolTip> (0x040f1440) thrown at [C:\workspace\8-2-build-windows-i586-cygwin\jdk8u92\6642\hotspot\src\share\vm\classfile\systemDictionary.cpp, line 210]
Event: 0.529 Thread 0x00fef400 Exception <a 'java/lang/ClassNotFoundException': Tree> (0x040f1f28) thrown at [C:\workspace\8-2-build-windows-i586-cygwin\jdk8u92\6642\hotspot\src\share\vm\classfile\systemDictionary.cpp, line 210]
Event: 0.529 Thread 0x00fef400 Exception <a 'java/lang/ClassNotFoundException': Tree> (0x040f25c8) thrown at [C:\workspace\8-2-build-windows-i586-cygwin\jdk8u92\6642\hotspot\src\share\vm\classfile\systemDictionary.cpp, line 210]
Event: 0.529 Thread 0x00fef400 Exception <a 'java/lang/ClassNotFoundException': javax/swing/JTreeCell> (0x040f2900) thrown at [C:\workspace\8-2-build-windows-i586-cygwin\jdk8u92\6642\hotspot\src\share\vm\classfile\systemDictionary.cpp, line 210]
Event: 0.529 Thread 0x00fef400 Exception <a 'java/lang/ClassNotFoundException': TreeCell> (0x040f2d48) thrown at [C:\workspace\8-2-build-windows-i586-cygwin\jdk8u92\6642\hotspot\src\share\vm\classfile\systemDictionary.cpp, line 210]
Event: 0.529 Thread 0x00fef400 Exception <a 'java/lang/ClassNotFoundException': RootPane> (0x040f3508) thrown at [C:\workspace\8-2-build-windows-i586-cygwin\jdk8u92\6642\hotspot\src\share\vm\classfile\systemDictionary.cpp, line 210]

Events (10 events):
Event: 39.344 loading class org/sqlite/jdbc4/JDBC4PreparedStatement
Event: 39.344 loading class org/sqlite/jdbc4/JDBC4PreparedStatement done
Event: 39.345 loading class java/sql/ParameterMetaData
Event: 39.345 loading class java/sql/ParameterMetaData done
Event: 39.345 loading class org/sqlite/jdbc3/JDBC3PreparedStatement
Event: 39.345 loading class org/sqlite/jdbc3/JDBC3PreparedStatement done
Event: 39.346 loading class org/sqlite/core/CorePreparedStatement
Event: 39.346 loading class org/sqlite/core/CorePreparedStatement done
Event: 39.351 loading class java/sql/Date
Event: 39.351 loading class java/sql/Date done


Dynamic libraries:
0x01130000 - 0x01163000 	C:\Program Files\Java\jdk1.8.0_92\bin\javaw.exe
0x77620000 - 0x77762000 	C:\Windows\SYSTEM32\ntdll.dll
0x6c0c0000 - 0x6c0ee000 	C:\Program Files\AVG\Av\avghookx.dll
0x74de0000 - 0x74eb5000 	C:\Windows\system32\kernel32.dll
0x749b0000 - 0x749fb000 	C:\Windows\system32\KERNELBASE.dll
0x76340000 - 0x763e1000 	C:\Windows\system32\ADVAPI32.dll
0x764d0000 - 0x7657c000 	C:\Windows\system32\msvcrt.dll
0x764b0000 - 0x764c9000 	C:\Windows\SYSTEM32\sechost.dll
0x74be0000 - 0x74c82000 	C:\Windows\system32\RPCRT4.dll
0x74ec0000 - 0x74f89000 	C:\Windows\system32\USER32.dll
0x752a0000 - 0x752ee000 	C:\Windows\system32\GDI32.dll
0x77770000 - 0x7777a000 	C:\Windows\system32\LPK.dll
0x76770000 - 0x7680d000 	C:\Windows\system32\USP10.dll
0x73710000 - 0x738ae000 	C:\Windows\WinSxS\x86_microsoft.windows.common-controls_6595b64144ccf1df_6.0.7601.18837_none_41e855142bd5705d\COMCTL32.dll
0x74c90000 - 0x74ce7000 	C:\Windows\system32\SHLWAPI.dll
0x74a10000 - 0x74a2f000 	C:\Windows\system32\IMM32.DLL
0x74f90000 - 0x7505c000 	C:\Windows\system32\MSCTF.dll
0x52cc0000 - 0x52d7f000 	C:\Program Files\Java\jdk1.8.0_92\jre\bin\msvcr100.dll
0x6cf90000 - 0x6d35b000 	C:\Program Files\Java\jdk1.8.0_92\jre\bin\client\jvm.dll
0x71160000 - 0x71167000 	C:\Windows\system32\WSOCK32.dll
0x74a40000 - 0x74a75000 	C:\Windows\system32\WS2_32.dll
0x74a80000 - 0x74a86000 	C:\Windows\system32\NSI.dll
0x72ac0000 - 0x72af2000 	C:\Windows\system32\WINMM.dll
0x73b70000 - 0x73b79000 	C:\Windows\system32\VERSION.dll
0x74d70000 - 0x74d75000 	C:\Windows\system32\PSAPI.DLL
0x77190000 - 0x7719c000 	C:\Program Files\Java\jdk1.8.0_92\jre\bin\verify.dll
0x76b00000 - 0x76b21000 	C:\Program Files\Java\jdk1.8.0_92\jre\bin\java.dll
0x76b40000 - 0x76b53000 	C:\Program Files\Java\jdk1.8.0_92\jre\bin\zip.dll
0x752f0000 - 0x75f3b000 	C:\Windows\system32\SHELL32.dll
0x76580000 - 0x766dd000 	C:\Windows\system32\ole32.dll
0x746e0000 - 0x746eb000 	C:\Windows\system32\profapi.dll
0x6ca00000 - 0x6cb45000 	C:\Program Files\Java\jdk1.8.0_92\jre\bin\awt.dll
0x76420000 - 0x764af000 	C:\Windows\system32\OLEAUT32.dll
0x73270000 - 0x73283000 	C:\Windows\system32\DWMAPI.DLL
0x736d0000 - 0x73710000 	C:\Windows\system32\uxtheme.dll
0x745b0000 - 0x745bc000 	C:\Windows\system32\CRYPTBASE.dll
0x6ae60000 - 0x6b023000 	C:\Windows\system32\d3d9.dll
0x6b3d0000 - 0x6b3d6000 	C:\Windows\system32\d3d8thk.dll
0x52de0000 - 0x5374e000 	C:\Windows\system32\nvd3dum.dll
0x72f30000 - 0x72f55000 	C:\Windows\system32\powrprof.dll
0x76150000 - 0x762ed000 	C:\Windows\system32\SETUPAPI.dll
0x748c0000 - 0x748e7000 	C:\Windows\system32\CFGMGR32.dll
0x74890000 - 0x748a2000 	C:\Windows\system32\DEVOBJ.dll
0x769a0000 - 0x769d9000 	C:\Program Files\Java\jdk1.8.0_92\jre\bin\fontmanager.dll
0x76ac0000 - 0x76ae0000 	C:\Program Files\Java\jdk1.8.0_92\jre\bin\sunec.dll
0x74110000 - 0x74127000 	C:\Windows\system32\CRYPTSP.dll
0x73e30000 - 0x73e6b000 	C:\Windows\system32\rsaenh.dll
0x74740000 - 0x74757000 	C:\Windows\system32\USERENV.dll
0x76ae0000 - 0x76af6000 	C:\Program Files\Java\jdk1.8.0_92\jre\bin\net.dll
0x740d0000 - 0x7410c000 	C:\Windows\system32\mswsock.dll
0x740c0000 - 0x740c6000 	C:\Windows\System32\wship6.dll
0x726f0000 - 0x7270c000 	C:\Windows\system32\IPHLPAPI.DLL
0x726e0000 - 0x726e7000 	C:\Windows\system32\WINNSI.DLL
0x72270000 - 0x72282000 	C:\Windows\system32\dhcpcsvc.DLL
0x72260000 - 0x7226d000 	C:\Windows\system32\dhcpcsvc6.DLL
0x771e0000 - 0x771ef000 	C:\Program Files\Java\jdk1.8.0_92\jre\bin\nio.dll
0x77180000 - 0x77189000 	C:\Program Files\Java\jdk1.8.0_92\jre\bin\sunmscapi.dll
0x74760000 - 0x74881000 	C:\Windows\system32\CRYPT32.dll
0x746f0000 - 0x746fc000 	C:\Windows\system32\MSASN1.dll
0x72890000 - 0x728a0000 	C:\Windows\system32\NLAapi.dll
0x6b3c0000 - 0x6b3d0000 	C:\Windows\system32\napinsp.dll
0x69de0000 - 0x69df2000 	C:\Windows\system32\pnrpnsp.dll
0x69dd0000 - 0x69ddd000 	C:\Windows\system32\wshbth.dll
0x73f10000 - 0x73f54000 	C:\Windows\system32\DNSAPI.dll
0x69dc0000 - 0x69dc8000 	C:\Windows\System32\winrnr.dll
0x71600000 - 0x71621000 	C:\Program Files\Bonjour\mdnsNSP.dll
0x73c00000 - 0x73c05000 	C:\Windows\System32\wshtcpip.dll
0x715f0000 - 0x715f6000 	C:\Windows\system32\rasadhlp.dll
0x72300000 - 0x72338000 	C:\Windows\System32\fwpuclnt.dll
0x76a70000 - 0x76a96000 	C:\Program Files\Java\jdk1.8.0_92\jre\bin\jpeg.dll
0x76a40000 - 0x76a70000 	C:\Program Files\Java\jdk1.8.0_92\jre\bin\lcms.dll
0x6f310000 - 0x6f342000 	C:\Program Files\Java\jdk1.8.0_92\jre\bin\t2k.dll
0x766e0000 - 0x76763000 	C:\Windows\system32\CLBCatQ.DLL
0x6cd90000 - 0x6cdb4000 	C:\Program Files\Java\jdk1.8.0_92\jre\bin\dcpr.dll
0x1bc20000 - 0x1bcd0000 	C:\Users\dzungcsu\AppData\Local\Temp\sqlite-3.8.11.2-fc3a2c6b-aff5-472e-8d86-b3e5d820bf50-sqlitejdbc.dll
0x73100000 - 0x73231000 	C:\Windows\system32\WindowsCodecs.dll
0x74620000 - 0x7466c000 	C:\Windows\system32\apphelp.dll
0x5ec00000 - 0x5ec8f000 	C:\Program Files\Google\Drive\googledrivesync32.dll
0x6bcd0000 - 0x6bd5e000 	C:\Windows\WinSxS\x86_microsoft.vc90.crt_1fc8b3b9a1e18e3b_9.0.30729.6161_none_50934f2ebcb7eb57\MSVCP90.dll
0x6bc20000 - 0x6bcc3000 	C:\Windows\WinSxS\x86_microsoft.vc90.crt_1fc8b3b9a1e18e3b_9.0.30729.6161_none_50934f2ebcb7eb57\MSVCR90.dll
0x6b6b0000 - 0x6b6e5000 	C:\Users\dzungcsu\AppData\Roaming\Dropbox\bin\DropboxExt.34.dll
0x6df80000 - 0x6e004000 	C:\Windows\WinSxS\x86_microsoft.windows.common-controls_6595b64144ccf1df_5.82.7601.18837_none_ec86b8d6858ec0bc\comctl32.dll
0x73290000 - 0x73385000 	C:\Windows\system32\propsys.dll
0x73420000 - 0x73441000 	C:\Windows\system32\ntmarta.dll
0x762f0000 - 0x76335000 	C:\Windows\system32\WLDAP32.dll
0x59cd0000 - 0x59e68000 	C:\Windows\system32\NetworkExplorer.dll
0x5c0d0000 - 0x5c0ff000 	C:\Windows\System32\shdocvw.dll
0x72820000 - 0x7282a000 	C:\Windows\system32\slc.dll
0x6be80000 - 0x6be92000 	C:\Windows\system32\MPR.dll
0x5f200000 - 0x5f208000 	C:\Windows\System32\drprov.dll
0x73d40000 - 0x73d69000 	C:\Windows\System32\WINSTA.dll
0x5a060000 - 0x5a074000 	C:\Windows\System32\ntlanman.dll
0x5a000000 - 0x5a017000 	C:\Windows\System32\davclnt.dll
0x5f700000 - 0x5f708000 	C:\Windows\System32\DAVHLPR.dll
0x72d20000 - 0x72d2f000 	C:\Windows\system32\wkscli.dll
0x6ba00000 - 0x6ba0b000 	C:\Windows\system32\cscapi.dll
0x74230000 - 0x74239000 	C:\Windows\system32\netutils.dll
0x28960000 - 0x28b98000 	C:\Windows\system32\wpdshext.dll
0x73540000 - 0x736d0000 	C:\Windows\WinSxS\x86_microsoft.windows.gdiplus_6595b64144ccf1df_1.1.7601.23407_none_5c02a2f5a011f9be\gdiplus.dll
0x65240000 - 0x652c9000 	C:\Windows\system32\PortableDeviceApi.dll
0x74980000 - 0x749af000 	C:\Windows\system32\WINTRUST.dll
0x647b0000 - 0x647db000 	C:\Windows\system32\PortableDeviceTypes.dll
0x769e0000 - 0x76a1f000 	C:\Windows\system32\audiodev.dll
0x642b0000 - 0x64517000 	C:\Windows\system32\WMVCore.DLL
0x64b70000 - 0x64bad000 	C:\Windows\system32\WMASF.DLL
0x64550000 - 0x64581000 	C:\Windows\system32\EhStorShell.dll
0x71950000 - 0x71972000 	C:\Windows\system32\EhStorAPI.dll
0x5f800000 - 0x5f809000 	C:\Windows\system32\LINKINFO.dll
0x6a580000 - 0x6a66b000 	C:\Windows\system32\dbghelp.dll

VM Arguments:
jvm_args: -Djava.library.path=C:\Program Files\IBM\ILOG\CPLEX_Studio126\cplex\bin\x86_win32 -Dfile.encoding=Cp1252 
java_command: spectrumGUI.Spectrum_Main
java_class_path (initial): C:\SpectrumLite\bin;C:\SpectrumLite_Documents\Setup\sqlite-jdbc-3.8.11.2.jar;C:\Program Files\IBM\ILOG\CPLEX_Studio126\cplex\lib\cplex.jar
Launcher Type: SUN_STANDARD

Environment Variables:
PATH=C:/Program Files/Java/jdk1.8.0_92/jre/bin/server;C:/Program Files/Java/jdk1.8.0_92/jre/bin;C:/Program Files/Java/jdk1.8.0_92/jre/lib/i386;C:\ProgramData\Oracle\Java\javapath;C:\Program Files\IBM\ILOG\CPLEX_Studio126\opl\bin\x86_win32;C:\Program Files\IBM\ILOG\CPLEX_Studio126\opl\oplide\;C:\Program Files\IBM\ILOG\CPLEX_Studio126\cplex\bin\x86_win32;C:\Program Files\IBM\ILOG\CPLEX_Studio126\cpoptimizer\bin\x86_win32;C:\Windows\SYSTEM32;C:\Windows;C:\Windows\SYSTEM32\WBEM;C:\Windows\SYSTEM32\WINDOWSPOWERSHELL\V1.0\;C:\PROGRAM FILES\MICROSOFT SQL SERVER\100\TOOLS\BINN\;C:\PROGRAM FILES\MICROSOFT SQL SERVER\100\DTS\BINN\;C:\PROGRA~1\FARSTONE\VIRTUA~1\;C:\WINDOWS;C:\WINDOWS\SYSTEM32\WBEM;C:\WINDOWS\SYSTEM32;C:\PROGRAM FILES\FARSTONE\VIRTUALDRIVE\VDP;C:\PROGRA~1\FARSTONE\VIRTUA~1\DVDCRE~1;c:\Program Files\Microsoft SQL Server\100\Tools\Binn\VSShell\Common7\IDE\;C:\Program Files\IBM\ILOGNEW\CPLEX_Studio_Preview125\opl\bin\x86_win32;C:\Program Files\IBM\ILOGNEW\CPLEX_Studio_Preview125\opl\oplide\;C:\Program Files\IBM\ILOGNEW\CPLEX_Studio_Preview125\cplex\bin\x86_win32;C:\Program Files\IBM\ILOGNEW\CPLEX_Studio_Preview125\cpoptimizer\bin\x86_win32?;C:\Program Files\Skype\Phone\;C:\Program Files\Java\jdk1.8.0_92\bin;C:\Users\dzungcsu\Desktop;
USERNAME=dzungcsu
OS=Windows_NT
PROCESSOR_IDENTIFIER=x86 Family 6 Model 23 Stepping 10, GenuineIntel



---------------  S Y S T E M  ---------------

OS: Windows 7 Build 7601 (6.1.7601.23392)

CPU:total 2 (2 cores per cpu, 1 threads per core) family 6 model 23 stepping 10, cmov, cx8, fxsr, mmx, sse, sse2, sse3, ssse3, sse4.1, tsc

Memory: 4k page, physical 2873956k(732300k free), swap 5747912k(1812556k free)

vm_info: Java HotSpot(TM) Client VM (25.92-b14) for windows-x86 JRE (1.8.0_92-b14), built on Mar 31 2016 21:09:21 by "java_re" with MS VC++ 10.0 (VS2010)

time: Mon Jun 27 12:34:37 2016
elapsed time: 39 seconds (0d 0h 0m 39s)

