#
# A fatal error has been detected by the Java Runtime Environment:
#
#  EXCEPTION_ACCESS_VIOLATION (0xc0000005) at pc=0x00007ffbb30769e0, pid=6416, tid=0x0000000000003b2c
#
# JRE version: Java(TM) SE Runtime Environment (8.0_92-b14) (build 1.8.0_92-b14)
# Java VM: Java HotSpot(TM) 64-Bit Server VM (25.92-b14 mixed mode windows-amd64 compressed oops)
# Problematic frame:
# C  [cplex1260remotejni.dll+0x369e0]
#
# Failed to write core dump. Minidumps are not enabled by default on client versions of Windows
#
# If you would like to submit a bug report, please visit:
#   http://bugreport.java.com/bugreport/crash.jsp
# The crash happened outside the Java Virtual Machine in native code.
# See problematic frame for where to report the bug.
#

---------------  T H R E A D  ---------------

Current thread (0x0000000027a6f000):  JavaThread "AWT-EventQueue-0" [_thread_in_native, id=15148, stack(0x0000000029790000,0x0000000029890000)]

siginfo: ExceptionCode=0xc0000005, reading address 0x000000012d911260

Registers:
RAX=0x000000002c061310, RBX=0x00000000000004e8, RCX=0x000000004062c000, RDX=0x0000000000000000
RSP=0x000000002988b250, RBP=0x000000002c061924, RSI=0x000000002c061260, RDI=0x0000000000000001
R8 =0x000000002c0619d4, R9 =0x000000002c058b00, R10=0x000000000000001a, R11=0x0000000000000000
R12=0x0000000000000001, R13=0x0000000000000002, R14=0x0000000000000014, R15=0x0000000000000000
RIP=0x00007ffbb30769e0, EFLAGS=0x0000000000010202

Top of Stack: (sp=0x000000002988b250)
0x000000002988b250:   000000002988b2a8 0000000000000010
0x000000002988b260:   000000071de9d2a8 000000002988b218
0x000000002988b270:   000000002c0146e0 000000002c0617d0
0x000000002988b280:   0000000000000000 000000002c051f30
0x000000002988b290:   0000000000000001 0000000000000150
0x000000002988b2a0:   3ddb7cdfd9d7bdbb 0000000000000000
0x000000002988b2b0:   3eb0c6f7a0b5ed8d 0000000000000000
0x000000002988b2c0:   4024000000000000 0000000000000000
0x000000002988b2d0:   3d3c25c268497682 0000000000000000
0x000000002988b2e0:   4f81afd6ec0e1411 0000000000000000
0x000000002988b2f0:   0000000000000000 000000002c061670
0x000000002988b300:   000000002c079f10 000000002c079ad0
0x000000002988b310:   0000000027a6f000 0000000000000000
0x000000002988b320:   4008000000000000 000000002c014830
0x000000002988b330:   000000002c014598 0000000000000000
0x000000002988b340:   000000002c05b720 000000000000002a 

Instructions: (pc=0x00007ffbb30769e0)
0x00007ffbb30769c0:   02 00 00 48 8b b4 24 a8 02 00 00 48 8b bc 24 f8
0x00007ffbb30769d0:   01 00 00 4c 8b 84 24 a0 01 00 00 48 63 4c 95 00
0x00007ffbb30769e0:   83 3c 8e 00 74 0b 49 63 0c 90 c7 04 88 01 00 00
0x00007ffbb30769f0:   00 48 ff c2 48 3b d7 7c e2 41 8b 49 08 48 8d 04 


Register to memory mapping:

RAX=0x000000002c061310 is an unknown value
RBX=0x00000000000004e8 is an unknown value
RCX=0x000000004062c000 is an unknown value
RDX=0x0000000000000000 is an unknown value
RSP=0x000000002988b250 is pointing into the stack for thread: 0x0000000027a6f000
RBP=0x000000002c061924 is an unknown value
RSI=0x000000002c061260 is an unknown value
RDI=0x0000000000000001 is an unknown value
R8 =0x000000002c0619d4 is an unknown value
R9 =0x000000002c058b00 is an unknown value
R10=0x000000000000001a is an unknown value
R11=0x0000000000000000 is an unknown value
R12=0x0000000000000001 is an unknown value
R13=0x0000000000000002 is an unknown value
R14=0x0000000000000014 is an unknown value
R15=0x0000000000000000 is an unknown value


Stack: [0x0000000029790000,0x0000000029890000],  sp=0x000000002988b250,  free space=1004k
Native frames: (J=compiled Java code, j=interpreted, Vv=VM code, C=native code)
C  [cplex1260remotejni.dll+0x369e0]
C  [cplex1260remotejni.dll+0x347b8]
C  [cplex1260remotejni.dll+0x9bfab]
C  [cplex1260remotejni.dll+0x97b9b]
C  [cplex1260remotejni.dll+0x8ad63]
C  [cplex1260remotejni.dll+0x14b48]
C  [cplex1260remotejni.dll+0x13261]
C  [cplex1260remotejni.dll+0x40ede]
C  [cplex1260remotejni.dll+0x403e4]
C  [cplex1260remotejni.dll+0x2b2fc4]
C  [cplex1260remotejni.dll+0x2b2e5c]
C  [cplex1260remotejni.dll+0x2df78b]
C  [cplex1260remotejni.dll+0x2b280d]
C  [cplex1260remotejni.dll+0x322dd0]
C  [cplex1260remotejni.dll+0x3070e8]
C  [cplex1260remotejni.dll+0x6901f8]
C  0x0000000002e37f54

Java frames: (J=compiled Java code, j=interpreted, Vv=VM code)
j  ilog.cplex.Cplex.CPXlpopt(JJ)I+0
j  ilog.cplex.CplexI$SolveHandle.start()V+808
j  ilog.cplex.CplexI.solve()V+12
j  ilog.cplex.IloCplex.solve()Z+4
j  spectrumYieldProject.Panel_SolveRun.SolveProblem(ILjava/io/File;)V+5398
j  spectrumYieldProject.Panel_SolveRun.<init>()V+393
j  spectrumYieldProject.Panel_YieldProject.solve_Runs()V+429
j  spectrumYieldProject.Panel_YieldProject$7.actionPerformed(Ljava/awt/event/ActionEvent;)V+4
j  javax.swing.AbstractButton.fireActionPerformed(Ljava/awt/event/ActionEvent;)V+83
j  javax.swing.AbstractButton$Handler.actionPerformed(Ljava/awt/event/ActionEvent;)V+5
j  javax.swing.DefaultButtonModel.fireActionPerformed(Ljava/awt/event/ActionEvent;)V+34
j  javax.swing.DefaultButtonModel.setPressed(Z)V+117
j  javax.swing.plaf.basic.BasicButtonListener.mouseReleased(Ljava/awt/event/MouseEvent;)V+35
j  java.awt.Component.processMouseEvent(Ljava/awt/event/MouseEvent;)V+64
j  javax.swing.JComponent.processMouseEvent(Ljava/awt/event/MouseEvent;)V+23
j  java.awt.Component.processEvent(Ljava/awt/AWTEvent;)V+81
j  java.awt.Container.processEvent(Ljava/awt/AWTEvent;)V+18
j  java.awt.Component.dispatchEventImpl(Ljava/awt/AWTEvent;)V+589
J 1591 C1 java.awt.Container.dispatchEventImpl(Ljava/awt/AWTEvent;)V (129 bytes) @ 0x00000000032ef04c [0x00000000032eef00+0x14c]
J 1590 C1 java.awt.Component.dispatchEvent(Ljava/awt/AWTEvent;)V (6 bytes) @ 0x00000000032f0004 [0x00000000032eff00+0x104]
j  java.awt.LightweightDispatcher.retargetMouseEvent(Ljava/awt/Component;ILjava/awt/event/MouseEvent;)V+327
j  java.awt.LightweightDispatcher.processMouseEvent(Ljava/awt/event/MouseEvent;)Z+155
j  java.awt.LightweightDispatcher.dispatchEvent(Ljava/awt/AWTEvent;)Z+50
J 1591 C1 java.awt.Container.dispatchEventImpl(Ljava/awt/AWTEvent;)V (129 bytes) @ 0x00000000032eefec [0x00000000032eef00+0xec]
j  java.awt.Window.dispatchEventImpl(Ljava/awt/AWTEvent;)V+19
J 1637 C1 java.awt.EventQueue.dispatchEventImpl(Ljava/awt/AWTEvent;Ljava/lang/Object;)V (149 bytes) @ 0x000000000331083c [0x000000000330efc0+0x187c]
J 1635 C1 java.awt.EventQueue$3.run()Ljava/lang/Void; (60 bytes) @ 0x000000000330d31c [0x000000000330d100+0x21c]
J 1634 C1 java.awt.EventQueue$3.run()Ljava/lang/Object; (5 bytes) @ 0x000000000330ea8c [0x000000000330ea00+0x8c]
v  ~StubRoutines::call_stub
J 1236  java.security.AccessController.doPrivileged(Ljava/security/PrivilegedAction;Ljava/security/AccessControlContext;)Ljava/lang/Object; (0 bytes) @ 0x0000000003237166 [0x0000000003237100+0x66]
J 1239 C1 java.security.ProtectionDomain$JavaSecurityAccessImpl.doIntersectionPrivilege(Ljava/security/PrivilegedAction;Ljava/security/AccessControlContext;Ljava/security/AccessControlContext;)Ljava/lang/Object; (22 bytes) @ 0x000000000323893c [0x00000000032384c0+0x47c]
j  java.security.ProtectionDomain$JavaSecurityAccessImpl.doIntersectionPrivilege(Ljava/security/PrivilegedAction;Ljava/security/AccessControlContext;)Ljava/lang/Object;+6
j  java.awt.EventQueue$4.run()Ljava/lang/Void;+11
j  java.awt.EventQueue$4.run()Ljava/lang/Object;+1
v  ~StubRoutines::call_stub
J 1236  java.security.AccessController.doPrivileged(Ljava/security/PrivilegedAction;Ljava/security/AccessControlContext;)Ljava/lang/Object; (0 bytes) @ 0x0000000003237166 [0x0000000003237100+0x66]
J 1559 C1 java.awt.EventQueue.dispatchEvent(Ljava/awt/AWTEvent;)V (80 bytes) @ 0x00000000032dc0bc [0x00000000032db200+0xebc]
J 1566 C1 java.awt.EventDispatchThread.pumpOneEventForFilters(I)V (295 bytes) @ 0x00000000032e1614 [0x00000000032df940+0x1cd4]
j  java.awt.EventDispatchThread.pumpEventsForFilter(ILjava/awt/Conditional;Ljava/awt/EventFilter;)V+35
j  java.awt.EventDispatchThread.pumpEventsForHierarchy(ILjava/awt/Conditional;Ljava/awt/Component;)V+11
j  java.awt.EventDispatchThread.pumpEvents(ILjava/awt/Conditional;)V+4
j  java.awt.EventDispatchThread.pumpEvents(Ljava/awt/Conditional;)V+3
j  java.awt.EventDispatchThread.run()V+9
v  ~StubRoutines::call_stub

---------------  P R O C E S S  ---------------

Java Threads: ( => current thread )
  0x0000000027f0e800 JavaThread "Keep-Alive-SocketCleaner" daemon [_thread_blocked, id=16364, stack(0x000000002beb0000,0x000000002bfb0000)]
  0x000000002821e000 JavaThread "Image Fetcher 3" daemon [_thread_blocked, id=5656, stack(0x000000002bdb0000,0x000000002beb0000)]
  0x0000000027fbe800 JavaThread "TimerQueue" daemon [_thread_blocked, id=19832, stack(0x000000002ace0000,0x000000002ade0000)]
  0x0000000027cf2800 JavaThread "Keep-Alive-Timer" daemon [_thread_blocked, id=18124, stack(0x000000002a8e0000,0x000000002a9e0000)]
  0x0000000002d10800 JavaThread "DestroyJavaVM" [_thread_blocked, id=13260, stack(0x00000000014e0000,0x00000000015e0000)]
=>0x0000000027a6f000 JavaThread "AWT-EventQueue-0" [_thread_in_native, id=15148, stack(0x0000000029790000,0x0000000029890000)]
  0x000000002762e000 JavaThread "AWT-Windows" daemon [_thread_in_native, id=20468, stack(0x00000000284e0000,0x00000000285e0000)]
  0x0000000027624800 JavaThread "AWT-Shutdown" [_thread_blocked, id=10180, stack(0x00000000283e0000,0x00000000284e0000)]
  0x0000000027622800 JavaThread "Java2D Disposer" daemon [_thread_blocked, id=15904, stack(0x00000000282e0000,0x00000000283e0000)]
  0x0000000027262000 JavaThread "Service Thread" daemon [_thread_blocked, id=4736, stack(0x0000000027740000,0x0000000027840000)]
  0x0000000027248800 JavaThread "C1 CompilerThread2" daemon [_thread_blocked, id=16532, stack(0x0000000027640000,0x0000000027740000)]
  0x00000000259f1800 JavaThread "C2 CompilerThread1" daemon [_thread_blocked, id=18528, stack(0x0000000027140000,0x0000000027240000)]
  0x00000000259ee800 JavaThread "C2 CompilerThread0" daemon [_thread_blocked, id=3904, stack(0x0000000027040000,0x0000000027140000)]
  0x00000000259ec000 JavaThread "Attach Listener" daemon [_thread_blocked, id=13132, stack(0x0000000026f40000,0x0000000027040000)]
  0x00000000259eb000 JavaThread "Signal Dispatcher" daemon [_thread_blocked, id=17844, stack(0x0000000026e40000,0x0000000026f40000)]
  0x0000000002e0a000 JavaThread "Finalizer" daemon [_thread_blocked, id=17288, stack(0x0000000026c50000,0x0000000026d50000)]
  0x0000000002dff000 JavaThread "Reference Handler" daemon [_thread_blocked, id=16144, stack(0x0000000026b50000,0x0000000026c50000)]

Other Threads:
  0x00000000259b7800 VMThread [stack: 0x0000000026a50000,0x0000000026b50000] [id=10248]
  0x0000000027267800 WatcherThread [stack: 0x0000000027840000,0x0000000027940000] [id=19184]

VM state:not at safepoint (normal execution)

VM Mutex/Monitor currently owned by a thread: None

Heap:
 PSYoungGen      total 153088K, used 130703K [0x0000000715f00000, 0x0000000720980000, 0x00000007c0000000)
  eden space 131584K, 99% used [0x0000000715f00000,0x000000071dea3fa8,0x000000071df80000)
  from space 21504K, 0% used [0x000000071f480000,0x000000071f480000,0x0000000720980000)
  to   space 21504K, 0% used [0x000000071df80000,0x000000071df80000,0x000000071f480000)
 ParOldGen       total 349696K, used 0K [0x00000005c1c00000, 0x00000005d7180000, 0x0000000715f00000)
  object space 349696K, 0% used [0x00000005c1c00000,0x00000005c1c00000,0x00000005d7180000)
 Metaspace       used 20295K, capacity 20542K, committed 20864K, reserved 1067008K
  class space    used 2574K, capacity 2683K, committed 2688K, reserved 1048576K

Card table byte_map: [0x00000000121e0000,0x00000000131e0000] byte_map_base: 0x000000000f3d2000

Marking Bits: (ParMarkBitMap*) 0x000000005fae64f0
 Begin Bits: [0x0000000014090000, 0x000000001c020000)
 End Bits:   [0x000000001c020000, 0x0000000023fb0000)

Polling page: 0x00000000013c0000

CodeCache: size=245760Kb used=5772Kb max_used=5772Kb free=239987Kb
 bounds [0x0000000002e20000, 0x00000000033d0000, 0x0000000011e20000]
 total_blobs=2513 nmethods=1819 adapters=606
 compilation: enabled

Compilation events (10 events):
Event: 6.563 Thread 0x0000000027248800 nmethod 1813 0x00000000033af6d0 code [0x00000000033af8a0, 0x00000000033b03a8]
Event: 6.563 Thread 0x0000000027248800 1815       1       ilog.cplex.IloCplex$Param::getValue (5 bytes)
Event: 6.563 Thread 0x0000000027248800 nmethod 1815 0x00000000033af410 code [0x00000000033af560, 0x00000000033af670]
Event: 6.564 Thread 0x0000000027248800 1816       3       sun.misc.PerfCounter::addElapsedTimeFrom (10 bytes)
Event: 6.564 Thread 0x0000000027248800 nmethod 1816 0x00000000033aded0 code [0x00000000033ae080, 0x00000000033ae7d8]
Event: 6.564 Thread 0x0000000027248800 1817   !   3       java.lang.ClassLoader::findNative (86 bytes)
Event: 6.565 Thread 0x0000000027248800 nmethod 1817 0x00000000033b5f90 code [0x00000000033b6140, 0x00000000033b6a18]
Event: 6.565 Thread 0x0000000027248800 1818       3       java.nio.Buffer::remaining (10 bytes)
Event: 6.565 Thread 0x0000000027248800 nmethod 1818 0x00000000033b5c90 code [0x00000000033b5de0, 0x00000000033b5f30]
Event: 6.565 Thread 0x0000000027248800 1819       3       java.nio.Buffer::limit (62 bytes)

GC Heap History (0 events):
No events

Deoptimization events (10 events):
Event: 3.760 Thread 0x0000000027a6f000 Uncommon trap: reason=unstable_if action=reinterpret pc=0x00000000032155f4 method=java.awt.MultipleGradientPaintContext.indexIntoGradientsArrays(F)I @ 93
Event: 4.209 Thread 0x0000000027a6f000 Uncommon trap: reason=unstable_if action=reinterpret pc=0x000000000311e73c method=java.util.HashMap.resize()[Ljava/util/HashMap$Node; @ 206
Event: 4.224 Thread 0x0000000027a6f000 Uncommon trap: reason=unstable_if action=reinterpret pc=0x00000000030804d8 method=java.util.HashMap.putVal(ILjava/lang/Object;Ljava/lang/Object;ZZ)Ljava/lang/Object; @ 109
Event: 4.264 Thread 0x0000000027a6f000 Uncommon trap: reason=null_check action=make_not_entrant pc=0x000000000328bd7c method=javax.swing.plaf.nimbus.DerivedColor.equals(Ljava/lang/Object;)Z @ 8
Event: 4.332 Thread 0x0000000027a6f000 Uncommon trap: reason=class_check action=maybe_recompile pc=0x0000000002fabdd8 method=java.lang.String.equals(Ljava/lang/Object;)Z @ 8
Event: 5.128 Thread 0x0000000027a6f000 Uncommon trap: reason=class_check action=maybe_recompile pc=0x000000000328b648 method=javax.swing.plaf.nimbus.DerivedColor$UIResource.equals(Ljava/lang/Object;)Z @ 1
Event: 6.301 Thread 0x0000000027a6f000 Uncommon trap: reason=class_check action=maybe_recompile pc=0x000000000328b648 method=javax.swing.plaf.nimbus.DerivedColor$UIResource.equals(Ljava/lang/Object;)Z @ 1
Event: 6.301 Thread 0x0000000027a6f000 Uncommon trap: reason=class_check action=maybe_recompile pc=0x000000000328b648 method=javax.swing.plaf.nimbus.DerivedColor$UIResource.equals(Ljava/lang/Object;)Z @ 1
Event: 6.302 Thread 0x0000000027a6f000 Uncommon trap: reason=class_check action=maybe_recompile pc=0x000000000328b648 method=javax.swing.plaf.nimbus.DerivedColor$UIResource.equals(Ljava/lang/Object;)Z @ 1
Event: 6.470 Thread 0x000000002821e000 Uncommon trap: reason=unstable_if action=reinterpret pc=0x000000000318e28c method=sun.awt.image.ByteInterleavedRaster.putByteData(IIII[B)V @ 79

Internal exceptions (10 events):
Event: 0.272 Thread 0x0000000027a6f000 Exception <a 'java/lang/ClassNotFoundException': ToolBarSeparator> (0x0000000716712e18) thrown at [D:\re\workspace\8-2-build-windows-amd64-cygwin\jdk8u92\6642\hotspot\src\share\vm\classfile\systemDictionary.cpp, line 210]
Event: 0.272 Thread 0x0000000027a6f000 Exception <a 'java/lang/ClassNotFoundException': ToolTip> (0x0000000716713558) thrown at [D:\re\workspace\8-2-build-windows-amd64-cygwin\jdk8u92\6642\hotspot\src\share\vm\classfile\systemDictionary.cpp, line 210]
Event: 0.273 Thread 0x0000000027a6f000 Exception <a 'java/lang/ClassNotFoundException': Tree> (0x0000000716714178) thrown at [D:\re\workspace\8-2-build-windows-amd64-cygwin\jdk8u92\6642\hotspot\src\share\vm\classfile\systemDictionary.cpp, line 210]
Event: 0.273 Thread 0x0000000027a6f000 Exception <a 'java/lang/ClassNotFoundException': Tree> (0x00000007167148b8) thrown at [D:\re\workspace\8-2-build-windows-amd64-cygwin\jdk8u92\6642\hotspot\src\share\vm\classfile\systemDictionary.cpp, line 210]
Event: 0.273 Thread 0x0000000027a6f000 Exception <a 'java/lang/ClassNotFoundException': javax/swing/JTreeCell> (0x0000000716714c38) thrown at [D:\re\workspace\8-2-build-windows-amd64-cygwin\jdk8u92\6642\hotspot\src\share\vm\classfile\systemDictionary.cpp, line 210]
Event: 0.273 Thread 0x0000000027a6f000 Exception <a 'java/lang/ClassNotFoundException': TreeCell> (0x00000007167150c0) thrown at [D:\re\workspace\8-2-build-windows-amd64-cygwin\jdk8u92\6642\hotspot\src\share\vm\classfile\systemDictionary.cpp, line 210]
Event: 0.273 Thread 0x0000000027a6f000 Exception <a 'java/lang/ClassNotFoundException': RootPane> (0x0000000716715938) thrown at [D:\re\workspace\8-2-build-windows-amd64-cygwin\jdk8u92\6642\hotspot\src\share\vm\classfile\systemDictionary.cpp, line 210]
Event: 0.606 Thread 0x0000000027a6f000 Implicit null exception at 0x00000000030ddd38 to 0x00000000030ddeb1
Event: 4.264 Thread 0x0000000027a6f000 Implicit null exception at 0x000000000328ba5a to 0x000000000328bd6d
Event: 6.476 Thread 0x000000002821e000 Exception <a 'java/lang/InterruptedException': sleep interrupted> (0x000000071d76c340) thrown at [D:\re\workspace\8-2-build-windows-amd64-cygwin\jdk8u92\6642\hotspot\src\share\vm\prims\jvm.cpp, line 3167]

Events (10 events):
Event: 6.560 loading class ilog/cplex/IloCplex$IntParam$_NetItLim
Event: 6.560 loading class ilog/cplex/IloCplex$IntParam$_NetItLim done
Event: 6.561 loading class ilog/cplex/IloCplex$DoubleParam
Event: 6.561 loading class ilog/cplex/IloCplex$DoubleParam done
Event: 6.562 loading class ilog/cplex/IloCplex$StringParam
Event: 6.562 loading class ilog/cplex/IloCplex$StringParam done
Event: 6.563 loading class ilog/cplex/CplexI$SolveHandle
Event: 6.563 loading class ilog/cplex/CplexI$SolveHandle done
Event: 6.564 loading class ilog/cplex/CplexI$DefaultAsyncHandle
Event: 6.564 loading class ilog/cplex/CplexI$DefaultAsyncHandle done


Dynamic libraries:
0x00007ff734350000 - 0x00007ff734387000 	C:\Program Files\Java\jdk1.8.0_92\bin\javaw.exe
0x00007ffc18c00000 - 0x00007ffc18dc1000 	C:\windows\SYSTEM32\ntdll.dll
0x00007ffc17250000 - 0x00007ffc172fd000 	C:\windows\system32\KERNEL32.DLL
0x00007ffc0b1c0000 - 0x00007ffc0b1f3000 	C:\Program Files (x86)\AVG\Av\avghooka.dll
0x00007ffc15c40000 - 0x00007ffc15e28000 	C:\windows\system32\KERNELBASE.dll
0x00007ffc16930000 - 0x00007ffc169d7000 	C:\windows\system32\ADVAPI32.dll
0x00007ffc17010000 - 0x00007ffc170ad000 	C:\windows\system32\msvcrt.dll
0x00007ffc17300000 - 0x00007ffc1735b000 	C:\windows\system32\sechost.dll
0x00007ffc16190000 - 0x00007ffc162ac000 	C:\windows\system32\RPCRT4.dll
0x00007ffc167d0000 - 0x00007ffc16926000 	C:\windows\system32\USER32.dll
0x00007ffc16000000 - 0x00007ffc16186000 	C:\windows\system32\GDI32.dll
0x00007ffc06ca0000 - 0x00007ffc06f14000 	C:\windows\WinSxS\amd64_microsoft.windows.common-controls_6595b64144ccf1df_6.0.10586.494_none_a2d8b04ea53e3145\COMCTL32.dll
0x00007ffc17360000 - 0x00007ffc175dd000 	C:\windows\system32\combase.dll
0x00007ffc15b20000 - 0x00007ffc15b8a000 	C:\windows\system32\bcryptPrimitives.dll
0x00007ffc17210000 - 0x00007ffc1724b000 	C:\windows\system32\IMM32.DLL
0x000000005f120000 - 0x000000005f1f2000 	C:\Program Files\Java\jdk1.8.0_92\jre\bin\msvcr100.dll
0x000000005f2d0000 - 0x000000005fb66000 	C:\Program Files\Java\jdk1.8.0_92\jre\bin\server\jvm.dll
0x00007ffc16b60000 - 0x00007ffc16b68000 	C:\windows\system32\PSAPI.DLL
0x00007ffc02e30000 - 0x00007ffc02e39000 	C:\windows\SYSTEM32\WSOCK32.dll
0x00007ffc16af0000 - 0x00007ffc16b5b000 	C:\windows\system32\WS2_32.dll
0x00007ffc132c0000 - 0x00007ffc132e3000 	C:\windows\SYSTEM32\WINMM.dll
0x00007ffc14400000 - 0x00007ffc1440a000 	C:\windows\SYSTEM32\VERSION.dll
0x00007ffc13290000 - 0x00007ffc132bc000 	C:\windows\SYSTEM32\WINMMBASE.dll
0x00007ffc15370000 - 0x00007ffc153b3000 	C:\windows\system32\cfgmgr32.dll
0x000000005f2c0000 - 0x000000005f2cf000 	C:\Program Files\Java\jdk1.8.0_92\jre\bin\verify.dll
0x000000005f290000 - 0x000000005f2b9000 	C:\Program Files\Java\jdk1.8.0_92\jre\bin\java.dll
0x000000005f270000 - 0x000000005f286000 	C:\Program Files\Java\jdk1.8.0_92\jre\bin\zip.dll
0x00007ffc175e0000 - 0x00007ffc18b3c000 	C:\windows\system32\SHELL32.dll
0x00007ffc154b0000 - 0x00007ffc15af5000 	C:\windows\system32\windows.storage.dll
0x00007ffc18ba0000 - 0x00007ffc18bf2000 	C:\windows\system32\shlwapi.dll
0x00007ffc152a0000 - 0x00007ffc152af000 	C:\windows\system32\kernel.appcore.dll
0x00007ffc152b0000 - 0x00007ffc15365000 	C:\windows\system32\shcore.dll
0x00007ffc15240000 - 0x00007ffc1528b000 	C:\windows\system32\powrprof.dll
0x00007ffc15220000 - 0x00007ffc15234000 	C:\windows\system32\profapi.dll
0x000000005ef80000 - 0x000000005f118000 	C:\Program Files\Java\jdk1.8.0_92\jre\bin\awt.dll
0x00007ffc162b0000 - 0x00007ffc16371000 	C:\windows\system32\OLEAUT32.dll
0x00007ffc13900000 - 0x00007ffc13979000 	C:\windows\system32\apphelp.dll
0x00007ffc12c80000 - 0x00007ffc12ca2000 	C:\windows\system32\DWMAPI.DLL
0x00007ffc13a90000 - 0x00007ffc13b26000 	C:\windows\system32\uxtheme.dll
0x00007ffc16670000 - 0x00007ffc167ca000 	C:\windows\system32\MSCTF.dll
0x00007ffbec040000 - 0x00007ffbec116000 	c:\Program Files\Hewlett-Packard\HP ProtectTools Security Manager\Bin\DpoFeedb.dll
0x00007ffc149e0000 - 0x00007ffc149ff000 	C:\windows\SYSTEM32\USERENV.dll
0x00007ffc170b0000 - 0x00007ffc171f3000 	C:\windows\system32\ole32.dll
0x000000005ef30000 - 0x000000005ef77000 	C:\Program Files\Java\jdk1.8.0_92\jre\bin\fontmanager.dll
0x000000005f200000 - 0x000000005f224000 	C:\Program Files\Java\jdk1.8.0_92\jre\bin\sunec.dll
0x00007ffc14c00000 - 0x00007ffc14c17000 	C:\windows\SYSTEM32\CRYPTSP.dll
0x00007ffc14890000 - 0x00007ffc148c4000 	C:\windows\system32\rsaenh.dll
0x00007ffc14e20000 - 0x00007ffc14e49000 	C:\windows\SYSTEM32\bcrypt.dll
0x00007ffc14d20000 - 0x00007ffc14d2b000 	C:\windows\SYSTEM32\CRYPTBASE.dll
0x000000005f250000 - 0x000000005f26a000 	C:\Program Files\Java\jdk1.8.0_92\jre\bin\net.dll
0x00007ffc14b50000 - 0x00007ffc14bac000 	C:\windows\system32\mswsock.dll
0x00007ffc13220000 - 0x00007ffc13258000 	C:\windows\SYSTEM32\IPHLPAPI.DLL
0x00007ffc16b70000 - 0x00007ffc16b78000 	C:\windows\system32\NSI.dll
0x00007ffc09810000 - 0x00007ffc09826000 	C:\windows\SYSTEM32\dhcpcsvc6.DLL
0x00007ffc097f0000 - 0x00007ffc0980a000 	C:\windows\SYSTEM32\dhcpcsvc.DLL
0x000000005f230000 - 0x000000005f241000 	C:\Program Files\Java\jdk1.8.0_92\jre\bin\nio.dll
0x000000005ef20000 - 0x000000005ef2b000 	C:\Program Files\Java\jdk1.8.0_92\jre\bin\sunmscapi.dll
0x00007ffc15e30000 - 0x00007ffc15ff8000 	C:\windows\system32\CRYPT32.dll
0x00007ffc15290000 - 0x00007ffc152a0000 	C:\windows\system32\MSASN1.dll
0x00007ffbe9e50000 - 0x00007ffbe9e66000 	C:\windows\system32\napinsp.dll
0x00007ffbe9e70000 - 0x00007ffbe9e8a000 	C:\windows\system32\pnrpnsp.dll
0x00007ffc0bd70000 - 0x00007ffc0bd88000 	C:\windows\system32\NLAapi.dll
0x00007ffc13b80000 - 0x00007ffc13c2a000 	C:\windows\SYSTEM32\DNSAPI.dll
0x00007ffbe9e90000 - 0x00007ffbe9e9d000 	C:\windows\System32\winrnr.dll
0x00007ffbe9ea0000 - 0x00007ffbe9eb5000 	C:\windows\System32\wshbth.dll
0x0000000060680000 - 0x00000000606a6000 	C:\Program Files\Bonjour\mdnsNSP.dll
0x00007ffc08580000 - 0x00007ffc0858a000 	C:\Windows\System32\rasadhlp.dll
0x00007ffc09840000 - 0x00007ffc098a7000 	C:\windows\System32\fwpuclnt.dll
0x000000005eee0000 - 0x000000005ef11000 	C:\Program Files\Java\jdk1.8.0_92\jre\bin\jpeg.dll
0x000000005eea0000 - 0x000000005eedc000 	C:\Program Files\Java\jdk1.8.0_92\jre\bin\lcms.dll
0x000000005ee50000 - 0x000000005ee92000 	C:\Program Files\Java\jdk1.8.0_92\jre\bin\t2k.dll
0x000000005ee20000 - 0x000000005ee4a000 	C:\Program Files\Java\jdk1.8.0_92\jre\bin\dcpr.dll
0x00007ffc163a0000 - 0x00007ffc16447000 	C:\windows\system32\clbcatq.dll
0x00007ffc11d40000 - 0x00007ffc11ef1000 	C:\windows\SYSTEM32\WindowsCodecs.dll
0x00007ffbebf80000 - 0x00007ffbebfca000 	C:\windows\system32\dataexchange.dll
0x00007ffc11fb0000 - 0x00007ffc12258000 	C:\windows\system32\d3d11.dll
0x00007ffc13700000 - 0x00007ffc137e3000 	C:\windows\system32\dcomp.dll
0x00007ffc11f00000 - 0x00007ffc11fa2000 	C:\windows\system32\dxgi.dll
0x00007ffc13c30000 - 0x00007ffc13d30000 	C:\windows\system32\twinapi.appcore.dll
0x00007ffbb3040000 - 0x00007ffbb4468000 	C:\Program Files\IBM\ILOG\CPLEX_Studio126\cplex\bin\x64_win64\cplex1260remotejni.dll
0x00007ffc0b910000 - 0x00007ffc0ba9c000 	C:\windows\SYSTEM32\dbghelp.dll

VM Arguments:
jvm_args: -Djava.library.path=C:\Program Files\IBM\ILOG\CPLEX_Studio126\cplex\bin\x64_win64 -Dfile.encoding=Cp1252 
java_command: spectrumGUI.Spectrum_Main
java_class_path (initial): C:\SpectrumLite\bin;C:\SpectrumLite_Documents\Setup\sqlite-jdbc-3.8.11.2.jar;C:\Program Files\IBM\ILOG\CPLEX_Studio126\cplex\lib\cplex.jar
Launcher Type: SUN_STANDARD

Environment Variables:
PATH=C:/Program Files/Java/jdk1.8.0_92/jre/bin/server;C:/Program Files/Java/jdk1.8.0_92/jre/bin;C:/Program Files/Java/jdk1.8.0_92/jre/lib/amd64;C:\ProgramData\Oracle\Java\javapath;C:\Program Files\IBM\ILOG\CPLEX_Studio126\opl\bin\x64_win64;C:\Program Files\IBM\ILOG\CPLEX_Studio126\opl\oplide\;C:\Program Files\IBM\ILOG\CPLEX_Studio126\cplex\bin\x64_win64;C:\Program Files\IBM\ILOG\CPLEX_Studio126\cpoptimizer\bin\x64_win64;C:\Program Files (x86)\Intel\iCLS Client\;C:\Program Files\Intel\iCLS Client\;C:\windows\system32;C:\windows;C:\windows\System32\Wbem;C:\windows\System32\WindowsPowerShell\v1.0\;c:\Program Files (x86)\ATI Technologies\ATI.ACE\Core-Static;C:\Program Files (x86)\Intel\Intel(R) Management Engine Components\DAL;C:\Program Files\Intel\Intel(R) Management Engine Components\DAL;C:\Program Files (x86)\Intel\Intel(R) Management Engine Components\IPT;C:\Program Files\Intel\Intel(R) Management Engine Components\IPT;c:\Program Files (x86)\HP\HP Performance Advisor;C:\Program Files\Intel\WiFi\bin\;C:\Program Files\Common Files\Intel\WirelessCommon\;C:\Program Files\Hewlett-Packard\SimplePass\;C:\Program Files\Java\jdk1.8.0_92\bin;C:\Users\Dung Nguyen\Desktop;
USERNAME=Dung Nguyen
OS=Windows_NT
PROCESSOR_IDENTIFIER=Intel64 Family 6 Model 78 Stepping 3, GenuineIntel



---------------  S Y S T E M  ---------------

OS: Windows 10.0 , 64 bit Build 10586 (10.0.10586.0)

CPU:total 4 (2 cores per cpu, 2 threads per core) family 6 model 78 stepping 3, cmov, cx8, fxsr, mmx, sse, sse2, sse3, ssse3, sse4.1, sse4.2, popcnt, avx, avx2, aes, clmul, erms, 3dnowpref, lzcnt, ht, tsc, tscinvbit, bmi1, bmi2, adx

Memory: 4k page, physical 33432160k(25585516k free), swap 38412896k(28194332k free)

vm_info: Java HotSpot(TM) 64-Bit Server VM (25.92-b14) for windows-amd64 JRE (1.8.0_92-b14), built on Mar 31 2016 21:03:04 by "java_re" with MS VC++ 10.0 (VS2010)

time: Thu Sep 01 04:49:03 2016
elapsed time: 6 seconds (0d 0h 0m 6s)

