#
# A fatal error has been detected by the Java Runtime Environment:
#
#  EXCEPTION_ACCESS_VIOLATION (0xc0000005) at pc=0x00007ffbb30769e0, pid=20408, tid=0x0000000000001d00
#
# JRE version: Java(TM) SE Runtime Environment (8.0_92-b14) (build 1.8.0_92-b14)
# Java VM: Java HotSpot(TM) 64-Bit Server VM (25.92-b14 mixed mode windows-amd64 compressed oops)
# Problematic frame:
# C  [cplex1260remotejni.dll+0x369e0]
#
# Failed to write core dump. Minidumps are not enabled by default on client versions of Windows
#
# If you would like to submit a bug report, please visit:
#   http://bugreport.java.com/bugreport/crash.jsp
# The crash happened outside the Java Virtual Machine in native code.
# See problematic frame for where to report the bug.
#

---------------  T H R E A D  ---------------

Current thread (0x0000000028a0f800):  JavaThread "AWT-EventQueue-0" [_thread_in_native, id=7424, stack(0x0000000029200000,0x0000000029300000)]

siginfo: ExceptionCode=0xc0000005, reading address 0x000000012c331260

Registers:
RAX=0x000000002aa81310, RBX=0x00000000000004e8, RCX=0x000000004062c000, RDX=0x0000000000000000
RSP=0x00000000292fadd0, RBP=0x000000002aa81924, RSI=0x000000002aa81260, RDI=0x0000000000000001
R8 =0x000000002aa819d4, R9 =0x000000002aa78b00, R10=0x000000000000001a, R11=0x0000000000000000
R12=0x0000000000000001, R13=0x0000000000000002, R14=0x0000000000000014, R15=0x0000000000000000
RIP=0x00007ffbb30769e0, EFLAGS=0x0000000000010202

Top of Stack: (sp=0x00000000292fadd0)
0x00000000292fadd0:   00000000292fae28 0000000000000010
0x00000000292fade0:   000000071de887e0 00000000292fad98
0x00000000292fadf0:   000000002aa34700 000000002aa817d0
0x00000000292fae00:   0000000000000000 000000002aa71f30
0x00000000292fae10:   0000000000000001 0000000000000150
0x00000000292fae20:   3ddb7cdfd9d7bdbb 0000000000000000
0x00000000292fae30:   3eb0c6f7a0b5ed8d 0000000000000000
0x00000000292fae40:   4024000000000000 0000000000000000
0x00000000292fae50:   3d3c25c268497682 0000000000000000
0x00000000292fae60:   4f81afd6ec0e1411 0000000000000000
0x00000000292fae70:   0000000000000000 000000002aa81670
0x00000000292fae80:   000000002aa99f10 000000002aa99ad0
0x00000000292fae90:   0000000028a0f800 0000000000000000
0x00000000292faea0:   4008000000000000 000000002aa34850
0x00000000292faeb0:   000000002aa345b8 0000000000000000
0x00000000292faec0:   000000002aa7b720 000000000000002a 

Instructions: (pc=0x00007ffbb30769e0)
0x00007ffbb30769c0:   02 00 00 48 8b b4 24 a8 02 00 00 48 8b bc 24 f8
0x00007ffbb30769d0:   01 00 00 4c 8b 84 24 a0 01 00 00 48 63 4c 95 00
0x00007ffbb30769e0:   83 3c 8e 00 74 0b 49 63 0c 90 c7 04 88 01 00 00
0x00007ffbb30769f0:   00 48 ff c2 48 3b d7 7c e2 41 8b 49 08 48 8d 04 


Register to memory mapping:

RAX=0x000000002aa81310 is an unknown value
RBX=0x00000000000004e8 is an unknown value
RCX=0x000000004062c000 is an unknown value
RDX=0x0000000000000000 is an unknown value
RSP=0x00000000292fadd0 is pointing into the stack for thread: 0x0000000028a0f800
RBP=0x000000002aa81924 is an unknown value
RSI=0x000000002aa81260 is an unknown value
RDI=0x0000000000000001 is an unknown value
R8 =0x000000002aa819d4 is an unknown value
R9 =0x000000002aa78b00 is an unknown value
R10=0x000000000000001a is an unknown value
R11=0x0000000000000000 is an unknown value
R12=0x0000000000000001 is an unknown value
R13=0x0000000000000002 is an unknown value
R14=0x0000000000000014 is an unknown value
R15=0x0000000000000000 is an unknown value


Stack: [0x0000000029200000,0x0000000029300000],  sp=0x00000000292fadd0,  free space=1003k
Native frames: (J=compiled Java code, j=interpreted, Vv=VM code, C=native code)
C  [cplex1260remotejni.dll+0x369e0]
C  [cplex1260remotejni.dll+0x347b8]
C  [cplex1260remotejni.dll+0x9bfab]
C  [cplex1260remotejni.dll+0x97b9b]
C  [cplex1260remotejni.dll+0x8ad63]
C  [cplex1260remotejni.dll+0x14b48]
C  [cplex1260remotejni.dll+0x13261]
C  [cplex1260remotejni.dll+0x40ede]
C  [cplex1260remotejni.dll+0x403e4]
C  [cplex1260remotejni.dll+0x2b2fc4]
C  [cplex1260remotejni.dll+0x2b2e5c]
C  [cplex1260remotejni.dll+0x2df78b]
C  [cplex1260remotejni.dll+0x2b280d]
C  [cplex1260remotejni.dll+0x322dd0]
C  [cplex1260remotejni.dll+0x3070e8]
C  [cplex1260remotejni.dll+0x6901f8]
C  0x00000000029c7f54

Java frames: (J=compiled Java code, j=interpreted, Vv=VM code)
j  ilog.cplex.Cplex.CPXlpopt(JJ)I+0
j  ilog.cplex.CplexI$SolveHandle.start()V+808
j  ilog.cplex.CplexI.solve()V+12
j  ilog.cplex.IloCplex.solve()Z+4
j  spectrumYieldProject.Panel_SolveRun.SolveProblem(ILjava/io/File;)V+5389
j  spectrumYieldProject.Panel_SolveRun.<init>()V+393
j  spectrumYieldProject.Panel_YieldProject.solve_Runs()V+429
j  spectrumYieldProject.Panel_YieldProject$7.actionPerformed(Ljava/awt/event/ActionEvent;)V+4
j  javax.swing.AbstractButton.fireActionPerformed(Ljava/awt/event/ActionEvent;)V+83
j  javax.swing.AbstractButton$Handler.actionPerformed(Ljava/awt/event/ActionEvent;)V+5
j  javax.swing.DefaultButtonModel.fireActionPerformed(Ljava/awt/event/ActionEvent;)V+34
j  javax.swing.DefaultButtonModel.setPressed(Z)V+117
j  javax.swing.plaf.basic.BasicButtonListener.mouseReleased(Ljava/awt/event/MouseEvent;)V+35
j  java.awt.Component.processMouseEvent(Ljava/awt/event/MouseEvent;)V+64
j  javax.swing.JComponent.processMouseEvent(Ljava/awt/event/MouseEvent;)V+23
j  java.awt.Component.processEvent(Ljava/awt/AWTEvent;)V+81
j  java.awt.Container.processEvent(Ljava/awt/AWTEvent;)V+18
j  java.awt.Component.dispatchEventImpl(Ljava/awt/AWTEvent;)V+589
J 1567 C1 java.awt.Container.dispatchEventImpl(Ljava/awt/AWTEvent;)V (129 bytes) @ 0x0000000002e7af0c [0x0000000002e7adc0+0x14c]
J 1566 C1 java.awt.Component.dispatchEvent(Ljava/awt/AWTEvent;)V (6 bytes) @ 0x0000000002e78ec4 [0x0000000002e78dc0+0x104]
j  java.awt.LightweightDispatcher.retargetMouseEvent(Ljava/awt/Component;ILjava/awt/event/MouseEvent;)V+327
j  java.awt.LightweightDispatcher.processMouseEvent(Ljava/awt/event/MouseEvent;)Z+155
j  java.awt.LightweightDispatcher.dispatchEvent(Ljava/awt/AWTEvent;)Z+50
J 1567 C1 java.awt.Container.dispatchEventImpl(Ljava/awt/AWTEvent;)V (129 bytes) @ 0x0000000002e7aeac [0x0000000002e7adc0+0xec]
j  java.awt.Window.dispatchEventImpl(Ljava/awt/AWTEvent;)V+19
J 1613 C1 java.awt.EventQueue.dispatchEventImpl(Ljava/awt/AWTEvent;Ljava/lang/Object;)V (149 bytes) @ 0x0000000002e98f7c [0x0000000002e97700+0x187c]
J 1611 C1 java.awt.EventQueue$3.run()Ljava/lang/Void; (60 bytes) @ 0x0000000002e95c1c [0x0000000002e95a00+0x21c]
J 1610 C1 java.awt.EventQueue$3.run()Ljava/lang/Object; (5 bytes) @ 0x0000000002e9630c [0x0000000002e96280+0x8c]
v  ~StubRoutines::call_stub
J 1219  java.security.AccessController.doPrivileged(Ljava/security/PrivilegedAction;Ljava/security/AccessControlContext;)Ljava/lang/Object; (0 bytes) @ 0x0000000002dc4926 [0x0000000002dc48c0+0x66]
J 1224 C1 java.security.ProtectionDomain$JavaSecurityAccessImpl.doIntersectionPrivilege(Ljava/security/PrivilegedAction;Ljava/security/AccessControlContext;Ljava/security/AccessControlContext;)Ljava/lang/Object; (22 bytes) @ 0x0000000002dc837c [0x0000000002dc7f00+0x47c]
j  java.security.ProtectionDomain$JavaSecurityAccessImpl.doIntersectionPrivilege(Ljava/security/PrivilegedAction;Ljava/security/AccessControlContext;)Ljava/lang/Object;+6
j  java.awt.EventQueue$4.run()Ljava/lang/Void;+11
j  java.awt.EventQueue$4.run()Ljava/lang/Object;+1
v  ~StubRoutines::call_stub
J 1219  java.security.AccessController.doPrivileged(Ljava/security/PrivilegedAction;Ljava/security/AccessControlContext;)Ljava/lang/Object; (0 bytes) @ 0x0000000002dc4926 [0x0000000002dc48c0+0x66]
J 1539 C1 java.awt.EventQueue.dispatchEvent(Ljava/awt/AWTEvent;)V (80 bytes) @ 0x0000000002e6a3bc [0x0000000002e69500+0xebc]
J 1617 C1 java.awt.EventDispatchThread.pumpOneEventForFilters(I)V (295 bytes) @ 0x0000000002e9c054 [0x0000000002e9a380+0x1cd4]
j  java.awt.EventDispatchThread.pumpEventsForFilter(ILjava/awt/Conditional;Ljava/awt/EventFilter;)V+35
j  java.awt.EventDispatchThread.pumpEventsForHierarchy(ILjava/awt/Conditional;Ljava/awt/Component;)V+11
j  java.awt.EventDispatchThread.pumpEvents(ILjava/awt/Conditional;)V+4
j  java.awt.EventDispatchThread.pumpEvents(Ljava/awt/Conditional;)V+3
j  java.awt.EventDispatchThread.run()V+9
v  ~StubRoutines::call_stub

---------------  P R O C E S S  ---------------

Java Threads: ( => current thread )
  0x0000000026eab800 JavaThread "Keep-Alive-SocketCleaner" daemon [_thread_blocked, id=20088, stack(0x000000002a930000,0x000000002aa30000)]
  0x0000000027007000 JavaThread "Image Fetcher 3" daemon [_thread_blocked, id=5244, stack(0x000000002a830000,0x000000002a930000)]
  0x0000000028fa6000 JavaThread "TimerQueue" daemon [_thread_blocked, id=3268, stack(0x000000002a730000,0x000000002a830000)]
  0x0000000028cfb000 JavaThread "Keep-Alive-Timer" daemon [_thread_blocked, id=18864, stack(0x000000002a330000,0x000000002a430000)]
  0x00000000028b0800 JavaThread "DestroyJavaVM" [_thread_blocked, id=4920, stack(0x00000000027b0000,0x00000000028b0000)]
=>0x0000000028a0f800 JavaThread "AWT-EventQueue-0" [_thread_in_native, id=7424, stack(0x0000000029200000,0x0000000029300000)]
  0x00000000270d2000 JavaThread "AWT-Windows" daemon [_thread_in_native, id=12460, stack(0x0000000027710000,0x0000000027810000)]
  0x00000000270cf000 JavaThread "AWT-Shutdown" [_thread_blocked, id=9752, stack(0x0000000027610000,0x0000000027710000)]
  0x000000002711d800 JavaThread "Java2D Disposer" daemon [_thread_blocked, id=19132, stack(0x0000000027510000,0x0000000027610000)]
  0x0000000026d51000 JavaThread "Service Thread" daemon [_thread_blocked, id=10340, stack(0x0000000027230000,0x0000000027330000)]
  0x0000000026d38800 JavaThread "C1 CompilerThread2" daemon [_thread_blocked, id=18440, stack(0x0000000027130000,0x0000000027230000)]
  0x0000000025517000 JavaThread "C2 CompilerThread1" daemon [_thread_blocked, id=20392, stack(0x0000000026c30000,0x0000000026d30000)]
  0x00000000254dd800 JavaThread "C2 CompilerThread0" daemon [_thread_blocked, id=11760, stack(0x0000000026b30000,0x0000000026c30000)]
  0x00000000254db000 JavaThread "Attach Listener" daemon [_thread_blocked, id=15876, stack(0x0000000026a30000,0x0000000026b30000)]
  0x00000000254da000 JavaThread "Signal Dispatcher" daemon [_thread_blocked, id=15720, stack(0x0000000026930000,0x0000000026a30000)]
  0x00000000254c8800 JavaThread "Finalizer" daemon [_thread_blocked, id=15160, stack(0x0000000026750000,0x0000000026850000)]
  0x00000000029a1000 JavaThread "Reference Handler" daemon [_thread_blocked, id=4736, stack(0x0000000026650000,0x0000000026750000)]

Other Threads:
  0x00000000254a6800 VMThread [stack: 0x0000000026550000,0x0000000026650000] [id=13824]
  0x000000002553e800 WatcherThread [stack: 0x0000000027330000,0x0000000027430000] [id=11524]

VM state:not at safepoint (normal execution)

VM Mutex/Monitor currently owned by a thread: None

Heap:
 PSYoungGen      total 153088K, used 130685K [0x0000000715f00000, 0x0000000720980000, 0x00000007c0000000)
  eden space 131584K, 99% used [0x0000000715f00000,0x000000071de9f528,0x000000071df80000)
  from space 21504K, 0% used [0x000000071f480000,0x000000071f480000,0x0000000720980000)
  to   space 21504K, 0% used [0x000000071df80000,0x000000071df80000,0x000000071f480000)
 ParOldGen       total 349696K, used 0K [0x00000005c1c00000, 0x00000005d7180000, 0x0000000715f00000)
  object space 349696K, 0% used [0x00000005c1c00000,0x00000005c1c00000,0x00000005d7180000)
 Metaspace       used 20233K, capacity 20478K, committed 20864K, reserved 1067008K
  class space    used 2574K, capacity 2683K, committed 2688K, reserved 1048576K

Card table byte_map: [0x0000000011d70000,0x0000000012d70000] byte_map_base: 0x000000000ef62000

Marking Bits: (ParMarkBitMap*) 0x000000005fae64f0
 Begin Bits: [0x0000000013c20000, 0x000000001bbb0000)
 End Bits:   [0x000000001bbb0000, 0x0000000023b40000)

Polling page: 0x0000000000d60000

CodeCache: size=245760Kb used=5638Kb max_used=5641Kb free=240122Kb
 bounds [0x00000000029b0000, 0x0000000002f40000, 0x00000000119b0000]
 total_blobs=2483 nmethods=1789 adapters=606
 compilation: enabled

Compilation events (10 events):
Event: 5.835 Thread 0x00000000254dd800 1785       4       java.lang.Integer::<init> (10 bytes)
Event: 5.835 Thread 0x0000000026d38800 1786       1       ilog.cplex.IloCplex$Param::getValue (5 bytes)
Event: 5.835 Thread 0x0000000026d38800 nmethod 1786 0x0000000002f32710 code [0x0000000002f32860, 0x0000000002f32970]
Event: 5.835 Thread 0x00000000254dd800 nmethod 1785 0x0000000002f35610 code [0x0000000002f35740, 0x0000000002f35798]
Event: 5.836 Thread 0x0000000026d38800 1787       3       sun.misc.PerfCounter::addElapsedTimeFrom (10 bytes)
Event: 5.836 Thread 0x0000000026d38800 nmethod 1787 0x0000000002f34990 code [0x0000000002f34b40, 0x0000000002f35298]
Event: 5.837 Thread 0x0000000026d38800 1788   !   3       java.lang.ClassLoader::findNative (86 bytes)
Event: 5.837 Thread 0x0000000026d38800 nmethod 1788 0x0000000002f33b50 code [0x0000000002f33d00, 0x0000000002f345d8]
Event: 5.837 Thread 0x0000000026d38800 1789       3       java.nio.Buffer::limit (62 bytes)
Event: 5.837 Thread 0x0000000026d38800 nmethod 1789 0x0000000002f33610 code [0x0000000002f33780, 0x0000000002f33a88]

GC Heap History (0 events):
No events

Deoptimization events (10 events):
Event: 3.405 Thread 0x0000000028a0f800 Uncommon trap: reason=unstable_if action=reinterpret pc=0x0000000002da45b4 method=java.awt.MultipleGradientPaintContext.indexIntoGradientsArrays(F)I @ 93
Event: 3.861 Thread 0x0000000028a0f800 Uncommon trap: reason=unstable_if action=reinterpret pc=0x0000000002cb06c0 method=java.util.HashMap.resize()[Ljava/util/HashMap$Node; @ 206
Event: 3.877 Thread 0x0000000028a0f800 Uncommon trap: reason=unstable_if action=reinterpret pc=0x0000000002c246d0 method=java.util.HashMap.putVal(ILjava/lang/Object;Ljava/lang/Object;ZZ)Ljava/lang/Object; @ 109
Event: 3.915 Thread 0x0000000028a0f800 Uncommon trap: reason=null_check action=make_not_entrant pc=0x0000000002e13e7c method=javax.swing.plaf.nimbus.DerivedColor.equals(Ljava/lang/Object;)Z @ 8
Event: 3.983 Thread 0x0000000028a0f800 Uncommon trap: reason=class_check action=maybe_recompile pc=0x0000000002b380d8 method=java.lang.String.equals(Ljava/lang/Object;)Z @ 8
Event: 4.571 Thread 0x0000000028a0f800 Uncommon trap: reason=class_check action=maybe_recompile pc=0x0000000002e16a48 method=javax.swing.plaf.nimbus.DerivedColor$UIResource.equals(Ljava/lang/Object;)Z @ 1
Event: 5.628 Thread 0x0000000028a0f800 Uncommon trap: reason=class_check action=maybe_recompile pc=0x0000000002e16a48 method=javax.swing.plaf.nimbus.DerivedColor$UIResource.equals(Ljava/lang/Object;)Z @ 1
Event: 5.628 Thread 0x0000000028a0f800 Uncommon trap: reason=class_check action=maybe_recompile pc=0x0000000002e16a48 method=javax.swing.plaf.nimbus.DerivedColor$UIResource.equals(Ljava/lang/Object;)Z @ 1
Event: 5.628 Thread 0x0000000028a0f800 Uncommon trap: reason=class_check action=maybe_recompile pc=0x0000000002e16a48 method=javax.swing.plaf.nimbus.DerivedColor$UIResource.equals(Ljava/lang/Object;)Z @ 1
Event: 5.739 Thread 0x0000000027007000 Uncommon trap: reason=unstable_if action=reinterpret pc=0x0000000002d2182c method=sun.awt.image.ByteInterleavedRaster.putByteData(IIII[B)V @ 79

Internal exceptions (10 events):
Event: 0.263 Thread 0x0000000028a0f800 Exception <a 'java/lang/ClassNotFoundException': ToolBarSeparator> (0x0000000716712e18) thrown at [D:\re\workspace\8-2-build-windows-amd64-cygwin\jdk8u92\6642\hotspot\src\share\vm\classfile\systemDictionary.cpp, line 210]
Event: 0.263 Thread 0x0000000028a0f800 Exception <a 'java/lang/ClassNotFoundException': ToolTip> (0x0000000716713558) thrown at [D:\re\workspace\8-2-build-windows-amd64-cygwin\jdk8u92\6642\hotspot\src\share\vm\classfile\systemDictionary.cpp, line 210]
Event: 0.263 Thread 0x0000000028a0f800 Exception <a 'java/lang/ClassNotFoundException': Tree> (0x0000000716714178) thrown at [D:\re\workspace\8-2-build-windows-amd64-cygwin\jdk8u92\6642\hotspot\src\share\vm\classfile\systemDictionary.cpp, line 210]
Event: 0.263 Thread 0x0000000028a0f800 Exception <a 'java/lang/ClassNotFoundException': Tree> (0x00000007167148b8) thrown at [D:\re\workspace\8-2-build-windows-amd64-cygwin\jdk8u92\6642\hotspot\src\share\vm\classfile\systemDictionary.cpp, line 210]
Event: 0.263 Thread 0x0000000028a0f800 Exception <a 'java/lang/ClassNotFoundException': javax/swing/JTreeCell> (0x0000000716714c38) thrown at [D:\re\workspace\8-2-build-windows-amd64-cygwin\jdk8u92\6642\hotspot\src\share\vm\classfile\systemDictionary.cpp, line 210]
Event: 0.263 Thread 0x0000000028a0f800 Exception <a 'java/lang/ClassNotFoundException': TreeCell> (0x00000007167150c0) thrown at [D:\re\workspace\8-2-build-windows-amd64-cygwin\jdk8u92\6642\hotspot\src\share\vm\classfile\systemDictionary.cpp, line 210]
Event: 0.264 Thread 0x0000000028a0f800 Exception <a 'java/lang/ClassNotFoundException': RootPane> (0x0000000716715938) thrown at [D:\re\workspace\8-2-build-windows-amd64-cygwin\jdk8u92\6642\hotspot\src\share\vm\classfile\systemDictionary.cpp, line 210]
Event: 0.578 Thread 0x0000000028a0f800 Implicit null exception at 0x0000000002c76138 to 0x0000000002c762b1
Event: 3.915 Thread 0x0000000028a0f800 Implicit null exception at 0x0000000002e13b5a to 0x0000000002e13e6d
Event: 5.744 Thread 0x0000000027007000 Exception <a 'java/lang/InterruptedException': sleep interrupted> (0x000000071d76c4a8) thrown at [D:\re\workspace\8-2-build-windows-amd64-cygwin\jdk8u92\6642\hotspot\src\share\vm\prims\jvm.cpp, line 3167]

Events (10 events):
Event: 5.833 loading class ilog/cplex/IloCplex$IntParam$_PolishAfterIntSol
Event: 5.833 loading class ilog/cplex/IloCplex$IntParam$_PolishAfterIntSol done
Event: 5.833 loading class ilog/cplex/IloCplex$IntParam$_NetItLim
Event: 5.833 loading class ilog/cplex/IloCplex$IntParam$_NetItLim done
Event: 5.834 loading class ilog/cplex/IloCplex$StringParam
Event: 5.834 loading class ilog/cplex/IloCplex$StringParam done
Event: 5.836 loading class ilog/cplex/CplexI$SolveHandle
Event: 5.836 loading class ilog/cplex/CplexI$SolveHandle done
Event: 5.836 loading class ilog/cplex/CplexI$DefaultAsyncHandle
Event: 5.836 loading class ilog/cplex/CplexI$DefaultAsyncHandle done


Dynamic libraries:
0x00007ff734350000 - 0x00007ff734387000 	C:\Program Files\Java\jdk1.8.0_92\bin\javaw.exe
0x00007ffc18c00000 - 0x00007ffc18dc1000 	C:\windows\SYSTEM32\ntdll.dll
0x00007ffc17250000 - 0x00007ffc172fd000 	C:\windows\system32\KERNEL32.DLL
0x00007ffc0b1c0000 - 0x00007ffc0b1f3000 	C:\Program Files (x86)\AVG\Av\avghooka.dll
0x00007ffc15c40000 - 0x00007ffc15e28000 	C:\windows\system32\KERNELBASE.dll
0x00007ffc16930000 - 0x00007ffc169d7000 	C:\windows\system32\ADVAPI32.dll
0x00007ffc17010000 - 0x00007ffc170ad000 	C:\windows\system32\msvcrt.dll
0x00007ffc17300000 - 0x00007ffc1735b000 	C:\windows\system32\sechost.dll
0x00007ffc16190000 - 0x00007ffc162ac000 	C:\windows\system32\RPCRT4.dll
0x00007ffc167d0000 - 0x00007ffc16926000 	C:\windows\system32\USER32.dll
0x00007ffc16000000 - 0x00007ffc16186000 	C:\windows\system32\GDI32.dll
0x00007ffc06ca0000 - 0x00007ffc06f14000 	C:\windows\WinSxS\amd64_microsoft.windows.common-controls_6595b64144ccf1df_6.0.10586.494_none_a2d8b04ea53e3145\COMCTL32.dll
0x00007ffc17360000 - 0x00007ffc175dd000 	C:\windows\system32\combase.dll
0x00007ffc15b20000 - 0x00007ffc15b8a000 	C:\windows\system32\bcryptPrimitives.dll
0x00007ffc17210000 - 0x00007ffc1724b000 	C:\windows\system32\IMM32.DLL
0x000000005f120000 - 0x000000005f1f2000 	C:\Program Files\Java\jdk1.8.0_92\jre\bin\msvcr100.dll
0x000000005f2d0000 - 0x000000005fb66000 	C:\Program Files\Java\jdk1.8.0_92\jre\bin\server\jvm.dll
0x00007ffc16b60000 - 0x00007ffc16b68000 	C:\windows\system32\PSAPI.DLL
0x00007ffc02e30000 - 0x00007ffc02e39000 	C:\windows\SYSTEM32\WSOCK32.dll
0x00007ffc16af0000 - 0x00007ffc16b5b000 	C:\windows\system32\WS2_32.dll
0x00007ffc132c0000 - 0x00007ffc132e3000 	C:\windows\SYSTEM32\WINMM.dll
0x00007ffc14400000 - 0x00007ffc1440a000 	C:\windows\SYSTEM32\VERSION.dll
0x00007ffc13290000 - 0x00007ffc132bc000 	C:\windows\SYSTEM32\WINMMBASE.dll
0x00007ffc15370000 - 0x00007ffc153b3000 	C:\windows\system32\cfgmgr32.dll
0x000000005f2c0000 - 0x000000005f2cf000 	C:\Program Files\Java\jdk1.8.0_92\jre\bin\verify.dll
0x000000005f290000 - 0x000000005f2b9000 	C:\Program Files\Java\jdk1.8.0_92\jre\bin\java.dll
0x000000005f270000 - 0x000000005f286000 	C:\Program Files\Java\jdk1.8.0_92\jre\bin\zip.dll
0x00007ffc175e0000 - 0x00007ffc18b3c000 	C:\windows\system32\SHELL32.dll
0x00007ffc154b0000 - 0x00007ffc15af5000 	C:\windows\system32\windows.storage.dll
0x00007ffc18ba0000 - 0x00007ffc18bf2000 	C:\windows\system32\shlwapi.dll
0x00007ffc152a0000 - 0x00007ffc152af000 	C:\windows\system32\kernel.appcore.dll
0x00007ffc152b0000 - 0x00007ffc15365000 	C:\windows\system32\shcore.dll
0x00007ffc15240000 - 0x00007ffc1528b000 	C:\windows\system32\powrprof.dll
0x00007ffc15220000 - 0x00007ffc15234000 	C:\windows\system32\profapi.dll
0x000000005ef80000 - 0x000000005f118000 	C:\Program Files\Java\jdk1.8.0_92\jre\bin\awt.dll
0x00007ffc162b0000 - 0x00007ffc16371000 	C:\windows\system32\OLEAUT32.dll
0x00007ffc13900000 - 0x00007ffc13979000 	C:\windows\system32\apphelp.dll
0x00007ffc12c80000 - 0x00007ffc12ca2000 	C:\windows\system32\DWMAPI.DLL
0x00007ffc13a90000 - 0x00007ffc13b26000 	C:\windows\system32\uxtheme.dll
0x00007ffc16670000 - 0x00007ffc167ca000 	C:\windows\system32\MSCTF.dll
0x00007ffbec040000 - 0x00007ffbec116000 	c:\Program Files\Hewlett-Packard\HP ProtectTools Security Manager\Bin\DpoFeedb.dll
0x00007ffc149e0000 - 0x00007ffc149ff000 	C:\windows\SYSTEM32\USERENV.dll
0x00007ffc170b0000 - 0x00007ffc171f3000 	C:\windows\system32\ole32.dll
0x000000005ef30000 - 0x000000005ef77000 	C:\Program Files\Java\jdk1.8.0_92\jre\bin\fontmanager.dll
0x000000005f200000 - 0x000000005f224000 	C:\Program Files\Java\jdk1.8.0_92\jre\bin\sunec.dll
0x00007ffc14c00000 - 0x00007ffc14c17000 	C:\windows\SYSTEM32\CRYPTSP.dll
0x00007ffc14890000 - 0x00007ffc148c4000 	C:\windows\system32\rsaenh.dll
0x00007ffc14e20000 - 0x00007ffc14e49000 	C:\windows\SYSTEM32\bcrypt.dll
0x00007ffc14d20000 - 0x00007ffc14d2b000 	C:\windows\SYSTEM32\CRYPTBASE.dll
0x000000005f250000 - 0x000000005f26a000 	C:\Program Files\Java\jdk1.8.0_92\jre\bin\net.dll
0x00007ffc14b50000 - 0x00007ffc14bac000 	C:\windows\system32\mswsock.dll
0x00007ffc13220000 - 0x00007ffc13258000 	C:\windows\SYSTEM32\IPHLPAPI.DLL
0x00007ffc16b70000 - 0x00007ffc16b78000 	C:\windows\system32\NSI.dll
0x00007ffc09810000 - 0x00007ffc09826000 	C:\windows\SYSTEM32\dhcpcsvc6.DLL
0x00007ffc097f0000 - 0x00007ffc0980a000 	C:\windows\SYSTEM32\dhcpcsvc.DLL
0x000000005f230000 - 0x000000005f241000 	C:\Program Files\Java\jdk1.8.0_92\jre\bin\nio.dll
0x000000005ef20000 - 0x000000005ef2b000 	C:\Program Files\Java\jdk1.8.0_92\jre\bin\sunmscapi.dll
0x00007ffc15e30000 - 0x00007ffc15ff8000 	C:\windows\system32\CRYPT32.dll
0x00007ffc15290000 - 0x00007ffc152a0000 	C:\windows\system32\MSASN1.dll
0x00007ffbe9e50000 - 0x00007ffbe9e66000 	C:\windows\system32\napinsp.dll
0x00007ffbe9e70000 - 0x00007ffbe9e8a000 	C:\windows\system32\pnrpnsp.dll
0x00007ffc0bd70000 - 0x00007ffc0bd88000 	C:\windows\system32\NLAapi.dll
0x00007ffc13b80000 - 0x00007ffc13c2a000 	C:\windows\SYSTEM32\DNSAPI.dll
0x00007ffbe9e90000 - 0x00007ffbe9e9d000 	C:\windows\System32\winrnr.dll
0x00007ffbe9ea0000 - 0x00007ffbe9eb5000 	C:\windows\System32\wshbth.dll
0x0000000060680000 - 0x00000000606a6000 	C:\Program Files\Bonjour\mdnsNSP.dll
0x00007ffc08580000 - 0x00007ffc0858a000 	C:\Windows\System32\rasadhlp.dll
0x00007ffc09840000 - 0x00007ffc098a7000 	C:\windows\System32\fwpuclnt.dll
0x000000005eee0000 - 0x000000005ef11000 	C:\Program Files\Java\jdk1.8.0_92\jre\bin\jpeg.dll
0x000000005eea0000 - 0x000000005eedc000 	C:\Program Files\Java\jdk1.8.0_92\jre\bin\lcms.dll
0x000000005ee50000 - 0x000000005ee92000 	C:\Program Files\Java\jdk1.8.0_92\jre\bin\t2k.dll
0x000000005ee20000 - 0x000000005ee4a000 	C:\Program Files\Java\jdk1.8.0_92\jre\bin\dcpr.dll
0x00007ffc163a0000 - 0x00007ffc16447000 	C:\windows\system32\clbcatq.dll
0x00007ffc11d40000 - 0x00007ffc11ef1000 	C:\windows\SYSTEM32\WindowsCodecs.dll
0x00007ffbebf80000 - 0x00007ffbebfca000 	C:\windows\system32\dataexchange.dll
0x00007ffc11fb0000 - 0x00007ffc12258000 	C:\windows\system32\d3d11.dll
0x00007ffc13700000 - 0x00007ffc137e3000 	C:\windows\system32\dcomp.dll
0x00007ffc11f00000 - 0x00007ffc11fa2000 	C:\windows\system32\dxgi.dll
0x00007ffc13c30000 - 0x00007ffc13d30000 	C:\windows\system32\twinapi.appcore.dll
0x00007ffbb3040000 - 0x00007ffbb4468000 	C:\Program Files\IBM\ILOG\CPLEX_Studio126\cplex\bin\x64_win64\cplex1260remotejni.dll
0x00007ffc0b910000 - 0x00007ffc0ba9c000 	C:\windows\SYSTEM32\dbghelp.dll

VM Arguments:
jvm_args: -Djava.library.path=C:\Program Files\IBM\ILOG\CPLEX_Studio126\cplex\bin\x64_win64 -Dfile.encoding=Cp1252 
java_command: spectrumGUI.Spectrum_Main
java_class_path (initial): C:\SpectrumLite\bin;C:\SpectrumLite_Documents\Setup\sqlite-jdbc-3.8.11.2.jar;C:\Program Files\IBM\ILOG\CPLEX_Studio126\cplex\lib\cplex.jar
Launcher Type: SUN_STANDARD

Environment Variables:
PATH=C:/Program Files/Java/jdk1.8.0_92/jre/bin/server;C:/Program Files/Java/jdk1.8.0_92/jre/bin;C:/Program Files/Java/jdk1.8.0_92/jre/lib/amd64;C:\ProgramData\Oracle\Java\javapath;C:\Program Files\IBM\ILOG\CPLEX_Studio126\opl\bin\x64_win64;C:\Program Files\IBM\ILOG\CPLEX_Studio126\opl\oplide\;C:\Program Files\IBM\ILOG\CPLEX_Studio126\cplex\bin\x64_win64;C:\Program Files\IBM\ILOG\CPLEX_Studio126\cpoptimizer\bin\x64_win64;C:\Program Files (x86)\Intel\iCLS Client\;C:\Program Files\Intel\iCLS Client\;C:\windows\system32;C:\windows;C:\windows\System32\Wbem;C:\windows\System32\WindowsPowerShell\v1.0\;c:\Program Files (x86)\ATI Technologies\ATI.ACE\Core-Static;C:\Program Files (x86)\Intel\Intel(R) Management Engine Components\DAL;C:\Program Files\Intel\Intel(R) Management Engine Components\DAL;C:\Program Files (x86)\Intel\Intel(R) Management Engine Components\IPT;C:\Program Files\Intel\Intel(R) Management Engine Components\IPT;c:\Program Files (x86)\HP\HP Performance Advisor;C:\Program Files\Intel\WiFi\bin\;C:\Program Files\Common Files\Intel\WirelessCommon\;C:\Program Files\Hewlett-Packard\SimplePass\;C:\Program Files\Java\jdk1.8.0_92\bin;C:\Users\Dung Nguyen\Desktop;
USERNAME=Dung Nguyen
OS=Windows_NT
PROCESSOR_IDENTIFIER=Intel64 Family 6 Model 78 Stepping 3, GenuineIntel



---------------  S Y S T E M  ---------------

OS: Windows 10.0 , 64 bit Build 10586 (10.0.10586.0)

CPU:total 4 (2 cores per cpu, 2 threads per core) family 6 model 78 stepping 3, cmov, cx8, fxsr, mmx, sse, sse2, sse3, ssse3, sse4.1, sse4.2, popcnt, avx, avx2, aes, clmul, erms, 3dnowpref, lzcnt, ht, tsc, tscinvbit, bmi1, bmi2, adx

Memory: 4k page, physical 33432160k(25649944k free), swap 38412896k(28251120k free)

vm_info: Java HotSpot(TM) 64-Bit Server VM (25.92-b14) for windows-amd64 JRE (1.8.0_92-b14), built on Mar 31 2016 21:03:04 by "java_re" with MS VC++ 10.0 (VS2010)

time: Thu Sep 01 04:31:26 2016
elapsed time: 5 seconds (0d 0h 0m 5s)

