#
# A fatal error has been detected by the Java Runtime Environment:
#
#  EXCEPTION_ACCESS_VIOLATION (0xc0000005) at pc=0x6d06943e, pid=7912, tid=0x00002060
#
# JRE version: Java(TM) SE Runtime Environment (8.0_92-b14) (build 1.8.0_92-b14)
# Java VM: Java HotSpot(TM) Client VM (25.92-b14 mixed mode windows-x86 )
# Problematic frame:
# V  [jvm.dll+0xd943e]
#
# Failed to write core dump. Minidumps are not enabled by default on client versions of Windows
#
# If you would like to submit a bug report, please visit:
#   http://bugreport.java.com/bugreport/crash.jsp
#

---------------  T H R E A D  ---------------

Current thread (0x145f3800):  JavaThread "AWT-EventQueue-0" [_thread_in_vm, id=8288, stack(0x17af0000,0x17b40000)]

siginfo: ExceptionCode=0xc0000005, reading address 0x00000000

Registers:
EAX=0x00000000, EBX=0x00000000, ECX=0x00000000, EDX=0x0087c598
ESP=0x17b3e648, EBP=0x17b3e678, ESI=0x17b3e730, EDI=0x145f3800
EIP=0x6d06943e, EFLAGS=0x00010246

Top of Stack: (sp=0x17b3e648)
0x17b3e648:   00000000 17b3e730 145f3940 17b3e730
0x17b3e658:   00000082 01e12948 00000000 17b3e790
0x17b3e668:   145f3800 00000000 00000001 145f3800
0x17b3e678:   17b3e71c 18442285 145f3800 00000000
0x17b3e688:   00000000 01e12948 00000000 17b3e790
0x17b3e698:   17b3e768 17b3e768 01e22474 01e12948
0x17b3e6a8:   00000000 0087c598 17b3e768 17b3e768
0x17b3e6b8:   01e22474 01e12948 00000000 17b3e790 

Instructions: (pc=0x6d06943e)
0x6d06941e:   e8 5d da f2 ff 33 db 83 c4 08 89 7d f0 89 5d f4
0x6d06942e:   39 5f 04 74 08 8d 4d f0 e8 65 d2 0c 00 8b 45 0c
0x6d06943e:   8b 30 8b 0d 90 63 30 6d 39 1c 31 74 45 56 e8 2f
0x6d06944e:   ae f6 ff 83 c4 04 6a 00 6a 00 8d 4d dc 8d 78 01 


Register to memory mapping:

EAX=0x00000000 is an unknown value
EBX=0x00000000 is an unknown value
ECX=0x00000000 is an unknown value
EDX=0x0087c598 is an unknown value
ESP=0x17b3e648 is pointing into the stack for thread: 0x145f3800
EBP=0x17b3e678 is pointing into the stack for thread: 0x145f3800
ESI=0x17b3e730 is pointing into the stack for thread: 0x145f3800
EDI=0x145f3800 is a thread


Stack: [0x17af0000,0x17b40000],  sp=0x17b3e648,  free space=313k
Native frames: (J=compiled Java code, j=interpreted, Vv=VM code, C=native code)
V  [jvm.dll+0xd943e]
C  [sqlite-3.8.11.2-981bad7e-1433-4c21-98d9-787356da533e-sqlitejdbc.dll+0x2285]
j  org.sqlite.core.DB.prepare(Lorg/sqlite/core/CoreStatement;)V+21
j  org.sqlite.core.CorePreparedStatement.<init>(Lorg/sqlite/SQLiteConnection;Ljava/lang/String;)V+15
j  org.sqlite.jdbc3.JDBC3PreparedStatement.<init>(Lorg/sqlite/SQLiteConnection;Ljava/lang/String;)V+3
j  org.sqlite.jdbc4.JDBC4PreparedStatement.<init>(Lorg/sqlite/SQLiteConnection;Ljava/lang/String;)V+3
j  org.sqlite.jdbc4.JDBC4Connection.prepareStatement(Ljava/lang/String;III)Ljava/sql/PreparedStatement;+21
j  org.sqlite.jdbc3.JDBC3Connection.prepareStatement(Ljava/lang/String;II)Ljava/sql/PreparedStatement;+5
j  org.sqlite.jdbc3.JDBC3Connection.prepareStatement(Ljava/lang/String;)Ljava/sql/PreparedStatement;+8
j  spectrumDatabaseUtil.Panel_DatabaseManagement.importTables()V+610
j  spectrumDatabaseUtil.Panel_DatabaseManagement$10.actionPerformed(Ljava/awt/event/ActionEvent;)V+4
j  javax.swing.AbstractButton.fireActionPerformed(Ljava/awt/event/ActionEvent;)V+83
j  javax.swing.AbstractButton$Handler.actionPerformed(Ljava/awt/event/ActionEvent;)V+5
j  javax.swing.DefaultButtonModel.fireActionPerformed(Ljava/awt/event/ActionEvent;)V+34
j  javax.swing.DefaultButtonModel.setPressed(Z)V+117
j  javax.swing.AbstractButton.doClick(I)V+64
j  javax.swing.plaf.basic.BasicMenuItemUI.doClick(Ljavax/swing/MenuSelectionManager;)V+53
j  javax.swing.plaf.basic.BasicMenuItemUI$Handler.mouseReleased(Ljava/awt/event/MouseEvent;)V+76
j  java.awt.Component.processMouseEvent(Ljava/awt/event/MouseEvent;)V+64
j  javax.swing.JComponent.processMouseEvent(Ljava/awt/event/MouseEvent;)V+23
j  java.awt.Component.processEvent(Ljava/awt/AWTEvent;)V+81
j  java.awt.Container.processEvent(Ljava/awt/AWTEvent;)V+18
j  java.awt.Component.dispatchEventImpl(Ljava/awt/AWTEvent;)V+589
j  java.awt.Container.dispatchEventImpl(Ljava/awt/AWTEvent;)V+42
J 711 C1 java.awt.LightweightDispatcher.retargetMouseEvent(Ljava/awt/Component;ILjava/awt/event/MouseEvent;)V (350 bytes) @ 0x01faf6ec [0x01faf100+0x5ec]
j  java.awt.LightweightDispatcher.processMouseEvent(Ljava/awt/event/MouseEvent;)Z+155
j  java.awt.LightweightDispatcher.dispatchEvent(Ljava/awt/AWTEvent;)Z+50
j  java.awt.Container.dispatchEventImpl(Ljava/awt/AWTEvent;)V+12
j  java.awt.Window.dispatchEventImpl(Ljava/awt/AWTEvent;)V+19
j  java.awt.Component.dispatchEvent(Ljava/awt/AWTEvent;)V+2
j  java.awt.EventQueue.dispatchEventImpl(Ljava/awt/AWTEvent;Ljava/lang/Object;)V+41
j  java.awt.EventQueue.access$500(Ljava/awt/EventQueue;Ljava/awt/AWTEvent;Ljava/lang/Object;)V+3
j  java.awt.EventQueue$3.run()Ljava/lang/Void;+32
j  java.awt.EventQueue$3.run()Ljava/lang/Object;+1
v  ~StubRoutines::call_stub
V  [jvm.dll+0x159775]
V  [jvm.dll+0x21f4ae]
V  [jvm.dll+0x15980e]
V  [jvm.dll+0x109d3f]
C  [java.dll+0x102f]
J 663 C1 java.security.ProtectionDomain$JavaSecurityAccessImpl.doIntersectionPrivilege(Ljava/security/PrivilegedAction;Ljava/security/AccessControlContext;Ljava/security/AccessControlContext;)Ljava/lang/Object; (22 bytes) @ 0x01fa4d00 [0x01fa4c00+0x100]
j  java.security.ProtectionDomain$JavaSecurityAccessImpl.doIntersectionPrivilege(Ljava/security/PrivilegedAction;Ljava/security/AccessControlContext;)Ljava/lang/Object;+6
j  java.awt.EventQueue$4.run()Ljava/lang/Void;+11
j  java.awt.EventQueue$4.run()Ljava/lang/Object;+1
v  ~StubRoutines::call_stub
V  [jvm.dll+0x159775]
V  [jvm.dll+0x21f4ae]
V  [jvm.dll+0x15980e]
V  [jvm.dll+0x109d3f]
C  [java.dll+0x102f]
J 663 C1 java.security.ProtectionDomain$JavaSecurityAccessImpl.doIntersectionPrivilege(Ljava/security/PrivilegedAction;Ljava/security/AccessControlContext;Ljava/security/AccessControlContext;)Ljava/lang/Object; (22 bytes) @ 0x01fa4d00 [0x01fa4c00+0x100]
j  java.awt.EventQueue.dispatchEvent(Ljava/awt/AWTEvent;)V+73
J 552 C1 java.awt.EventDispatchThread.pumpOneEventForFilters(I)V (295 bytes) @ 0x01f7fc10 [0x01f7f580+0x690]
j  java.awt.EventDispatchThread.pumpEventsForFilter(ILjava/awt/Conditional;Ljava/awt/EventFilter;)V+35
j  java.awt.EventDispatchThread.pumpEventsForHierarchy(ILjava/awt/Conditional;Ljava/awt/Component;)V+11
j  java.awt.EventDispatchThread.pumpEvents(ILjava/awt/Conditional;)V+4
j  java.awt.EventDispatchThread.pumpEvents(Ljava/awt/Conditional;)V+3
j  java.awt.EventDispatchThread.run()V+9
v  ~StubRoutines::call_stub
V  [jvm.dll+0x159775]
V  [jvm.dll+0x21f4ae]
V  [jvm.dll+0x15980e]
V  [jvm.dll+0x159996]
V  [jvm.dll+0x159a07]
V  [jvm.dll+0xfde4f]
V  [jvm.dll+0x17cadc]
V  [jvm.dll+0x17cbca]
V  [jvm.dll+0x1c1376]
C  [msvcr100.dll+0x5c556]
C  [msvcr100.dll+0x5c600]
C  [kernel32.dll+0x4ef1c]
C  [ntdll.dll+0x63648]
C  [ntdll.dll+0x6361b]
C  0x00000000

Java frames: (J=compiled Java code, j=interpreted, Vv=VM code)
j  org.sqlite.core.NativeDB.prepare(Ljava/lang/String;)J+0
j  org.sqlite.core.DB.prepare(Lorg/sqlite/core/CoreStatement;)V+21
j  org.sqlite.core.CorePreparedStatement.<init>(Lorg/sqlite/SQLiteConnection;Ljava/lang/String;)V+15
j  org.sqlite.jdbc3.JDBC3PreparedStatement.<init>(Lorg/sqlite/SQLiteConnection;Ljava/lang/String;)V+3
j  org.sqlite.jdbc4.JDBC4PreparedStatement.<init>(Lorg/sqlite/SQLiteConnection;Ljava/lang/String;)V+3
j  org.sqlite.jdbc4.JDBC4Connection.prepareStatement(Ljava/lang/String;III)Ljava/sql/PreparedStatement;+21
j  org.sqlite.jdbc3.JDBC3Connection.prepareStatement(Ljava/lang/String;II)Ljava/sql/PreparedStatement;+5
j  org.sqlite.jdbc3.JDBC3Connection.prepareStatement(Ljava/lang/String;)Ljava/sql/PreparedStatement;+8
j  spectrumDatabaseUtil.Panel_DatabaseManagement.importTables()V+610
j  spectrumDatabaseUtil.Panel_DatabaseManagement$10.actionPerformed(Ljava/awt/event/ActionEvent;)V+4
j  javax.swing.AbstractButton.fireActionPerformed(Ljava/awt/event/ActionEvent;)V+83
j  javax.swing.AbstractButton$Handler.actionPerformed(Ljava/awt/event/ActionEvent;)V+5
j  javax.swing.DefaultButtonModel.fireActionPerformed(Ljava/awt/event/ActionEvent;)V+34
j  javax.swing.DefaultButtonModel.setPressed(Z)V+117
j  javax.swing.AbstractButton.doClick(I)V+64
j  javax.swing.plaf.basic.BasicMenuItemUI.doClick(Ljavax/swing/MenuSelectionManager;)V+53
j  javax.swing.plaf.basic.BasicMenuItemUI$Handler.mouseReleased(Ljava/awt/event/MouseEvent;)V+76
j  java.awt.Component.processMouseEvent(Ljava/awt/event/MouseEvent;)V+64
j  javax.swing.JComponent.processMouseEvent(Ljava/awt/event/MouseEvent;)V+23
j  java.awt.Component.processEvent(Ljava/awt/AWTEvent;)V+81
j  java.awt.Container.processEvent(Ljava/awt/AWTEvent;)V+18
j  java.awt.Component.dispatchEventImpl(Ljava/awt/AWTEvent;)V+589
j  java.awt.Container.dispatchEventImpl(Ljava/awt/AWTEvent;)V+42
J 711 C1 java.awt.LightweightDispatcher.retargetMouseEvent(Ljava/awt/Component;ILjava/awt/event/MouseEvent;)V (350 bytes) @ 0x01faf6ec [0x01faf100+0x5ec]
j  java.awt.LightweightDispatcher.processMouseEvent(Ljava/awt/event/MouseEvent;)Z+155
j  java.awt.LightweightDispatcher.dispatchEvent(Ljava/awt/AWTEvent;)Z+50
j  java.awt.Container.dispatchEventImpl(Ljava/awt/AWTEvent;)V+12
j  java.awt.Window.dispatchEventImpl(Ljava/awt/AWTEvent;)V+19
j  java.awt.Component.dispatchEvent(Ljava/awt/AWTEvent;)V+2
j  java.awt.EventQueue.dispatchEventImpl(Ljava/awt/AWTEvent;Ljava/lang/Object;)V+41
j  java.awt.EventQueue.access$500(Ljava/awt/EventQueue;Ljava/awt/AWTEvent;Ljava/lang/Object;)V+3
j  java.awt.EventQueue$3.run()Ljava/lang/Void;+32
j  java.awt.EventQueue$3.run()Ljava/lang/Object;+1
v  ~StubRoutines::call_stub
J 671  java.security.AccessController.doPrivileged(Ljava/security/PrivilegedAction;Ljava/security/AccessControlContext;)Ljava/lang/Object; (0 bytes) @ 0x01fa65c7 [0x01fa6560+0x67]
J 663 C1 java.security.ProtectionDomain$JavaSecurityAccessImpl.doIntersectionPrivilege(Ljava/security/PrivilegedAction;Ljava/security/AccessControlContext;Ljava/security/AccessControlContext;)Ljava/lang/Object; (22 bytes) @ 0x01fa4d00 [0x01fa4c00+0x100]
j  java.security.ProtectionDomain$JavaSecurityAccessImpl.doIntersectionPrivilege(Ljava/security/PrivilegedAction;Ljava/security/AccessControlContext;)Ljava/lang/Object;+6
j  java.awt.EventQueue$4.run()Ljava/lang/Void;+11
j  java.awt.EventQueue$4.run()Ljava/lang/Object;+1
v  ~StubRoutines::call_stub
J 671  java.security.AccessController.doPrivileged(Ljava/security/PrivilegedAction;Ljava/security/AccessControlContext;)Ljava/lang/Object; (0 bytes) @ 0x01fa65c7 [0x01fa6560+0x67]
J 663 C1 java.security.ProtectionDomain$JavaSecurityAccessImpl.doIntersectionPrivilege(Ljava/security/PrivilegedAction;Ljava/security/AccessControlContext;Ljava/security/AccessControlContext;)Ljava/lang/Object; (22 bytes) @ 0x01fa4d00 [0x01fa4c00+0x100]
j  java.awt.EventQueue.dispatchEvent(Ljava/awt/AWTEvent;)V+73
J 552 C1 java.awt.EventDispatchThread.pumpOneEventForFilters(I)V (295 bytes) @ 0x01f7fc10 [0x01f7f580+0x690]
j  java.awt.EventDispatchThread.pumpEventsForFilter(ILjava/awt/Conditional;Ljava/awt/EventFilter;)V+35
j  java.awt.EventDispatchThread.pumpEventsForHierarchy(ILjava/awt/Conditional;Ljava/awt/Component;)V+11
j  java.awt.EventDispatchThread.pumpEvents(ILjava/awt/Conditional;)V+4
j  java.awt.EventDispatchThread.pumpEvents(Ljava/awt/Conditional;)V+3
j  java.awt.EventDispatchThread.run()V+9
v  ~StubRoutines::call_stub

---------------  P R O C E S S  ---------------

Java Threads: ( => current thread )
  0x17edac00 JavaThread "Swing-Shell" daemon [_thread_blocked, id=580, stack(0x1c990000,0x1c9e0000)]
  0x17ef4000 JavaThread "TimerQueue" daemon [_thread_blocked, id=1968, stack(0x18250000,0x182a0000)]
  0x17de8800 JavaThread "D3D Screen Updater" daemon [_thread_blocked, id=8604, stack(0x18550000,0x185a0000)]
  0x003ec800 JavaThread "DestroyJavaVM" [_thread_blocked, id=5004, stack(0x00390000,0x003e0000)]
=>0x145f3800 JavaThread "AWT-EventQueue-0" [_thread_in_vm, id=8288, stack(0x17af0000,0x17b40000)]
  0x1459a000 JavaThread "AWT-Windows" daemon [_thread_in_native, id=7124, stack(0x03ee0000,0x03f30000)]
  0x14599800 JavaThread "AWT-Shutdown" [_thread_blocked, id=9180, stack(0x148b0000,0x14900000)]
  0x14594c00 JavaThread "Java2D Disposer" daemon [_thread_blocked, id=7388, stack(0x14740000,0x14790000)]
  0x144b7000 JavaThread "Service Thread" daemon [_thread_blocked, id=5036, stack(0x03f70000,0x03fc0000)]
  0x144be000 JavaThread "C1 CompilerThread0" daemon [_thread_blocked, id=8328, stack(0x00800000,0x00850000)]
  0x144bd000 JavaThread "Attach Listener" daemon [_thread_blocked, id=10096, stack(0x03e70000,0x03ec0000)]
  0x144ba000 JavaThread "Signal Dispatcher" daemon [_thread_blocked, id=4368, stack(0x03e20000,0x03e70000)]
  0x14498400 JavaThread "Finalizer" daemon [_thread_blocked, id=9752, stack(0x01580000,0x015d0000)]
  0x14473400 JavaThread "Reference Handler" daemon [_thread_blocked, id=9032, stack(0x01990000,0x019e0000)]

Other Threads:
  0x1446c800 VMThread [stack: 0x01940000,0x01990000] [id=8896]
  0x144d1800 WatcherThread [stack: 0x14690000,0x146e0000] [id=4112]

VM state:not at safepoint (normal execution)

VM Mutex/Monitor currently owned by a thread: None

Heap:
 def new generation   total 8064K, used 822K [0x04000000, 0x048c0000, 0x09550000)
  eden space 7168K,   7% used [0x04000000, 0x0408bd58, 0x04700000)
  from space 896K,  29% used [0x04700000, 0x04741e58, 0x047e0000)
  to   space 896K,   0% used [0x047e0000, 0x047e0000, 0x048c0000)
 tenured generation   total 17812K, used 12381K [0x09550000, 0x0a6b5000, 0x14000000)
   the space 17812K,  69% used [0x09550000, 0x0a1677c8, 0x0a167800, 0x0a6b5000)
 Metaspace       used 13047K, capacity 13279K, committed 13440K, reserved 13696K

Card table byte_map: [0x006d0000,0x00760000] byte_map_base: 0x006b0000

Polling page: 0x00370000

CodeCache: size=32768Kb used=2495Kb max_used=2495Kb free=30272Kb
 bounds [0x01e10000, 0x02080000, 0x03e10000]
 total_blobs=1608 nmethods=1335 adapters=203
 compilation: enabled

Compilation events (10 events):
Event: 48.855 Thread 0x144be000 1334             sun.awt.shell.Win32ShellFolder2$FolderDisposer$1::<init> (10 bytes)
Event: 48.855 Thread 0x144be000 nmethod 1334 0x0207e0c8 code [0x0207e1c0, 0x0207e250]
Event: 48.855 Thread 0x144be000 1335             sun.awt.shell.Win32ShellFolder2$FolderDisposer$1::call (5 bytes)
Event: 48.855 Thread 0x144be000 nmethod 1335 0x0207e288 code [0x0207e380, 0x0207e40c]
Event: 48.855 Thread 0x144be000 1336             sun.awt.shell.Win32ShellFolder2$FolderDisposer$1::call (68 bytes)
Event: 48.855 Thread 0x144be000 nmethod 1336 0x0207e488 code [0x0207e5a0, 0x0207e6f4]
Event: 48.861 Thread 0x144be000 1337             java.util.regex.Pattern::compile (406 bytes)
Event: 48.862 Thread 0x144be000 nmethod 1337 0x0207e808 code [0x0207ea00, 0x0207f40c]
Event: 48.863 Thread 0x144be000 1338             sun.awt.shell.Win32ShellFolder2$FolderDisposer::dispose (26 bytes)
Event: 48.863 Thread 0x144be000 nmethod 1338 0x0207fb08 code [0x0207fc10, 0x0207fd4c]

GC Heap History (10 events):
Event: 3.121 GC heap before
{Heap before GC invocations=14 (full 1):
 def new generation   total 8064K, used 7177K [0x04000000, 0x048c0000, 0x09550000)
  eden space 7168K, 100% used [0x04000000, 0x04700000, 0x04700000)
  from space 896K,   1% used [0x047e0000, 0x047e2600, 0x048c0000)
  to   space 896K,   0% used [0x04700000, 0x04700000, 0x047e0000)
 tenured generation   total 17812K, used 10685K [0x09550000, 0x0a6b5000, 0x14000000)
   the space 17812K,  59% used [0x09550000, 0x09fbf408, 0x09fbf600, 0x0a6b5000)
 Metaspace       used 8808K, capacity 9007K, committed 9088K, reserved 9600K
Event: 3.122 GC heap after
Heap after GC invocations=15 (full 1):
 def new generation   total 8064K, used 17K [0x04000000, 0x048c0000, 0x09550000)
  eden space 7168K,   0% used [0x04000000, 0x04000000, 0x04700000)
  from space 896K,   1% used [0x04700000, 0x04704540, 0x047e0000)
  to   space 896K,   0% used [0x047e0000, 0x047e0000, 0x048c0000)
 tenured generation   total 17812K, used 10685K [0x09550000, 0x0a6b5000, 0x14000000)
   the space 17812K,  59% used [0x09550000, 0x09fbf408, 0x09fbf600, 0x0a6b5000)
 Metaspace       used 8808K, capacity 9007K, committed 9088K, reserved 9600K
}
Event: 26.751 GC heap before
{Heap before GC invocations=15 (full 1):
 def new generation   total 8064K, used 7185K [0x04000000, 0x048c0000, 0x09550000)
  eden space 7168K, 100% used [0x04000000, 0x04700000, 0x04700000)
  from space 896K,   1% used [0x04700000, 0x04704540, 0x047e0000)
  to   space 896K,   0% used [0x047e0000, 0x047e0000, 0x048c0000)
 tenured generation   total 17812K, used 10685K [0x09550000, 0x0a6b5000, 0x14000000)
   the space 17812K,  59% used [0x09550000, 0x09fbf408, 0x09fbf600, 0x0a6b5000)
 Metaspace       used 11908K, capacity 12149K, committed 12288K, reserved 12672K
Event: 26.757 GC heap after
Heap after GC invocations=16 (full 1):
 def new generation   total 8064K, used 896K [0x04000000, 0x048c0000, 0x09550000)
  eden space 7168K,   0% used [0x04000000, 0x04000000, 0x04700000)
  from space 896K, 100% used [0x047e0000, 0x048c0000, 0x048c0000)
  to   space 896K,   0% used [0x04700000, 0x04700000, 0x047e0000)
 tenured generation   total 17812K, used 11062K [0x09550000, 0x0a6b5000, 0x14000000)
   the space 17812K,  62% used [0x09550000, 0x0a01d8a0, 0x0a01da00, 0x0a6b5000)
 Metaspace       used 11908K, capacity 12149K, committed 12288K, reserved 12672K
}
Event: 37.612 GC heap before
{Heap before GC invocations=16 (full 1):
 def new generation   total 8064K, used 8064K [0x04000000, 0x048c0000, 0x09550000)
  eden space 7168K, 100% used [0x04000000, 0x04700000, 0x04700000)
  from space 896K, 100% used [0x047e0000, 0x048c0000, 0x048c0000)
  to   space 896K,   0% used [0x04700000, 0x04700000, 0x047e0000)
 tenured generation   total 17812K, used 11062K [0x09550000, 0x0a6b5000, 0x14000000)
   the space 17812K,  62% used [0x09550000, 0x0a01d8a0, 0x0a01da00, 0x0a6b5000)
 Metaspace       used 13000K, capacity 13215K, committed 13312K, reserved 13696K
Event: 37.621 GC heap after
Heap after GC invocations=17 (full 1):
 def new generation   total 8064K, used 813K [0x04000000, 0x048c0000, 0x09550000)
  eden space 7168K,   0% used [0x04000000, 0x04000000, 0x04700000)
  from space 896K,  90% used [0x04700000, 0x047cb680, 0x047e0000)
  to   space 896K,   0% used [0x047e0000, 0x047e0000, 0x048c0000)
 tenured generation   total 17812K, used 11940K [0x09550000, 0x0a6b5000, 0x14000000)
   the space 17812K,  67% used [0x09550000, 0x0a0f91d0, 0x0a0f9200, 0x0a6b5000)
 Metaspace       used 13000K, capacity 13215K, committed 13312K, reserved 13696K
}
Event: 48.842 GC heap before
{Heap before GC invocations=17 (full 1):
 def new generation   total 8064K, used 7981K [0x04000000, 0x048c0000, 0x09550000)
  eden space 7168K, 100% used [0x04000000, 0x04700000, 0x04700000)
  from space 896K,  90% used [0x04700000, 0x047cb680, 0x047e0000)
  to   space 896K,   0% used [0x047e0000, 0x047e0000, 0x048c0000)
 tenured generation   total 17812K, used 11940K [0x09550000, 0x0a6b5000, 0x14000000)
   the space 17812K,  67% used [0x09550000, 0x0a0f91d0, 0x0a0f9200, 0x0a6b5000)
 Metaspace       used 13020K, capacity 13247K, committed 13440K, reserved 13696K
Event: 48.848 GC heap after
Heap after GC invocations=18 (full 1):
 def new generation   total 8064K, used 430K [0x04000000, 0x048c0000, 0x09550000)
  eden space 7168K,   0% used [0x04000000, 0x04000000, 0x04700000)
  from space 896K,  48% used [0x047e0000, 0x0484b968, 0x048c0000)
  to   space 896K,   0% used [0x04700000, 0x04700000, 0x047e0000)
 tenured generation   total 17812K, used 12381K [0x09550000, 0x0a6b5000, 0x14000000)
   the space 17812K,  69% used [0x09550000, 0x0a1677c8, 0x0a167800, 0x0a6b5000)
 Metaspace       used 13020K, capacity 13247K, committed 13440K, reserved 13696K
}
Event: 48.864 GC heap before
{Heap before GC invocations=18 (full 1):
 def new generation   total 8064K, used 7598K [0x04000000, 0x048c0000, 0x09550000)
  eden space 7168K, 100% used [0x04000000, 0x04700000, 0x04700000)
  from space 896K,  48% used [0x047e0000, 0x0484b968, 0x048c0000)
  to   space 896K,   0% used [0x04700000, 0x04700000, 0x047e0000)
 tenured generation   total 17812K, used 12381K [0x09550000, 0x0a6b5000, 0x14000000)
   the space 17812K,  69% used [0x09550000, 0x0a1677c8, 0x0a167800, 0x0a6b5000)
 Metaspace       used 13020K, capacity 13247K, committed 13440K, reserved 13696K
Event: 48.866 GC heap after
Heap after GC invocations=19 (full 1):
 def new generation   total 8064K, used 263K [0x04000000, 0x048c0000, 0x09550000)
  eden space 7168K,   0% used [0x04000000, 0x04000000, 0x04700000)
  from space 896K,  29% used [0x04700000, 0x04741e58, 0x047e0000)
  to   space 896K,   0% used [0x047e0000, 0x047e0000, 0x048c0000)
 tenured generation   total 17812K, used 12381K [0x09550000, 0x0a6b5000, 0x14000000)
   the space 17812K,  69% used [0x09550000, 0x0a1677c8, 0x0a167800, 0x0a6b5000)
 Metaspace       used 13020K, capacity 13247K, committed 13440K, reserved 13696K
}

Deoptimization events (0 events):
No events

Internal exceptions (10 events):
Event: 0.870 Thread 0x145f3800 Exception <a 'java/lang/ClassNotFoundException': ToolBar> (0x042efff0) thrown at [C:\workspace\8-2-build-windows-i586-cygwin\jdk8u92\6642\hotspot\src\share\vm\classfile\systemDictionary.cpp, line 210]
Event: 0.870 Thread 0x145f3800 Exception <a 'java/lang/ClassNotFoundException': ToggleButton> (0x042f0538) thrown at [C:\workspace\8-2-build-windows-i586-cygwin\jdk8u92\6642\hotspot\src\share\vm\classfile\systemDictionary.cpp, line 210]
Event: 0.870 Thread 0x145f3800 Exception <a 'java/lang/ClassNotFoundException': javax/swing/JToolBarSeparator> (0x042f0940) thrown at [C:\workspace\8-2-build-windows-i586-cygwin\jdk8u92\6642\hotspot\src\share\vm\classfile\systemDictionary.cpp, line 210]
Event: 0.870 Thread 0x145f3800 Exception <a 'java/lang/ClassNotFoundException': ToolBarSeparator> (0x042f0d98) thrown at [C:\workspace\8-2-build-windows-i586-cygwin\jdk8u92\6642\hotspot\src\share\vm\classfile\systemDictionary.cpp, line 210]
Event: 0.871 Thread 0x145f3800 Exception <a 'java/lang/ClassNotFoundException': ToolTip> (0x042f1440) thrown at [C:\workspace\8-2-build-windows-i586-cygwin\jdk8u92\6642\hotspot\src\share\vm\classfile\systemDictionary.cpp, line 210]
Event: 0.872 Thread 0x145f3800 Exception <a 'java/lang/ClassNotFoundException': Tree> (0x042f1f28) thrown at [C:\workspace\8-2-build-windows-i586-cygwin\jdk8u92\6642\hotspot\src\share\vm\classfile\systemDictionary.cpp, line 210]
Event: 0.872 Thread 0x145f3800 Exception <a 'java/lang/ClassNotFoundException': Tree> (0x042f25c8) thrown at [C:\workspace\8-2-build-windows-i586-cygwin\jdk8u92\6642\hotspot\src\share\vm\classfile\systemDictionary.cpp, line 210]
Event: 0.872 Thread 0x145f3800 Exception <a 'java/lang/ClassNotFoundException': javax/swing/JTreeCell> (0x042f2900) thrown at [C:\workspace\8-2-build-windows-i586-cygwin\jdk8u92\6642\hotspot\src\share\vm\classfile\systemDictionary.cpp, line 210]
Event: 0.872 Thread 0x145f3800 Exception <a 'java/lang/ClassNotFoundException': TreeCell> (0x042f2d48) thrown at [C:\workspace\8-2-build-windows-i586-cygwin\jdk8u92\6642\hotspot\src\share\vm\classfile\systemDictionary.cpp, line 210]
Event: 0.872 Thread 0x145f3800 Exception <a 'java/lang/ClassNotFoundException': RootPane> (0x042f3508) thrown at [C:\workspace\8-2-build-windows-i586-cygwin\jdk8u92\6642\hotspot\src\share\vm\classfile\systemDictionary.cpp, line 210]

Events (10 events):
Event: 48.868 loading class org/sqlite/jdbc4/JDBC4PreparedStatement
Event: 48.868 loading class org/sqlite/jdbc4/JDBC4PreparedStatement done
Event: 48.868 loading class java/sql/ParameterMetaData
Event: 48.868 loading class java/sql/ParameterMetaData done
Event: 48.869 loading class org/sqlite/jdbc3/JDBC3PreparedStatement
Event: 48.869 loading class org/sqlite/jdbc3/JDBC3PreparedStatement done
Event: 48.869 loading class org/sqlite/core/CorePreparedStatement
Event: 48.869 loading class org/sqlite/core/CorePreparedStatement done
Event: 48.870 loading class java/sql/Date
Event: 48.871 loading class java/sql/Date done


Dynamic libraries:
0x003f0000 - 0x00423000 	C:\Program Files\Java\jdk1.8.0_92\bin\javaw.exe
0x77620000 - 0x77762000 	C:\Windows\SYSTEM32\ntdll.dll
0x6c0c0000 - 0x6c0ee000 	C:\Program Files\AVG\Av\avghookx.dll
0x74de0000 - 0x74eb5000 	C:\Windows\system32\kernel32.dll
0x749b0000 - 0x749fb000 	C:\Windows\system32\KERNELBASE.dll
0x76340000 - 0x763e1000 	C:\Windows\system32\ADVAPI32.dll
0x764d0000 - 0x7657c000 	C:\Windows\system32\msvcrt.dll
0x764b0000 - 0x764c9000 	C:\Windows\SYSTEM32\sechost.dll
0x74be0000 - 0x74c82000 	C:\Windows\system32\RPCRT4.dll
0x74ec0000 - 0x74f89000 	C:\Windows\system32\USER32.dll
0x752a0000 - 0x752ee000 	C:\Windows\system32\GDI32.dll
0x77770000 - 0x7777a000 	C:\Windows\system32\LPK.dll
0x76770000 - 0x7680d000 	C:\Windows\system32\USP10.dll
0x73710000 - 0x738ae000 	C:\Windows\WinSxS\x86_microsoft.windows.common-controls_6595b64144ccf1df_6.0.7601.18837_none_41e855142bd5705d\COMCTL32.dll
0x74c90000 - 0x74ce7000 	C:\Windows\system32\SHLWAPI.dll
0x74a10000 - 0x74a2f000 	C:\Windows\system32\IMM32.DLL
0x74f90000 - 0x7505c000 	C:\Windows\system32\MSCTF.dll
0x52ab0000 - 0x52b6f000 	C:\Program Files\Java\jdk1.8.0_92\jre\bin\msvcr100.dll
0x6cf90000 - 0x6d35b000 	C:\Program Files\Java\jdk1.8.0_92\jre\bin\client\jvm.dll
0x71160000 - 0x71167000 	C:\Windows\system32\WSOCK32.dll
0x74a40000 - 0x74a75000 	C:\Windows\system32\WS2_32.dll
0x74a80000 - 0x74a86000 	C:\Windows\system32\NSI.dll
0x72ac0000 - 0x72af2000 	C:\Windows\system32\WINMM.dll
0x73b70000 - 0x73b79000 	C:\Windows\system32\VERSION.dll
0x74d70000 - 0x74d75000 	C:\Windows\system32\PSAPI.DLL
0x77190000 - 0x7719c000 	C:\Program Files\Java\jdk1.8.0_92\jre\bin\verify.dll
0x76b00000 - 0x76b21000 	C:\Program Files\Java\jdk1.8.0_92\jre\bin\java.dll
0x76b40000 - 0x76b53000 	C:\Program Files\Java\jdk1.8.0_92\jre\bin\zip.dll
0x752f0000 - 0x75f3b000 	C:\Windows\system32\SHELL32.dll
0x76580000 - 0x766dd000 	C:\Windows\system32\ole32.dll
0x746e0000 - 0x746eb000 	C:\Windows\system32\profapi.dll
0x6c890000 - 0x6c9d5000 	C:\Program Files\Java\jdk1.8.0_92\jre\bin\awt.dll
0x76420000 - 0x764af000 	C:\Windows\system32\OLEAUT32.dll
0x73270000 - 0x73283000 	C:\Windows\system32\DWMAPI.DLL
0x736d0000 - 0x73710000 	C:\Windows\system32\uxtheme.dll
0x745b0000 - 0x745bc000 	C:\Windows\system32\CRYPTBASE.dll
0x6ae60000 - 0x6b023000 	C:\Windows\system32\d3d9.dll
0x6b3d0000 - 0x6b3d6000 	C:\Windows\system32\d3d8thk.dll
0x52de0000 - 0x5374e000 	C:\Windows\system32\nvd3dum.dll
0x72f30000 - 0x72f55000 	C:\Windows\system32\powrprof.dll
0x76150000 - 0x762ed000 	C:\Windows\system32\SETUPAPI.dll
0x748c0000 - 0x748e7000 	C:\Windows\system32\CFGMGR32.dll
0x74890000 - 0x748a2000 	C:\Windows\system32\DEVOBJ.dll
0x76a20000 - 0x76a59000 	C:\Program Files\Java\jdk1.8.0_92\jre\bin\fontmanager.dll
0x76ac0000 - 0x76ae0000 	C:\Program Files\Java\jdk1.8.0_92\jre\bin\sunec.dll
0x74110000 - 0x74127000 	C:\Windows\system32\CRYPTSP.dll
0x73e30000 - 0x73e6b000 	C:\Windows\system32\rsaenh.dll
0x74740000 - 0x74757000 	C:\Windows\system32\USERENV.dll
0x76ae0000 - 0x76af6000 	C:\Program Files\Java\jdk1.8.0_92\jre\bin\net.dll
0x740d0000 - 0x7410c000 	C:\Windows\system32\mswsock.dll
0x740c0000 - 0x740c6000 	C:\Windows\System32\wship6.dll
0x726f0000 - 0x7270c000 	C:\Windows\system32\IPHLPAPI.DLL
0x726e0000 - 0x726e7000 	C:\Windows\system32\WINNSI.DLL
0x72270000 - 0x72282000 	C:\Windows\system32\dhcpcsvc.DLL
0x72260000 - 0x7226d000 	C:\Windows\system32\dhcpcsvc6.DLL
0x771e0000 - 0x771ef000 	C:\Program Files\Java\jdk1.8.0_92\jre\bin\nio.dll
0x77180000 - 0x77189000 	C:\Program Files\Java\jdk1.8.0_92\jre\bin\sunmscapi.dll
0x74760000 - 0x74881000 	C:\Windows\system32\CRYPT32.dll
0x746f0000 - 0x746fc000 	C:\Windows\system32\MSASN1.dll
0x72890000 - 0x728a0000 	C:\Windows\system32\NLAapi.dll
0x6b3c0000 - 0x6b3d0000 	C:\Windows\system32\napinsp.dll
0x69de0000 - 0x69df2000 	C:\Windows\system32\pnrpnsp.dll
0x69dd0000 - 0x69ddd000 	C:\Windows\system32\wshbth.dll
0x73f10000 - 0x73f54000 	C:\Windows\system32\DNSAPI.dll
0x69dc0000 - 0x69dc8000 	C:\Windows\System32\winrnr.dll
0x71600000 - 0x71621000 	C:\Program Files\Bonjour\mdnsNSP.dll
0x73c00000 - 0x73c05000 	C:\Windows\System32\wshtcpip.dll
0x715f0000 - 0x715f6000 	C:\Windows\system32\rasadhlp.dll
0x72300000 - 0x72338000 	C:\Windows\System32\fwpuclnt.dll
0x76a70000 - 0x76a96000 	C:\Program Files\Java\jdk1.8.0_92\jre\bin\jpeg.dll
0x71980000 - 0x719b0000 	C:\Program Files\Java\jdk1.8.0_92\jre\bin\lcms.dll
0x65180000 - 0x651b2000 	C:\Program Files\Java\jdk1.8.0_92\jre\bin\t2k.dll
0x766e0000 - 0x76763000 	C:\Windows\system32\CLBCatQ.DLL
0x6f320000 - 0x6f344000 	C:\Program Files\Java\jdk1.8.0_92\jre\bin\dcpr.dll
0x18440000 - 0x184f0000 	C:\Users\dzungcsu\AppData\Local\Temp\sqlite-3.8.11.2-981bad7e-1433-4c21-98d9-787356da533e-sqlitejdbc.dll
0x73100000 - 0x73231000 	C:\Windows\system32\WindowsCodecs.dll
0x74620000 - 0x7466c000 	C:\Windows\system32\apphelp.dll
0x5ec00000 - 0x5ec8f000 	C:\Program Files\Google\Drive\googledrivesync32.dll
0x6bcd0000 - 0x6bd5e000 	C:\Windows\WinSxS\x86_microsoft.vc90.crt_1fc8b3b9a1e18e3b_9.0.30729.6161_none_50934f2ebcb7eb57\MSVCP90.dll
0x6bc20000 - 0x6bcc3000 	C:\Windows\WinSxS\x86_microsoft.vc90.crt_1fc8b3b9a1e18e3b_9.0.30729.6161_none_50934f2ebcb7eb57\MSVCR90.dll
0x6b6b0000 - 0x6b6e5000 	C:\Users\dzungcsu\AppData\Roaming\Dropbox\bin\DropboxExt.34.dll
0x6df80000 - 0x6e004000 	C:\Windows\WinSxS\x86_microsoft.windows.common-controls_6595b64144ccf1df_5.82.7601.18837_none_ec86b8d6858ec0bc\comctl32.dll
0x73290000 - 0x73385000 	C:\Windows\system32\propsys.dll
0x73420000 - 0x73441000 	C:\Windows\system32\ntmarta.dll
0x762f0000 - 0x76335000 	C:\Windows\system32\WLDAP32.dll
0x59cd0000 - 0x59e68000 	C:\Windows\system32\NetworkExplorer.dll
0x5c0d0000 - 0x5c0ff000 	C:\Windows\System32\shdocvw.dll
0x72820000 - 0x7282a000 	C:\Windows\system32\slc.dll
0x6be80000 - 0x6be92000 	C:\Windows\system32\MPR.dll
0x5f200000 - 0x5f208000 	C:\Windows\System32\drprov.dll
0x73d40000 - 0x73d69000 	C:\Windows\System32\WINSTA.dll
0x5a060000 - 0x5a074000 	C:\Windows\System32\ntlanman.dll
0x5a000000 - 0x5a017000 	C:\Windows\System32\davclnt.dll
0x5f700000 - 0x5f708000 	C:\Windows\System32\DAVHLPR.dll
0x72d20000 - 0x72d2f000 	C:\Windows\system32\wkscli.dll
0x6ba00000 - 0x6ba0b000 	C:\Windows\system32\cscapi.dll
0x74230000 - 0x74239000 	C:\Windows\system32\netutils.dll
0x286a0000 - 0x288d8000 	C:\Windows\system32\wpdshext.dll
0x73540000 - 0x736d0000 	C:\Windows\WinSxS\x86_microsoft.windows.gdiplus_6595b64144ccf1df_1.1.7601.23407_none_5c02a2f5a011f9be\gdiplus.dll
0x65240000 - 0x652c9000 	C:\Windows\system32\PortableDeviceApi.dll
0x74980000 - 0x749af000 	C:\Windows\system32\WINTRUST.dll
0x647b0000 - 0x647db000 	C:\Windows\system32\PortableDeviceTypes.dll
0x64550000 - 0x6458f000 	C:\Windows\system32\audiodev.dll
0x642b0000 - 0x64517000 	C:\Windows\system32\WMVCore.DLL
0x64b70000 - 0x64bad000 	C:\Windows\system32\WMASF.DLL
0x5e670000 - 0x5e6a1000 	C:\Windows\system32\EhStorShell.dll
0x71950000 - 0x71972000 	C:\Windows\system32\EhStorAPI.dll
0x5f800000 - 0x5f809000 	C:\Windows\system32\LINKINFO.dll
0x6a580000 - 0x6a66b000 	C:\Windows\system32\dbghelp.dll

VM Arguments:
jvm_args: -Djava.library.path=C:\Program Files\IBM\ILOG\CPLEX_Studio126\cplex\bin\x86_win32 -Dfile.encoding=Cp1252 
java_command: spectrumGUI.Spectrum_Main
java_class_path (initial): C:\SpectrumLite\bin;C:\SpectrumLite_Documents\Setup\sqlite-jdbc-3.8.11.2.jar;C:\Program Files\IBM\ILOG\CPLEX_Studio126\cplex\lib\cplex.jar
Launcher Type: SUN_STANDARD

Environment Variables:
PATH=C:/Program Files/Java/jdk1.8.0_92/jre/bin/server;C:/Program Files/Java/jdk1.8.0_92/jre/bin;C:/Program Files/Java/jdk1.8.0_92/jre/lib/i386;C:\ProgramData\Oracle\Java\javapath;C:\Program Files\IBM\ILOG\CPLEX_Studio126\opl\bin\x86_win32;C:\Program Files\IBM\ILOG\CPLEX_Studio126\opl\oplide\;C:\Program Files\IBM\ILOG\CPLEX_Studio126\cplex\bin\x86_win32;C:\Program Files\IBM\ILOG\CPLEX_Studio126\cpoptimizer\bin\x86_win32;C:\Windows\SYSTEM32;C:\Windows;C:\Windows\SYSTEM32\WBEM;C:\Windows\SYSTEM32\WINDOWSPOWERSHELL\V1.0\;C:\PROGRAM FILES\MICROSOFT SQL SERVER\100\TOOLS\BINN\;C:\PROGRAM FILES\MICROSOFT SQL SERVER\100\DTS\BINN\;C:\PROGRA~1\FARSTONE\VIRTUA~1\;C:\WINDOWS;C:\WINDOWS\SYSTEM32\WBEM;C:\WINDOWS\SYSTEM32;C:\PROGRAM FILES\FARSTONE\VIRTUALDRIVE\VDP;C:\PROGRA~1\FARSTONE\VIRTUA~1\DVDCRE~1;c:\Program Files\Microsoft SQL Server\100\Tools\Binn\VSShell\Common7\IDE\;C:\Program Files\IBM\ILOGNEW\CPLEX_Studio_Preview125\opl\bin\x86_win32;C:\Program Files\IBM\ILOGNEW\CPLEX_Studio_Preview125\opl\oplide\;C:\Program Files\IBM\ILOGNEW\CPLEX_Studio_Preview125\cplex\bin\x86_win32;C:\Program Files\IBM\ILOGNEW\CPLEX_Studio_Preview125\cpoptimizer\bin\x86_win32?;C:\Program Files\Skype\Phone\;C:\Program Files\Java\jdk1.8.0_92\bin;C:\Users\dzungcsu\Desktop;
USERNAME=dzungcsu
OS=Windows_NT
PROCESSOR_IDENTIFIER=x86 Family 6 Model 23 Stepping 10, GenuineIntel



---------------  S Y S T E M  ---------------

OS: Windows 7 Build 7601 (6.1.7601.23392)

CPU:total 2 (2 cores per cpu, 1 threads per core) family 6 model 23 stepping 10, cmov, cx8, fxsr, mmx, sse, sse2, sse3, ssse3, sse4.1, tsc

Memory: 4k page, physical 2873956k(747864k free), swap 5747912k(1830964k free)

vm_info: Java HotSpot(TM) Client VM (25.92-b14) for windows-x86 JRE (1.8.0_92-b14), built on Mar 31 2016 21:09:21 by "java_re" with MS VC++ 10.0 (VS2010)

time: Mon Jun 27 12:40:12 2016
elapsed time: 48 seconds (0d 0h 0m 48s)

