#
# A fatal error has been detected by the Java Runtime Environment:
#
#  EXCEPTION_ACCESS_VIOLATION (0xc0000005) at pc=0x6c58943e, pid=3600, tid=0x0000112c
#
# JRE version: Java(TM) SE Runtime Environment (8.0_92-b14) (build 1.8.0_92-b14)
# Java VM: Java HotSpot(TM) Client VM (25.92-b14 mixed mode, sharing windows-x86 )
# Problematic frame:
# V  [jvm.dll+0xd943e]
#
# Failed to write core dump. Minidumps are not enabled by default on client versions of Windows
#
# If you would like to submit a bug report, please visit:
#   http://bugreport.java.com/bugreport/crash.jsp
#

---------------  T H R E A D  ---------------

Current thread (0x15253800):  JavaThread "AWT-EventQueue-0" [_thread_in_vm, id=4396, stack(0x188b0000,0x18900000)]

siginfo: ExceptionCode=0xc0000005, reading address 0x00000000

Registers:
EAX=0x00000000, EBX=0x00000000, ECX=0x00000000, EDX=0x0068af80
ESP=0x188fe2a8, EBP=0x188fe2d8, ESI=0x188fe390, EDI=0x15253800
EIP=0x6c58943e, EFLAGS=0x00010246

Top of Stack: (sp=0x188fe2a8)
0x188fe2a8:   00000000 188fe390 15253940 188fe390
0x188fe2b8:   00000082 01b22948 00000000 188fe3f0
0x188fe2c8:   15253800 00000000 00000001 15253800
0x188fe2d8:   188fe37c 18f42285 15253800 00000000
0x188fe2e8:   00000000 01b22948 00000000 188fe3f0
0x188fe2f8:   188fe3c8 188fe3c8 01b32474 01b22948
0x188fe308:   00000000 0068af80 188fe3c8 188fe3c8
0x188fe318:   01b32474 01b22948 00000000 188fe3f0 

Instructions: (pc=0x6c58943e)
0x6c58941e:   e8 5d da f2 ff 33 db 83 c4 08 89 7d f0 89 5d f4
0x6c58942e:   39 5f 04 74 08 8d 4d f0 e8 65 d2 0c 00 8b 45 0c
0x6c58943e:   8b 30 8b 0d 90 63 82 6c 39 1c 31 74 45 56 e8 2f
0x6c58944e:   ae f6 ff 83 c4 04 6a 00 6a 00 8d 4d dc 8d 78 01 


Register to memory mapping:

EAX=0x00000000 is an unknown value
EBX=0x00000000 is an unknown value
ECX=0x00000000 is an unknown value
EDX=0x0068af80 is an unknown value
ESP=0x188fe2a8 is pointing into the stack for thread: 0x15253800
EBP=0x188fe2d8 is pointing into the stack for thread: 0x15253800
ESI=0x188fe390 is pointing into the stack for thread: 0x15253800
EDI=0x15253800 is a thread


Stack: [0x188b0000,0x18900000],  sp=0x188fe2a8,  free space=312k
Native frames: (J=compiled Java code, j=interpreted, Vv=VM code, C=native code)
V  [jvm.dll+0xd943e]
C  [sqlite-3.8.11.2-3fb53cf7-18d4-4015-82fe-b05346539529-sqlitejdbc.dll+0x2285]
j  org.sqlite.core.DB.prepare(Lorg/sqlite/core/CoreStatement;)V+21
j  org.sqlite.core.CorePreparedStatement.<init>(Lorg/sqlite/SQLiteConnection;Ljava/lang/String;)V+15
j  org.sqlite.jdbc3.JDBC3PreparedStatement.<init>(Lorg/sqlite/SQLiteConnection;Ljava/lang/String;)V+3
j  org.sqlite.jdbc4.JDBC4PreparedStatement.<init>(Lorg/sqlite/SQLiteConnection;Ljava/lang/String;)V+3
j  org.sqlite.jdbc4.JDBC4Connection.prepareStatement(Ljava/lang/String;III)Ljava/sql/PreparedStatement;+21
j  org.sqlite.jdbc3.JDBC3Connection.prepareStatement(Ljava/lang/String;II)Ljava/sql/PreparedStatement;+5
j  org.sqlite.jdbc3.JDBC3Connection.prepareStatement(Ljava/lang/String;)Ljava/sql/PreparedStatement;+8
j  spectrumDatabaseUtil.Panel_DatabaseManagement.importTables()V+610
j  spectrumDatabaseUtil.Panel_DatabaseManagement$10.actionPerformed(Ljava/awt/event/ActionEvent;)V+4
j  javax.swing.AbstractButton.fireActionPerformed(Ljava/awt/event/ActionEvent;)V+83
j  javax.swing.AbstractButton$Handler.actionPerformed(Ljava/awt/event/ActionEvent;)V+5
j  javax.swing.DefaultButtonModel.fireActionPerformed(Ljava/awt/event/ActionEvent;)V+34
j  javax.swing.DefaultButtonModel.setPressed(Z)V+117
j  javax.swing.AbstractButton.doClick(I)V+64
j  javax.swing.plaf.basic.BasicMenuItemUI.doClick(Ljavax/swing/MenuSelectionManager;)V+53
j  javax.swing.plaf.basic.BasicMenuItemUI$Handler.mouseReleased(Ljava/awt/event/MouseEvent;)V+76
j  java.awt.Component.processMouseEvent(Ljava/awt/event/MouseEvent;)V+64
j  javax.swing.JComponent.processMouseEvent(Ljava/awt/event/MouseEvent;)V+23
j  java.awt.Component.processEvent(Ljava/awt/AWTEvent;)V+81
j  java.awt.Container.processEvent(Ljava/awt/AWTEvent;)V+18
j  java.awt.Component.dispatchEventImpl(Ljava/awt/AWTEvent;)V+589
j  java.awt.Container.dispatchEventImpl(Ljava/awt/AWTEvent;)V+42
J 648 C1 java.awt.LightweightDispatcher.retargetMouseEvent(Ljava/awt/Component;ILjava/awt/event/MouseEvent;)V (350 bytes) @ 0x01cb053c [0x01cafef0+0x64c]
j  java.awt.LightweightDispatcher.processMouseEvent(Ljava/awt/event/MouseEvent;)Z+155
j  java.awt.LightweightDispatcher.dispatchEvent(Ljava/awt/AWTEvent;)Z+50
j  java.awt.Container.dispatchEventImpl(Ljava/awt/AWTEvent;)V+12
j  java.awt.Window.dispatchEventImpl(Ljava/awt/AWTEvent;)V+19
j  java.awt.Component.dispatchEvent(Ljava/awt/AWTEvent;)V+2
j  java.awt.EventQueue.dispatchEventImpl(Ljava/awt/AWTEvent;Ljava/lang/Object;)V+41
j  java.awt.EventQueue.access$500(Ljava/awt/EventQueue;Ljava/awt/AWTEvent;Ljava/lang/Object;)V+3
j  java.awt.EventQueue$3.run()Ljava/lang/Void;+32
j  java.awt.EventQueue$3.run()Ljava/lang/Object;+1
v  ~StubRoutines::call_stub
V  [jvm.dll+0x159775]
V  [jvm.dll+0x21f4ae]
V  [jvm.dll+0x15980e]
V  [jvm.dll+0x109d3f]
C  [java.dll+0x102f]
j  java.security.ProtectionDomain$JavaSecurityAccessImpl.doIntersectionPrivilege(Ljava/security/PrivilegedAction;Ljava/security/AccessControlContext;Ljava/security/AccessControlContext;)Ljava/lang/Object;+18
j  java.security.ProtectionDomain$JavaSecurityAccessImpl.doIntersectionPrivilege(Ljava/security/PrivilegedAction;Ljava/security/AccessControlContext;)Ljava/lang/Object;+6
j  java.awt.EventQueue$4.run()Ljava/lang/Void;+11
j  java.awt.EventQueue$4.run()Ljava/lang/Object;+1
v  ~StubRoutines::call_stub
V  [jvm.dll+0x159775]
V  [jvm.dll+0x21f4ae]
V  [jvm.dll+0x15980e]
V  [jvm.dll+0x109d3f]
C  [java.dll+0x102f]
j  java.security.ProtectionDomain$JavaSecurityAccessImpl.doIntersectionPrivilege(Ljava/security/PrivilegedAction;Ljava/security/AccessControlContext;Ljava/security/AccessControlContext;)Ljava/lang/Object;+18
j  java.awt.EventQueue.dispatchEvent(Ljava/awt/AWTEvent;)V+73
J 688 C1 java.awt.EventDispatchThread.pumpOneEventForFilters(I)V (295 bytes) @ 0x01cbad10 [0x01cba680+0x690]
j  java.awt.EventDispatchThread.pumpEventsForFilter(ILjava/awt/Conditional;Ljava/awt/EventFilter;)V+35
j  java.awt.EventDispatchThread.pumpEventsForHierarchy(ILjava/awt/Conditional;Ljava/awt/Component;)V+11
j  java.awt.EventDispatchThread.pumpEvents(ILjava/awt/Conditional;)V+4
j  java.awt.EventDispatchThread.pumpEvents(Ljava/awt/Conditional;)V+3
j  java.awt.EventDispatchThread.run()V+9
v  ~StubRoutines::call_stub
V  [jvm.dll+0x159775]
V  [jvm.dll+0x21f4ae]
V  [jvm.dll+0x15980e]
V  [jvm.dll+0x159996]
V  [jvm.dll+0x159a07]
V  [jvm.dll+0xfde4f]
V  [jvm.dll+0x17cadc]
V  [jvm.dll+0x17cbca]
V  [jvm.dll+0x1c1376]
C  [msvcr100.dll+0x5c556]
C  [msvcr100.dll+0x5c600]
C  [kernel32.dll+0x4ef1c]
C  [ntdll.dll+0x63648]
C  [ntdll.dll+0x6361b]
C  0x00000000

Java frames: (J=compiled Java code, j=interpreted, Vv=VM code)
j  org.sqlite.core.NativeDB.prepare(Ljava/lang/String;)J+0
j  org.sqlite.core.DB.prepare(Lorg/sqlite/core/CoreStatement;)V+21
j  org.sqlite.core.CorePreparedStatement.<init>(Lorg/sqlite/SQLiteConnection;Ljava/lang/String;)V+15
j  org.sqlite.jdbc3.JDBC3PreparedStatement.<init>(Lorg/sqlite/SQLiteConnection;Ljava/lang/String;)V+3
j  org.sqlite.jdbc4.JDBC4PreparedStatement.<init>(Lorg/sqlite/SQLiteConnection;Ljava/lang/String;)V+3
j  org.sqlite.jdbc4.JDBC4Connection.prepareStatement(Ljava/lang/String;III)Ljava/sql/PreparedStatement;+21
j  org.sqlite.jdbc3.JDBC3Connection.prepareStatement(Ljava/lang/String;II)Ljava/sql/PreparedStatement;+5
j  org.sqlite.jdbc3.JDBC3Connection.prepareStatement(Ljava/lang/String;)Ljava/sql/PreparedStatement;+8
j  spectrumDatabaseUtil.Panel_DatabaseManagement.importTables()V+610
j  spectrumDatabaseUtil.Panel_DatabaseManagement$10.actionPerformed(Ljava/awt/event/ActionEvent;)V+4
j  javax.swing.AbstractButton.fireActionPerformed(Ljava/awt/event/ActionEvent;)V+83
j  javax.swing.AbstractButton$Handler.actionPerformed(Ljava/awt/event/ActionEvent;)V+5
j  javax.swing.DefaultButtonModel.fireActionPerformed(Ljava/awt/event/ActionEvent;)V+34
j  javax.swing.DefaultButtonModel.setPressed(Z)V+117
j  javax.swing.AbstractButton.doClick(I)V+64
j  javax.swing.plaf.basic.BasicMenuItemUI.doClick(Ljavax/swing/MenuSelectionManager;)V+53
j  javax.swing.plaf.basic.BasicMenuItemUI$Handler.mouseReleased(Ljava/awt/event/MouseEvent;)V+76
j  java.awt.Component.processMouseEvent(Ljava/awt/event/MouseEvent;)V+64
j  javax.swing.JComponent.processMouseEvent(Ljava/awt/event/MouseEvent;)V+23
j  java.awt.Component.processEvent(Ljava/awt/AWTEvent;)V+81
j  java.awt.Container.processEvent(Ljava/awt/AWTEvent;)V+18
j  java.awt.Component.dispatchEventImpl(Ljava/awt/AWTEvent;)V+589
j  java.awt.Container.dispatchEventImpl(Ljava/awt/AWTEvent;)V+42
J 648 C1 java.awt.LightweightDispatcher.retargetMouseEvent(Ljava/awt/Component;ILjava/awt/event/MouseEvent;)V (350 bytes) @ 0x01cb053c [0x01cafef0+0x64c]
j  java.awt.LightweightDispatcher.processMouseEvent(Ljava/awt/event/MouseEvent;)Z+155
j  java.awt.LightweightDispatcher.dispatchEvent(Ljava/awt/AWTEvent;)Z+50
j  java.awt.Container.dispatchEventImpl(Ljava/awt/AWTEvent;)V+12
j  java.awt.Window.dispatchEventImpl(Ljava/awt/AWTEvent;)V+19
j  java.awt.Component.dispatchEvent(Ljava/awt/AWTEvent;)V+2
j  java.awt.EventQueue.dispatchEventImpl(Ljava/awt/AWTEvent;Ljava/lang/Object;)V+41
j  java.awt.EventQueue.access$500(Ljava/awt/EventQueue;Ljava/awt/AWTEvent;Ljava/lang/Object;)V+3
j  java.awt.EventQueue$3.run()Ljava/lang/Void;+32
j  java.awt.EventQueue$3.run()Ljava/lang/Object;+1
v  ~StubRoutines::call_stub
j  java.security.AccessController.doPrivileged(Ljava/security/PrivilegedAction;Ljava/security/AccessControlContext;)Ljava/lang/Object;+0
j  java.security.ProtectionDomain$JavaSecurityAccessImpl.doIntersectionPrivilege(Ljava/security/PrivilegedAction;Ljava/security/AccessControlContext;Ljava/security/AccessControlContext;)Ljava/lang/Object;+18
j  java.security.ProtectionDomain$JavaSecurityAccessImpl.doIntersectionPrivilege(Ljava/security/PrivilegedAction;Ljava/security/AccessControlContext;)Ljava/lang/Object;+6
j  java.awt.EventQueue$4.run()Ljava/lang/Void;+11
j  java.awt.EventQueue$4.run()Ljava/lang/Object;+1
v  ~StubRoutines::call_stub
j  java.security.AccessController.doPrivileged(Ljava/security/PrivilegedAction;Ljava/security/AccessControlContext;)Ljava/lang/Object;+0
j  java.security.ProtectionDomain$JavaSecurityAccessImpl.doIntersectionPrivilege(Ljava/security/PrivilegedAction;Ljava/security/AccessControlContext;Ljava/security/AccessControlContext;)Ljava/lang/Object;+18
j  java.awt.EventQueue.dispatchEvent(Ljava/awt/AWTEvent;)V+73
J 688 C1 java.awt.EventDispatchThread.pumpOneEventForFilters(I)V (295 bytes) @ 0x01cbad10 [0x01cba680+0x690]
j  java.awt.EventDispatchThread.pumpEventsForFilter(ILjava/awt/Conditional;Ljava/awt/EventFilter;)V+35
j  java.awt.EventDispatchThread.pumpEventsForHierarchy(ILjava/awt/Conditional;Ljava/awt/Component;)V+11
j  java.awt.EventDispatchThread.pumpEvents(ILjava/awt/Conditional;)V+4
j  java.awt.EventDispatchThread.pumpEvents(Ljava/awt/Conditional;)V+3
j  java.awt.EventDispatchThread.run()V+9
v  ~StubRoutines::call_stub

---------------  P R O C E S S  ---------------

Java Threads: ( => current thread )
  0x18ccd000 JavaThread "Swing-Shell" daemon [_thread_blocked, id=4852, stack(0x1c3f0000,0x1c440000)]
  0x18ca9800 JavaThread "TimerQueue" daemon [_thread_blocked, id=3204, stack(0x19180000,0x191d0000)]
  0x18b5e800 JavaThread "D3D Screen Updater" daemon [_thread_blocked, id=8844, stack(0x18900000,0x18950000)]
  0x0184c800 JavaThread "DestroyJavaVM" [_thread_blocked, id=8480, stack(0x012a0000,0x012f0000)]
=>0x15253800 JavaThread "AWT-EventQueue-0" [_thread_in_vm, id=4396, stack(0x188b0000,0x18900000)]
  0x15221400 JavaThread "AWT-Windows" daemon [_thread_in_native, id=8396, stack(0x156e0000,0x15730000)]
  0x15220c00 JavaThread "AWT-Shutdown" [_thread_blocked, id=10160, stack(0x15610000,0x15660000)]
  0x1521e400 JavaThread "Java2D Disposer" daemon [_thread_blocked, id=8240, stack(0x15580000,0x155d0000)]
  0x0174e800 JavaThread "Service Thread" daemon [_thread_blocked, id=8392, stack(0x15010000,0x15060000)]
  0x01717400 JavaThread "C1 CompilerThread0" daemon [_thread_blocked, id=6536, stack(0x14dd0000,0x14e20000)]
  0x01711000 JavaThread "Attach Listener" daemon [_thread_blocked, id=6280, stack(0x14f50000,0x14fa0000)]
  0x0170dc00 JavaThread "Signal Dispatcher" daemon [_thread_blocked, id=9644, stack(0x147a0000,0x147f0000)]
  0x01703800 JavaThread "Finalizer" daemon [_thread_blocked, id=6512, stack(0x14e70000,0x14ec0000)]
  0x016a8000 JavaThread "Reference Handler" daemon [_thread_blocked, id=6628, stack(0x14750000,0x147a0000)]

Other Threads:
  0x016a3c00 VMThread [stack: 0x03b70000,0x03bc0000] [id=9296]
  0x01754c00 WatcherThread [stack: 0x15170000,0x151c0000] [id=2568]

VM state:not at safepoint (normal execution)

VM Mutex/Monitor currently owned by a thread: None

Heap:
 def new generation   total 8064K, used 2580K [0x03c00000, 0x044c0000, 0x09150000)
  eden space 7168K,  32% used [0x03c00000, 0x03e47588, 0x04300000)
  from space 896K,  27% used [0x04300000, 0x0433dd28, 0x043e0000)
  to   space 896K,   0% used [0x043e0000, 0x043e0000, 0x044c0000)
 tenured generation   total 17812K, used 12282K [0x09150000, 0x0a2b5000, 0x13c00000)
   the space 17812K,  68% used [0x09150000, 0x09d4e930, 0x09d4ea00, 0x0a2b5000)
 Metaspace       used 5033K, capacity 5247K, committed 5376K, reserved 5504K

Card table byte_map: [0x01770000,0x01800000] byte_map_base: 0x01752000

Polling page: 0x00180000

CodeCache: size=32768Kb used=2761Kb max_used=2761Kb free=30006Kb
 bounds [0x01b20000, 0x01dd8000, 0x03b20000]
 total_blobs=1753 nmethods=1480 adapters=203
 compilation: enabled

Compilation events (10 events):
Event: 31.394 Thread 0x01717400 1479             java.util.regex.Matcher::find (69 bytes)
Event: 31.394 Thread 0x01717400 nmethod 1479 0x01dd0808 code [0x01dd0910, 0x01dd0a0c]
Event: 31.398 Thread 0x01717400 1480             java.util.regex.Pattern$LastNode::match (45 bytes)
Event: 31.398 Thread 0x01717400 nmethod 1480 0x01dd0ac8 code [0x01dd0bc0, 0x01dd0ca0]
Event: 31.399 Thread 0x01717400 1481             java.lang.String::valueOf (14 bytes)
Event: 31.399 Thread 0x01717400 nmethod 1481 0x01dd0d88 code [0x01dd0e90, 0x01dd0f2c]
Event: 31.399 Thread 0x01717400 1482             java.lang.String::subSequence (7 bytes)
Event: 31.399 Thread 0x01717400 nmethod 1482 0x01dd0f88 code [0x01dd1080, 0x01dd111c]
Event: 31.419 Thread 0x01717400 1483             java.util.regex.Pattern::compile (406 bytes)
Event: 31.421 Thread 0x01717400 nmethod 1483 0x01dd1188 code [0x01dd1380, 0x01dd1d8c]

GC Heap History (10 events):
Event: 2.709 GC heap before
{Heap before GC invocations=14 (full 1):
 def new generation   total 8064K, used 7177K [0x03c00000, 0x044c0000, 0x09150000)
  eden space 7168K, 100% used [0x03c00000, 0x04300000, 0x04300000)
  from space 896K,   1% used [0x043e0000, 0x043e2600, 0x044c0000)
  to   space 896K,   0% used [0x04300000, 0x04300000, 0x043e0000)
 tenured generation   total 17812K, used 10686K [0x09150000, 0x0a2b5000, 0x13c00000)
   the space 17812K,  59% used [0x09150000, 0x09bbfae0, 0x09bbfc00, 0x0a2b5000)
 Metaspace       used 2927K, capacity 3119K, committed 3136K, reserved 4480K
Event: 2.710 GC heap after
Heap after GC invocations=15 (full 1):
 def new generation   total 8064K, used 9K [0x03c00000, 0x044c0000, 0x09150000)
  eden space 7168K,   0% used [0x03c00000, 0x03c00000, 0x04300000)
  from space 896K,   1% used [0x04300000, 0x04302600, 0x043e0000)
  to   space 896K,   0% used [0x043e0000, 0x043e0000, 0x044c0000)
 tenured generation   total 17812K, used 10686K [0x09150000, 0x0a2b5000, 0x13c00000)
   the space 17812K,  59% used [0x09150000, 0x09bbfae0, 0x09bbfc00, 0x0a2b5000)
 Metaspace       used 2927K, capacity 3119K, committed 3136K, reserved 4480K
}
Event: 6.988 GC heap before
{Heap before GC invocations=15 (full 1):
 def new generation   total 8064K, used 7177K [0x03c00000, 0x044c0000, 0x09150000)
  eden space 7168K, 100% used [0x03c00000, 0x04300000, 0x04300000)
  from space 896K,   1% used [0x04300000, 0x04302600, 0x043e0000)
  to   space 896K,   0% used [0x043e0000, 0x043e0000, 0x044c0000)
 tenured generation   total 17812K, used 10686K [0x09150000, 0x0a2b5000, 0x13c00000)
   the space 17812K,  59% used [0x09150000, 0x09bbfae0, 0x09bbfc00, 0x0a2b5000)
 Metaspace       used 4290K, capacity 4533K, committed 4608K, reserved 5504K
Event: 6.996 GC heap after
Heap after GC invocations=16 (full 1):
 def new generation   total 8064K, used 896K [0x03c00000, 0x044c0000, 0x09150000)
  eden space 7168K,   0% used [0x03c00000, 0x03c00000, 0x04300000)
  from space 896K, 100% used [0x043e0000, 0x044c0000, 0x044c0000)
  to   space 896K,   0% used [0x04300000, 0x04300000, 0x043e0000)
 tenured generation   total 17812K, used 11086K [0x09150000, 0x0a2b5000, 0x13c00000)
   the space 17812K,  62% used [0x09150000, 0x09c23ae8, 0x09c23c00, 0x0a2b5000)
 Metaspace       used 4290K, capacity 4533K, committed 4608K, reserved 5504K
}
Event: 17.108 GC heap before
{Heap before GC invocations=16 (full 1):
 def new generation   total 8064K, used 8064K [0x03c00000, 0x044c0000, 0x09150000)
  eden space 7168K, 100% used [0x03c00000, 0x04300000, 0x04300000)
  from space 896K, 100% used [0x043e0000, 0x044c0000, 0x044c0000)
  to   space 896K,   0% used [0x04300000, 0x04300000, 0x043e0000)
 tenured generation   total 17812K, used 11086K [0x09150000, 0x0a2b5000, 0x13c00000)
   the space 17812K,  62% used [0x09150000, 0x09c23ae8, 0x09c23c00, 0x0a2b5000)
 Metaspace       used 4954K, capacity 5183K, committed 5248K, reserved 5504K
Event: 17.116 GC heap after
Heap after GC invocations=17 (full 1):
 def new generation   total 8064K, used 388K [0x03c00000, 0x044c0000, 0x09150000)
  eden space 7168K,   0% used [0x03c00000, 0x03c00000, 0x04300000)
  from space 896K,  43% used [0x04300000, 0x043613a0, 0x043e0000)
  to   space 896K,   0% used [0x043e0000, 0x043e0000, 0x044c0000)
 tenured generation   total 17812K, used 11974K [0x09150000, 0x0a2b5000, 0x13c00000)
   the space 17812K,  67% used [0x09150000, 0x09d01b88, 0x09d01c00, 0x0a2b5000)
 Metaspace       used 4954K, capacity 5183K, committed 5248K, reserved 5504K
}
Event: 31.370 GC heap before
{Heap before GC invocations=17 (full 1):
 def new generation   total 8064K, used 7556K [0x03c00000, 0x044c0000, 0x09150000)
  eden space 7168K, 100% used [0x03c00000, 0x04300000, 0x04300000)
  from space 896K,  43% used [0x04300000, 0x043613a0, 0x043e0000)
  to   space 896K,   0% used [0x043e0000, 0x043e0000, 0x044c0000)
 tenured generation   total 17812K, used 11974K [0x09150000, 0x0a2b5000, 0x13c00000)
   the space 17812K,  67% used [0x09150000, 0x09d01b88, 0x09d01c00, 0x0a2b5000)
 Metaspace       used 5006K, capacity 5215K, committed 5248K, reserved 5504K
Event: 31.376 GC heap after
Heap after GC invocations=18 (full 1):
 def new generation   total 8064K, used 667K [0x03c00000, 0x044c0000, 0x09150000)
  eden space 7168K,   0% used [0x03c00000, 0x03c00000, 0x04300000)
  from space 896K,  74% used [0x043e0000, 0x04486dd0, 0x044c0000)
  to   space 896K,   0% used [0x04300000, 0x04300000, 0x043e0000)
 tenured generation   total 17812K, used 11974K [0x09150000, 0x0a2b5000, 0x13c00000)
   the space 17812K,  67% used [0x09150000, 0x09d01b88, 0x09d01c00, 0x0a2b5000)
 Metaspace       used 5006K, capacity 5215K, committed 5248K, reserved 5504K
}
Event: 31.414 GC heap before
{Heap before GC invocations=18 (full 1):
 def new generation   total 8064K, used 7835K [0x03c00000, 0x044c0000, 0x09150000)
  eden space 7168K, 100% used [0x03c00000, 0x04300000, 0x04300000)
  from space 896K,  74% used [0x043e0000, 0x04486dd0, 0x044c0000)
  to   space 896K,   0% used [0x04300000, 0x04300000, 0x043e0000)
 tenured generation   total 17812K, used 11974K [0x09150000, 0x0a2b5000, 0x13c00000)
   the space 17812K,  67% used [0x09150000, 0x09d01b88, 0x09d01c00, 0x0a2b5000)
 Metaspace       used 5006K, capacity 5215K, committed 5248K, reserved 5504K
Event: 31.417 GC heap after
Heap after GC invocations=19 (full 1):
 def new generation   total 8064K, used 247K [0x03c00000, 0x044c0000, 0x09150000)
  eden space 7168K,   0% used [0x03c00000, 0x03c00000, 0x04300000)
  from space 896K,  27% used [0x04300000, 0x0433dd28, 0x043e0000)
  to   space 896K,   0% used [0x043e0000, 0x043e0000, 0x044c0000)
 tenured generation   total 17812K, used 12282K [0x09150000, 0x0a2b5000, 0x13c00000)
   the space 17812K,  68% used [0x09150000, 0x09d4e930, 0x09d4ea00, 0x0a2b5000)
 Metaspace       used 5006K, capacity 5215K, committed 5248K, reserved 5504K
}

Deoptimization events (0 events):
No events

Internal exceptions (10 events):
Event: 0.434 Thread 0x15253800 Exception <a 'java/lang/ClassNotFoundException': ToolBar> (0x03ef0220) thrown at [C:\workspace\8-2-build-windows-i586-cygwin\jdk8u92\6642\hotspot\src\share\vm\classfile\systemDictionary.cpp, line 210]
Event: 0.435 Thread 0x15253800 Exception <a 'java/lang/ClassNotFoundException': ToggleButton> (0x03ef0768) thrown at [C:\workspace\8-2-build-windows-i586-cygwin\jdk8u92\6642\hotspot\src\share\vm\classfile\systemDictionary.cpp, line 210]
Event: 0.435 Thread 0x15253800 Exception <a 'java/lang/ClassNotFoundException': javax/swing/JToolBarSeparator> (0x03ef0b70) thrown at [C:\workspace\8-2-build-windows-i586-cygwin\jdk8u92\6642\hotspot\src\share\vm\classfile\systemDictionary.cpp, line 210]
Event: 0.435 Thread 0x15253800 Exception <a 'java/lang/ClassNotFoundException': ToolBarSeparator> (0x03ef0fc8) thrown at [C:\workspace\8-2-build-windows-i586-cygwin\jdk8u92\6642\hotspot\src\share\vm\classfile\systemDictionary.cpp, line 210]
Event: 0.435 Thread 0x15253800 Exception <a 'java/lang/ClassNotFoundException': ToolTip> (0x03ef1670) thrown at [C:\workspace\8-2-build-windows-i586-cygwin\jdk8u92\6642\hotspot\src\share\vm\classfile\systemDictionary.cpp, line 210]
Event: 0.435 Thread 0x15253800 Exception <a 'java/lang/ClassNotFoundException': Tree> (0x03ef2158) thrown at [C:\workspace\8-2-build-windows-i586-cygwin\jdk8u92\6642\hotspot\src\share\vm\classfile\systemDictionary.cpp, line 210]
Event: 0.435 Thread 0x15253800 Exception <a 'java/lang/ClassNotFoundException': Tree> (0x03ef27f8) thrown at [C:\workspace\8-2-build-windows-i586-cygwin\jdk8u92\6642\hotspot\src\share\vm\classfile\systemDictionary.cpp, line 210]
Event: 0.435 Thread 0x15253800 Exception <a 'java/lang/ClassNotFoundException': javax/swing/JTreeCell> (0x03ef2b30) thrown at [C:\workspace\8-2-build-windows-i586-cygwin\jdk8u92\6642\hotspot\src\share\vm\classfile\systemDictionary.cpp, line 210]
Event: 0.435 Thread 0x15253800 Exception <a 'java/lang/ClassNotFoundException': TreeCell> (0x03ef2f78) thrown at [C:\workspace\8-2-build-windows-i586-cygwin\jdk8u92\6642\hotspot\src\share\vm\classfile\systemDictionary.cpp, line 210]
Event: 0.435 Thread 0x15253800 Exception <a 'java/lang/ClassNotFoundException': RootPane> (0x03ef3738) thrown at [C:\workspace\8-2-build-windows-i586-cygwin\jdk8u92\6642\hotspot\src\share\vm\classfile\systemDictionary.cpp, line 210]

Events (10 events):
Event: 31.421 loading class org/sqlite/jdbc4/JDBC4PreparedStatement
Event: 31.421 loading class org/sqlite/jdbc4/JDBC4PreparedStatement done
Event: 31.422 loading class java/sql/ParameterMetaData
Event: 31.422 loading class java/sql/ParameterMetaData done
Event: 31.422 loading class org/sqlite/jdbc3/JDBC3PreparedStatement
Event: 31.422 loading class org/sqlite/jdbc3/JDBC3PreparedStatement done
Event: 31.423 loading class org/sqlite/core/CorePreparedStatement
Event: 31.423 loading class org/sqlite/core/CorePreparedStatement done
Event: 31.424 loading class java/sql/Date
Event: 31.424 loading class java/sql/Date done


Dynamic libraries:
0x00140000 - 0x00173000 	C:\Program Files\Java\jdk1.8.0_92\bin\javaw.exe
0x77620000 - 0x77762000 	C:\Windows\SYSTEM32\ntdll.dll
0x6c0c0000 - 0x6c0ee000 	C:\Program Files\AVG\Av\avghookx.dll
0x74de0000 - 0x74eb5000 	C:\Windows\system32\kernel32.dll
0x749b0000 - 0x749fb000 	C:\Windows\system32\KERNELBASE.dll
0x76340000 - 0x763e1000 	C:\Windows\system32\ADVAPI32.dll
0x764d0000 - 0x7657c000 	C:\Windows\system32\msvcrt.dll
0x764b0000 - 0x764c9000 	C:\Windows\SYSTEM32\sechost.dll
0x74be0000 - 0x74c82000 	C:\Windows\system32\RPCRT4.dll
0x74ec0000 - 0x74f89000 	C:\Windows\system32\USER32.dll
0x752a0000 - 0x752ee000 	C:\Windows\system32\GDI32.dll
0x77770000 - 0x7777a000 	C:\Windows\system32\LPK.dll
0x76770000 - 0x7680d000 	C:\Windows\system32\USP10.dll
0x73710000 - 0x738ae000 	C:\Windows\WinSxS\x86_microsoft.windows.common-controls_6595b64144ccf1df_6.0.7601.18837_none_41e855142bd5705d\COMCTL32.dll
0x74c90000 - 0x74ce7000 	C:\Windows\system32\SHLWAPI.dll
0x74a10000 - 0x74a2f000 	C:\Windows\system32\IMM32.DLL
0x74f90000 - 0x7505c000 	C:\Windows\system32\MSCTF.dll
0x52cc0000 - 0x52d7f000 	C:\Program Files\Java\jdk1.8.0_92\jre\bin\msvcr100.dll
0x6c4b0000 - 0x6c87b000 	C:\Program Files\Java\jdk1.8.0_92\jre\bin\client\jvm.dll
0x71160000 - 0x71167000 	C:\Windows\system32\WSOCK32.dll
0x74a40000 - 0x74a75000 	C:\Windows\system32\WS2_32.dll
0x74a80000 - 0x74a86000 	C:\Windows\system32\NSI.dll
0x72ac0000 - 0x72af2000 	C:\Windows\system32\WINMM.dll
0x73b70000 - 0x73b79000 	C:\Windows\system32\VERSION.dll
0x74d70000 - 0x74d75000 	C:\Windows\system32\PSAPI.DLL
0x77190000 - 0x7719c000 	C:\Program Files\Java\jdk1.8.0_92\jre\bin\verify.dll
0x76b00000 - 0x76b21000 	C:\Program Files\Java\jdk1.8.0_92\jre\bin\java.dll
0x76b40000 - 0x76b53000 	C:\Program Files\Java\jdk1.8.0_92\jre\bin\zip.dll
0x752f0000 - 0x75f3b000 	C:\Windows\system32\SHELL32.dll
0x76580000 - 0x766dd000 	C:\Windows\system32\ole32.dll
0x746e0000 - 0x746eb000 	C:\Windows\system32\profapi.dll
0x6ce80000 - 0x6cfc5000 	C:\Program Files\Java\jdk1.8.0_92\jre\bin\awt.dll
0x76420000 - 0x764af000 	C:\Windows\system32\OLEAUT32.dll
0x73270000 - 0x73283000 	C:\Windows\system32\DWMAPI.DLL
0x736d0000 - 0x73710000 	C:\Windows\system32\uxtheme.dll
0x745b0000 - 0x745bc000 	C:\Windows\system32\CRYPTBASE.dll
0x6ae60000 - 0x6b023000 	C:\Windows\system32\d3d9.dll
0x6b3d0000 - 0x6b3d6000 	C:\Windows\system32\d3d8thk.dll
0x52de0000 - 0x5374e000 	C:\Windows\system32\nvd3dum.dll
0x72f30000 - 0x72f55000 	C:\Windows\system32\powrprof.dll
0x76150000 - 0x762ed000 	C:\Windows\system32\SETUPAPI.dll
0x748c0000 - 0x748e7000 	C:\Windows\system32\CFGMGR32.dll
0x74890000 - 0x748a2000 	C:\Windows\system32\DEVOBJ.dll
0x6f310000 - 0x6f349000 	C:\Program Files\Java\jdk1.8.0_92\jre\bin\fontmanager.dll
0x76ac0000 - 0x76ae0000 	C:\Program Files\Java\jdk1.8.0_92\jre\bin\sunec.dll
0x74110000 - 0x74127000 	C:\Windows\system32\CRYPTSP.dll
0x73e30000 - 0x73e6b000 	C:\Windows\system32\rsaenh.dll
0x74740000 - 0x74757000 	C:\Windows\system32\USERENV.dll
0x76ae0000 - 0x76af6000 	C:\Program Files\Java\jdk1.8.0_92\jre\bin\net.dll
0x740d0000 - 0x7410c000 	C:\Windows\system32\mswsock.dll
0x740c0000 - 0x740c6000 	C:\Windows\System32\wship6.dll
0x726f0000 - 0x7270c000 	C:\Windows\system32\IPHLPAPI.DLL
0x726e0000 - 0x726e7000 	C:\Windows\system32\WINNSI.DLL
0x72270000 - 0x72282000 	C:\Windows\system32\dhcpcsvc.DLL
0x72260000 - 0x7226d000 	C:\Windows\system32\dhcpcsvc6.DLL
0x771e0000 - 0x771ef000 	C:\Program Files\Java\jdk1.8.0_92\jre\bin\nio.dll
0x77180000 - 0x77189000 	C:\Program Files\Java\jdk1.8.0_92\jre\bin\sunmscapi.dll
0x74760000 - 0x74881000 	C:\Windows\system32\CRYPT32.dll
0x746f0000 - 0x746fc000 	C:\Windows\system32\MSASN1.dll
0x72890000 - 0x728a0000 	C:\Windows\system32\NLAapi.dll
0x6b3c0000 - 0x6b3d0000 	C:\Windows\system32\napinsp.dll
0x69de0000 - 0x69df2000 	C:\Windows\system32\pnrpnsp.dll
0x69dd0000 - 0x69ddd000 	C:\Windows\system32\wshbth.dll
0x73f10000 - 0x73f54000 	C:\Windows\system32\DNSAPI.dll
0x69dc0000 - 0x69dc8000 	C:\Windows\System32\winrnr.dll
0x71600000 - 0x71621000 	C:\Program Files\Bonjour\mdnsNSP.dll
0x73c00000 - 0x73c05000 	C:\Windows\System32\wshtcpip.dll
0x715f0000 - 0x715f6000 	C:\Windows\system32\rasadhlp.dll
0x72300000 - 0x72338000 	C:\Windows\System32\fwpuclnt.dll
0x76a70000 - 0x76a96000 	C:\Program Files\Java\jdk1.8.0_92\jre\bin\jpeg.dll
0x76a40000 - 0x76a70000 	C:\Program Files\Java\jdk1.8.0_92\jre\bin\lcms.dll
0x5f2b0000 - 0x5f2e2000 	C:\Program Files\Java\jdk1.8.0_92\jre\bin\t2k.dll
0x766e0000 - 0x76763000 	C:\Windows\system32\CLBCatQ.DLL
0x6cd90000 - 0x6cdb4000 	C:\Program Files\Java\jdk1.8.0_92\jre\bin\dcpr.dll
0x18f40000 - 0x18ff0000 	C:\Users\dzungcsu\AppData\Local\Temp\sqlite-3.8.11.2-3fb53cf7-18d4-4015-82fe-b05346539529-sqlitejdbc.dll
0x73100000 - 0x73231000 	C:\Windows\system32\WindowsCodecs.dll
0x74620000 - 0x7466c000 	C:\Windows\system32\apphelp.dll
0x5ec00000 - 0x5ec8f000 	C:\Program Files\Google\Drive\googledrivesync32.dll
0x6bcd0000 - 0x6bd5e000 	C:\Windows\WinSxS\x86_microsoft.vc90.crt_1fc8b3b9a1e18e3b_9.0.30729.6161_none_50934f2ebcb7eb57\MSVCP90.dll
0x6bc20000 - 0x6bcc3000 	C:\Windows\WinSxS\x86_microsoft.vc90.crt_1fc8b3b9a1e18e3b_9.0.30729.6161_none_50934f2ebcb7eb57\MSVCR90.dll
0x6b6b0000 - 0x6b6e5000 	C:\Users\dzungcsu\AppData\Roaming\Dropbox\bin\DropboxExt.34.dll
0x6df80000 - 0x6e004000 	C:\Windows\WinSxS\x86_microsoft.windows.common-controls_6595b64144ccf1df_5.82.7601.18837_none_ec86b8d6858ec0bc\comctl32.dll
0x73290000 - 0x73385000 	C:\Windows\system32\propsys.dll
0x73420000 - 0x73441000 	C:\Windows\system32\ntmarta.dll
0x762f0000 - 0x76335000 	C:\Windows\system32\WLDAP32.dll
0x59cd0000 - 0x59e68000 	C:\Windows\system32\NetworkExplorer.dll
0x5c0d0000 - 0x5c0ff000 	C:\Windows\System32\shdocvw.dll
0x72820000 - 0x7282a000 	C:\Windows\system32\slc.dll
0x6be80000 - 0x6be92000 	C:\Windows\system32\MPR.dll
0x5f200000 - 0x5f208000 	C:\Windows\System32\drprov.dll
0x73d40000 - 0x73d69000 	C:\Windows\System32\WINSTA.dll
0x5a060000 - 0x5a074000 	C:\Windows\System32\ntlanman.dll
0x5a000000 - 0x5a017000 	C:\Windows\System32\davclnt.dll
0x5f700000 - 0x5f708000 	C:\Windows\System32\DAVHLPR.dll
0x72d20000 - 0x72d2f000 	C:\Windows\system32\wkscli.dll
0x6ba00000 - 0x6ba0b000 	C:\Windows\system32\cscapi.dll
0x74230000 - 0x74239000 	C:\Windows\system32\netutils.dll
0x28800000 - 0x28a38000 	C:\Windows\system32\wpdshext.dll
0x73540000 - 0x736d0000 	C:\Windows\WinSxS\x86_microsoft.windows.gdiplus_6595b64144ccf1df_1.1.7601.23407_none_5c02a2f5a011f9be\gdiplus.dll
0x65240000 - 0x652c9000 	C:\Windows\system32\PortableDeviceApi.dll
0x74980000 - 0x749af000 	C:\Windows\system32\WINTRUST.dll
0x647b0000 - 0x647db000 	C:\Windows\system32\PortableDeviceTypes.dll
0x64550000 - 0x6458f000 	C:\Windows\system32\audiodev.dll
0x642b0000 - 0x64517000 	C:\Windows\system32\WMVCore.DLL
0x64b70000 - 0x64bad000 	C:\Windows\system32\WMASF.DLL
0x5e670000 - 0x5e6a1000 	C:\Windows\system32\EhStorShell.dll
0x71950000 - 0x71972000 	C:\Windows\system32\EhStorAPI.dll
0x5f800000 - 0x5f809000 	C:\Windows\system32\LINKINFO.dll
0x6a580000 - 0x6a66b000 	C:\Windows\system32\dbghelp.dll

VM Arguments:
jvm_args: -Djava.library.path=C:\Program Files\IBM\ILOG\CPLEX_Studio126\cplex\bin\x86_win32 -Dfile.encoding=Cp1252 
java_command: spectrumGUI.Spectrum_Main
java_class_path (initial): C:\SpectrumLite\bin;C:\SpectrumLite_Documents\Setup\sqlite-jdbc-3.8.11.2.jar;C:\Program Files\IBM\ILOG\CPLEX_Studio126\cplex\lib\cplex.jar
Launcher Type: SUN_STANDARD

Environment Variables:
PATH=C:/Program Files/Java/jdk1.8.0_92/jre/bin/server;C:/Program Files/Java/jdk1.8.0_92/jre/bin;C:/Program Files/Java/jdk1.8.0_92/jre/lib/i386;C:\ProgramData\Oracle\Java\javapath;C:\Program Files\IBM\ILOG\CPLEX_Studio126\opl\bin\x86_win32;C:\Program Files\IBM\ILOG\CPLEX_Studio126\opl\oplide\;C:\Program Files\IBM\ILOG\CPLEX_Studio126\cplex\bin\x86_win32;C:\Program Files\IBM\ILOG\CPLEX_Studio126\cpoptimizer\bin\x86_win32;C:\Windows\SYSTEM32;C:\Windows;C:\Windows\SYSTEM32\WBEM;C:\Windows\SYSTEM32\WINDOWSPOWERSHELL\V1.0\;C:\PROGRAM FILES\MICROSOFT SQL SERVER\100\TOOLS\BINN\;C:\PROGRAM FILES\MICROSOFT SQL SERVER\100\DTS\BINN\;C:\PROGRA~1\FARSTONE\VIRTUA~1\;C:\WINDOWS;C:\WINDOWS\SYSTEM32\WBEM;C:\WINDOWS\SYSTEM32;C:\PROGRAM FILES\FARSTONE\VIRTUALDRIVE\VDP;C:\PROGRA~1\FARSTONE\VIRTUA~1\DVDCRE~1;c:\Program Files\Microsoft SQL Server\100\Tools\Binn\VSShell\Common7\IDE\;C:\Program Files\IBM\ILOGNEW\CPLEX_Studio_Preview125\opl\bin\x86_win32;C:\Program Files\IBM\ILOGNEW\CPLEX_Studio_Preview125\opl\oplide\;C:\Program Files\IBM\ILOGNEW\CPLEX_Studio_Preview125\cplex\bin\x86_win32;C:\Program Files\IBM\ILOGNEW\CPLEX_Studio_Preview125\cpoptimizer\bin\x86_win32?;C:\Program Files\Skype\Phone\;C:\Program Files\Java\jdk1.8.0_92\bin;C:\Users\dzungcsu\Desktop;
USERNAME=dzungcsu
OS=Windows_NT
PROCESSOR_IDENTIFIER=x86 Family 6 Model 23 Stepping 10, GenuineIntel



---------------  S Y S T E M  ---------------

OS: Windows 7 Build 7601 (6.1.7601.23392)

CPU:total 2 (2 cores per cpu, 1 threads per core) family 6 model 23 stepping 10, cmov, cx8, fxsr, mmx, sse, sse2, sse3, ssse3, sse4.1, tsc

Memory: 4k page, physical 2873956k(733020k free), swap 5747912k(1825776k free)

vm_info: Java HotSpot(TM) Client VM (25.92-b14) for windows-x86 JRE (1.8.0_92-b14), built on Mar 31 2016 21:09:21 by "java_re" with MS VC++ 10.0 (VS2010)

time: Mon Jun 27 12:35:44 2016
elapsed time: 31 seconds (0d 0h 0m 31s)

